[Sun Dec 04 04:47:44 2005] [notice] workerEnv.init() ok /etc/httpd/conf/workers2.properties
[Sun Dec 04 04:51:09 2005] [notice] jk2_init() Found child 6726 in scoreboard slot 8
[Sun Dec 04 04:51:09 2005] [notice] jk2_init() Found child 6728 in scoreboard slot 6
[Sun Dec 04 04:51:14 2005] [notice] workerEnv.init() ok /etc/httpd/conf/workers2.properties
[Sun Dec 04 04:51:55 2005] [error] mod_jk child workerEnv in error state 6
[Sun Dec 04 04:52:04 2005] [notice] jk2_init() Found child 6741 in scoreboard slot 9
[Sun Dec 04 04:52:36 2005] [notice] jk2_init() Found child 6745 in scoreboard slot 8
[Sun Dec 04 04:52:49 2005] [notice] workerEnv.init() ok /etc/httpd/conf/workers2.properties
[Sun Dec 04 04:53:15 2005] [notice] workerEnv.init() ok /etc/httpd/conf/workers2.properties
[Sun Dec 04 04:53:51 2005] [notice] workerEnv.init() ok /etc/httpd/conf/workers2.properties
[Sun Dec 04 04:54:18 2005] [error] mod_jk child workerEnv in error state 7
[Sun Dec 04 04:56:57 2005] [notice] workerEnv.init() ok /etc/httpd/conf/workers2.properties
[Sun Dec 04 04:57:49 2005] [notice] jk2_init() Found child 8541 in scoreboard slot 9
[Sun Dec 04 04:58:57 2005] [notice] workerEnv.init() ok /etc/httpd/conf/workers2.properties
[Sun Dec 04 04:59:28 2005] [notice] jk2_init() Found child 8554 in scoreboard slot 6
[Sun Dec 04 04:59:38 2005] [error] mod_jk child workerEnv in error state 6
[Sun Dec 04 04:59:38 2005] [error] mod_jk child workerEnv in error state 6
[Sun Dec 04 05:00:09 2005] [notice] workerEnv.init() ok /etc/httpd/conf/workers2.properties
[Sun Dec 04 05:00:15 2005] [error] mod_jk child workerEnv in error state 6
[Sun Dec 04 05:01:20 2005] [notice] jk2_init() Found child 8587 in scoreboard slot 9
[Sun Dec 04 05:04:03 2005] [notice] jk2_init() Found child 8764 in scoreboard slot 10
[Sun Dec 04 05:04:03 2005] [notice] jk2_init() Found child 8743 in scoreboard slot 7
[Sun Dec 04 05:12:28 2005] [error] mod_jk child workerEnv in error state 6
[Sun Dec 04 05:12:30 2005] [error] mod_jk child workerEnv in error state 6
[Sun Dec 04 05:15:16 2005] [error] mod_jk child workerEnv in error state 6
[Sun Dec 04 06:02:05 2005] [notice] jk2_init() Found child 32359 in scoreboard slot 9
[Sun Dec 04 06:06:11 2005] [notice] workerEnv.init() ok /etc/httpd/conf/workers2.properties
[Sun Dec 04 06:06:24 2005] [notice] jk2_init() Found child 32391 in scoreboard slot 10
[Sun Dec 04 06:06:24 2005] [notice] jk2_init() Found child 32390 in scoreboard slot 8
[Sun Dec 04 06:06:26 2005] [notice] workerEnv.init() ok /etc/httpd/conf/workers2.properties
[Sun Dec 04 06:06:26 2005] [error] mod_jk child workerEnv in error state 6
[Sun Dec 04 06:06:26 2005] [error] mod_jk child workerEnv in error state 6
[Sun Dec 04 06:12:31 2005] [notice] jk2_init() Found child 32423 in scoreboard slot 9
[Sun Dec 04 06:12:40 2005] [error] mod_jk child workerEnv in error state 6
[Sun Dec 04 06:16:21 2005] [notice] workerEnv.init() ok /etc/httpd/conf/workers2.properties
[Sun Dec 04 06:16:23 2005] [error] mod_jk child workerEnv in error state 7
[Sun Dec 04 06:16:21 2005] [notice] workerEnv.init() ok /etc/httpd/conf/workers2.properties
[Sun Dec 04 06:17:06 2005] [notice] jk2_init() Found child 32438 in scoreboard slot 8
[Sun Dec 04 06:17:35 2005] [error] mod_jk child workerEnv in error state 6
[Sun Dec 04 06:18:39 2005] [notice] jk2_init() Found child 32446 in scoreboard slot 6
[Sun Dec 04 06:18:53 2005] [notice] workerEnv.init() ok /etc/httpd/conf/workers2.properties
[Sun Dec 04 06:19:19 2005] [notice] jk2_init() Found child 32450 in scoreboard slot 10
[Sun Dec 04 06:20:30 2005] [notice] jk2_init() Found child 32467 in scoreboard slot 9
[Sun Dec 04 06:22:18 2005] [notice] jk2_init() Found child 32475 in scoreboard slot 8
[Sun Dec 04 06:22:48 2005] [notice] jk2_init() Found child 32477 in scoreboard slot 10
[Sun Dec 04 06:22:53 2005] [notice] workerEnv.init() ok /etc/httpd/conf/workers2.properties
[Sun Dec 04 06:22:53 2005] [notice] workerEnv.init() ok /etc/httpd/conf/workers2.properties
[Sun Dec 04 06:22:55 2005] [error] mod_jk child workerEnv in error state 6
[Sun Dec 04 06:23:15 2005] [error] mod_jk child workerEnv in error state 6
[Sun Dec 04 06:41:07 2005] [error] mod_jk child workerEnv in error state 6
[Sun Dec 04 06:41:46 2005] [error] mod_jk child workerEnv in error state 6
[Sun Dec 04 06:42:11 2005] [notice] jk2_init() Found child 32552 in scoreboard slot 7
[Sun Dec 04 06:42:53 2005] [notice] workerEnv.init() ok /etc/httpd/conf/workers2.properties
[Sun Dec 04 06:42:58 2005] [error] mod_jk child workerEnv in error state 6
[Sun Dec 04 06:43:20 2005] [notice] jk2_init() Found child 32557 in scoreboard slot 7
[Sun Dec 04 06:43:40 2005] [error] mod_jk child workerEnv in error state 6
[Sun Dec 04 06:45:32 2005] [notice] jk2_init() Found child 32576 in scoreboard slot 7
[Sun Dec 04 06:45:50 2005] [notice] workerEnv.init() ok /etc/httpd/conf/workers2.properties
[Sun Dec 04 06:45:57 2005] [error] mod_jk child workerEnv in error state 7
[Sun Dec 04 06:47:39 2005] [notice] workerEnv.init() ok /etc/httpd/conf/workers2.properties
[Sun Dec 04 06:48:09 2005] [notice] jk2_init() Found child 32592 in scoreboard slot 10
[Sun Dec 04 06:49:06 2005] [notice] jk2_init() Found child 32601 in scoreboard slot 7
[Sun Dec 04 06:51:23 2005] [error] mod_jk child workerEnv in error state 6
[Sun Dec 04 06:51:25 2005] [notice] jk2_init() Found child 32626 in scoreboard slot 6
[Sun Dec 04 06:52:07 2005] [notice] jk2_init() Found child 32627 in scoreboard slot 9
[Sun Dec 04 06:53:04 2005] [notice] jk2_init() Found child 32633 in scoreboard slot 9
[Sun Dec 04 06:53:04 2005] [notice] jk2_init() Found child 32634 in scoreboard slot 11
[Sun Dec 04 06:54:04 2005] [notice] jk2_init() Found child 32640 in scoreboard slot 8
[Sun Dec 04 06:55:00 2005] [notice] jk2_init() Found child 32650 in scoreboard slot 8
[Sun Dec 04 06:55:19 2005] [notice] workerEnv.init() ok /etc/httpd/conf/workers2.properties
[Sun Dec 04 06:55:23 2005] [error] mod_jk child workerEnv in error state 6
[Sun Dec 04 06:57:19 2005] [notice] jk2_init() Found child 32667 in scoreboard slot 9
[Sun Dec 04 06:57:23 2005] [notice] workerEnv.init() ok /etc/httpd/conf/workers2.properties
[Sun Dec 04 06:57:23 2005] [error] mod_jk child workerEnv in error state 6
[Sun Dec 04 06:57:24 2005] [error] mod_jk child workerEnv in error state 9
[Sun Dec 04 06:58:13 2005] [notice] jk2_init() Found child 32672 in scoreboard slot 9
[Sun Dec 04 06:58:28 2005] [notice] workerEnv.init() ok /etc/httpd/conf/workers2.properties
[Sun Dec 04 07:02:01 2005] [notice] workerEnv.init() ok /etc/httpd/conf/workers2.properties
[Sun Dec 04 07:02:03 2005] [error] mod_jk child workerEnv in error state 9
[Sun Dec 04 07:11:04 2005] [notice] jk2_init() Found child 310 in scoreboard slot 6
[Sun Dec 04 07:11:13 2005] [notice] workerEnv.init() ok /etc/httpd/conf/workers2.properties
[Sun Dec 04 07:11:22 2005] [error] mod_jk child workerEnv in error state 6
[Sun Dec 04 07:12:05 2005] [notice] workerEnv.init() ok /etc/httpd/conf/workers2.properties
[Sun Dec 04 07:14:08 2005] [notice] jk2_init() Found child 318 in scoreboard slot 8
[Sun Dec 04 07:14:47 2005] [notice] jk2_init() Found child 321 in scoreboard slot 9
[Sun Dec 04 07:17:56 2005] [notice] jk2_init() Found child 348 in scoreboard slot 7
[Sun Dec 04 07:18:00 2005] [error] mod_jk child workerEnv in error state 7
[Sun Dec 04 07:18:00 2005] [notice] workerEnv.init() ok /etc/httpd/conf/workers2.properties
[Sun Dec 04 07:18:00 2005] [notice] workerEnv.init() ok /etc/httpd/conf/workers2.properties
[Sun Dec 04 15:18:36 2005] [error] [client 67.154.58.130] Directory index forbidden by rule: /var/www/html/
[Sun Dec 04 16:24:05 2005] [error] [client 58.225.62.140] Directory index forbidden by rule: /var/www/html/
[Sun Dec 04 16:24:06 2005] [notice] workerEnv.init() ok /etc/httpd/conf/workers2.properties
[Sun Dec 04 16:32:37 2005] [notice] jk2_init() Found child 1253 in scoreboard slot 9
[Sun Dec 04 16:32:58 2005] [notice] jk2_init() Found child 1256 in scoreboard slot 6
[Sun Dec 04 16:41:16 2005] [notice] jk2_init() Found child 1276 in scoreboard slot 9
[Sun Dec 04 16:41:22 2005] [notice] workerEnv.init() ok /etc/httpd/conf/workers2.properties
[Sun Dec 04 16:41:22 2005] [error] mod_jk child workerEnv in error state 6
[Sun Dec 04 16:47:59 2005] [notice] jk2_init() Found child 1300 in scoreboard slot 10
[Sun Dec 04 16:48:01 2005] [error] mod_jk child workerEnv in error state 8
[Sun Dec 04 16:48:01 2005] [error] mod_jk child workerEnv in error state 6
[Sun Dec 04 16:50:53 2005] [notice] jk2_init() Found child 1308 in scoreboard slot 6
[Sun Dec 04 16:51:26 2005] [notice] jk2_init() Found child 1312 in scoreboard slot 10
[Sun Dec 04 16:56:25 2005] [notice] jk2_init() Found child 1336 in scoreboard slot 10
[Sun Dec 04 16:56:27 2005] [notice] workerEnv.init() ok /etc/httpd/conf/workers2.properties
[Sun Dec 04 17:01:43 2005] [notice] jk2_init() Found child 1354 in scoreboard slot 9
[Sun Dec 04 17:01:43 2005] [notice] jk2_init() Found child 1355 in scoreboard slot 10
[Sun Dec 04 17:01:47 2005] [error] mod_jk child workerEnv in error state 6
[Sun Dec 04 17:01:47 2005] [notice] workerEnv.init() ok /etc/httpd/conf/workers2.properties
[Sun Dec 04 17:01:47 2005] [error] mod_jk child workerEnv in error state 6
[Sun Dec 04 17:01:47 2005] [notice] workerEnv.init() ok /etc/httpd/conf/workers2.properties
[Sun Dec 04 17:01:47 2005] [error] mod_jk child workerEnv in error state 6
[Sun Dec 04 17:05:48 2005] [error] mod_jk child workerEnv in error state 6
[Sun Dec 04 17:12:50 2005] [notice] jk2_init() Found child 1396 in scoreboard slot 6
[Sun Dec 04 17:12:57 2005] [notice] workerEnv.init() ok /etc/httpd/conf/workers2.properties
[Sun Dec 04 17:20:44 2005] [notice] workerEnv.init() ok /etc/httpd/conf/workers2.properties
[Sun Dec 04 17:20:44 2005] [notice] workerEnv.init() ok /etc/httpd/conf/workers2.properties
[Sun Dec 04 17:20:46 2005] [error] mod_jk child workerEnv in error state 6
[Sun Dec 04 17:20:46 2005] [error] mod_jk child workerEnv in error state 7
[Sun Dec 04 17:31:00 2005] [notice] jk2_init() Found child 1501 in scoreboard slot 7
[Sun Dec 04 17:31:00 2005] [notice] jk2_init() Found child 1502 in scoreboard slot 6
[Sun Dec 04 17:31:00 2005] [notice] jk2_init() Found child 1499 in scoreboard slot 11
[Sun Dec 04 17:31:12 2005] [error] mod_jk child workerEnv in error state 9
[Sun Dec 04 17:34:52 2005] [notice] jk2_init() Found child 1507 in scoreboard slot 10
[Sun Dec 04 17:36:14 2005] [notice] jk2_init() Found child 1513 in scoreboard slot 6
[Sun Dec 04 17:37:08 2005] [notice] jk2_init() Found child 1517 in scoreboard slot 7
[Sun Dec 04 17:43:08 2005] [error] jk2_init() Can't find child 1567 in scoreboard
[Sun Dec 04 17:43:12 2005] [notice] workerEnv.init() ok /etc/httpd/conf/workers2.properties
[Sun Dec 04 19:25:51 2005] [notice] jk2_init() Found child 1763 in scoreboard slot 6
[Sun Dec 04 19:25:53 2005] [error] mod_jk child workerEnv in error state 6
[Sun Dec 04 19:32:33 2005] [error] mod_jk child workerEnv in error state 6
[Sun Dec 04 19:32:34 2005] [notice] jk2_init() Found child 1789 in scoreboard slot 7
[Sun Dec 04 19:35:58 2005] [notice] jk2_init() Found child 1797 in scoreboard slot 9
[Sun Dec 04 19:35:58 2005] [notice] jk2_init() Found child 1798 in scoreboard slot 6
[Sun Dec 04 19:35:58 2005] [notice] jk2_init() Found child 1800 in scoreboard slot 10
[Sun Dec 04 19:41:21 2005] [notice] workerEnv.init() ok /etc/httpd/conf/workers2.properties
[Sun Dec 04 19:41:21 2005] [error] mod_jk child workerEnv in error state 6
[Sun Dec 04 19:46:04 2005] [notice] jk2_init() Found child 1821 in scoreboard slot 6
[Sun Dec 04 19:46:13 2005] [error] mod_jk child workerEnv in error state 6
[Sun Dec 04 19:46:16 2005] [notice] jk2_init() Found child 1823 in scoreboard slot 8
[Sun Dec 04 19:50:55 2005] [error] mod_jk child workerEnv in error state 6
[Sun Dec 04 19:51:52 2005] [notice] jk2_init() Found child 1837 in scoreboard slot 7
[Sun Dec 04 19:56:51 2005] [notice] jk2_init() Found child 1850 in scoreboard slot 8
[Sun Dec 04 19:56:53 2005] [error] mod_jk child workerEnv in error state 6
[Sun Dec 04 20:05:59 2005] [notice] workerEnv.init() ok /etc/httpd/conf/workers2.properties
[Sun Dec 04 20:05:59 2005] [notice] workerEnv.init() ok /etc/httpd/conf/workers2.properties
[Sun Dec 04 20:05:59 2005] [error] mod_jk child workerEnv in error state 6
[Sun Dec 04 20:11:09 2005] [notice] jk2_init() Found child 1899 in scoreboard slot 7
[Sun Dec 04 20:11:14 2005] [notice] workerEnv.init() ok /etc/httpd/conf/workers2.properties
[Sun Dec 04 20:11:14 2005] [error] mod_jk child workerEnv in error state 6
[Sun Dec 04 20:16:15 2005] [error] mod_jk child workerEnv in error state 6
[Sun Dec 04 20:16:15 2005] [error] mod_jk child workerEnv in error state 6
[Sun Dec 04 20:23:12 2005] [notice] jk2_init() Found child 1938 in scoreboard slot 9
[Sun Dec 04 20:26:53 2005] [notice] workerEnv.init() ok /etc/httpd/conf/workers2.properties
[Sun Dec 04 20:27:43 2005] [notice] jk2_init() Found child 1961 in scoreboard slot 8
[Sun Dec 04 20:28:39 2005] [notice] jk2_init() Found child 1967 in scoreboard slot 9
[Sun Dec 04 20:29:34 2005] [notice] jk2_init() Found child 1970 in scoreboard slot 6
[Sun Dec 04 20:32:37 2005] [notice] jk2_init() Found child 2000 in scoreboard slot 7
[Sun Dec 04 20:32:37 2005] [notice] jk2_init() Found child 1998 in scoreboard slot 9
[Sun Dec 04 20:34:13 2005] [notice] workerEnv.init() ok /etc/httpd/conf/workers2.properties
[Sun Dec 04 20:34:20 2005] [notice] jk2_init() Found child 2007 in scoreboard slot 8
[Sun Dec 04 20:34:20 2005] [notice] jk2_init() Found child 2006 in scoreboard slot 9
[Sun Dec 04 20:37:46 2005] [notice] workerEnv.init() ok /etc/httpd/conf/workers2.properties
[Sun Dec 04 20:38:14 2005] [notice] workerEnv.init() ok /etc/httpd/conf/workers2.properties
[Sun Dec 04 20:38:14 2005] [notice] workerEnv.init() ok /etc/httpd/conf/workers2.properties
[Mon Dec 05 03:25:46 2005] [error] mod_jk child workerEnv in error state 6
[Mon Dec 05 03:36:51 2005] [notice] jk2_init() Found child 2811 in scoreboard slot 9
[Mon Dec 05 03:36:57 2005] [error] mod_jk child workerEnv in error state 6
[Mon Dec 05 03:40:55 2005] [notice] workerEnv.init() ok /etc/httpd/conf/workers2.properties
[Mon Dec 05 03:44:50 2005] [notice] workerEnv.init() ok /etc/httpd/conf/workers2.properties
[Mon Dec 05 03:46:38 2005] [notice] jk2_init() Found child 2838 in scoreboard slot 10
[Mon Dec 05 03:47:54 2005] [error] mod_jk child workerEnv in error state 6
[Mon Dec 05 03:56:12 2005] [notice] jk2_init() Found child 2866 in scoreboard slot 7
[Mon Dec 05 03:56:15 2005] [error] mod_jk child workerEnv in error state 6
[Mon Dec 05 03:56:15 2005] [error] mod_jk child workerEnv in error state 6
[Mon Dec 05 04:06:19 2005] [notice] jk2_init() Found child 3667 in scoreboard slot 7
[Mon Dec 05 04:06:43 2005] [notice] workerEnv.init() ok /etc/httpd/conf/workers2.properties
[Mon Dec 05 04:07:48 2005] [notice] jk2_init() Found child 3675 in scoreboard slot 9
[Mon Dec 05 04:07:48 2005] [notice] jk2_init() Found child 3674 in scoreboard slot 8
[Mon Dec 05 04:10:47 2005] [notice] jk2_init() Found child 3698 in scoreboard slot 9
[Mon Dec 05 04:13:54 2005] [notice] jk2_init() Found child 3755 in scoreboard slot 13
[Mon Dec 05 04:13:54 2005] [notice] jk2_init() Found child 3753 in scoreboard slot 10
[Mon Dec 05 05:12:32 2005] [notice] jk2_init() Found child 4615 in scoreboard slot 9
[Mon Dec 05 05:12:56 2005] [notice] jk2_init() Found child 4618 in scoreboard slot 8
[Mon Dec 05 05:15:29 2005] [notice] jk2_init() Found child 4634 in scoreboard slot 6
[Mon Dec 05 05:15:33 2005] [notice] workerEnv.init() ok /etc/httpd/conf/workers2.properties
[Mon Dec 05 05:15:33 2005] [notice] workerEnv.init() ok /etc/httpd/conf/workers2.properties
[Mon Dec 05 07:16:00 2005] [notice] jk2_init() Found child 4893 in scoreboard slot 7
[Mon Dec 05 07:16:03 2005] [notice] workerEnv.init() ok /etc/httpd/conf/workers2.properties
[Mon Dec 05 07:25:59 2005] [notice] workerEnv.init() ok /etc/httpd/conf/workers2.properties
[Mon Dec 05 07:32:03 2005] [notice] jk2_init() Found child 4936 in scoreboard slot 6
[Mon Dec 05 07:32:03 2005] [notice] jk2_init() Found child 4937 in scoreboard slot 7
[Mon Dec 05 07:32:06 2005] [error] mod_jk child workerEnv in error state 6
[Mon Dec 05 07:32:06 2005] [error] mod_jk child workerEnv in error state 6
[Mon Dec 05 07:41:50 2005] [notice] jk2_init() Found child 4976 in scoreboard slot 7
[Mon Dec 05 07:43:07 2005] [notice] jk2_init() Found child 4984 in scoreboard slot 7
[Mon Dec 05 07:43:15 2005] [notice] workerEnv.init() ok /etc/httpd/conf/workers2.properties
[Mon Dec 05 07:46:01 2005] [notice] jk2_init() Found child 4991 in scoreboard slot 6
[Mon Dec 05 07:46:46 2005] [notice] jk2_init() Found child 4996 in scoreboard slot 7
[Mon Dec 05 07:47:36 2005] [notice] workerEnv.init() ok /etc/httpd/conf/workers2.properties
[Mon Dec 05 07:47:40 2005] [error] mod_jk child workerEnv in error state 7
[Mon Dec 05 07:48:55 2005] [error] mod_jk child workerEnv in error state 6
[Mon Dec 05 07:48:56 2005] [notice] jk2_init() Found child 5008 in scoreboard slot 7
[Mon Dec 05 07:48:56 2005] [notice] workerEnv.init() ok /etc/httpd/conf/workers2.properties
[Mon Dec 05 07:48:56 2005] [error] mod_jk child workerEnv in error state 7
[Mon Dec 05 07:51:39 2005] [notice] jk2_init() Found child 5019 in scoreboard slot 7
[Mon Dec 05 07:51:56 2005] [notice] workerEnv.init() ok /etc/httpd/conf/workers2.properties
[Mon Dec 05 07:53:01 2005] [error] mod_jk child workerEnv in error state 7
[Mon Dec 05 07:54:02 2005] [notice] jk2_init() Found child 5030 in scoreboard slot 6
[Mon Dec 05 07:55:08 2005] [error] mod_jk child workerEnv in error state 8
[Mon Dec 05 07:55:08 2005] [error] mod_jk child workerEnv in error state 7
[Mon Dec 05 07:57:02 2005] [error] mod_jk child workerEnv in error state 6
[Mon Dec 05 10:16:52 2005] [notice] jk2_init() Found child 5347 in scoreboard slot 6
[Mon Dec 05 10:17:49 2005] [notice] jk2_init() Found child 5352 in scoreboard slot 7
[Mon Dec 05 10:17:51 2005] [notice] workerEnv.init() ok /etc/httpd/conf/workers2.properties
[Mon Dec 05 10:17:51 2005] [error] mod_jk child workerEnv in error state 6
[Mon Dec 05 10:17:51 2005] [error] mod_jk child workerEnv in error state 7
[Mon Dec 05 10:21:05 2005] [notice] jk2_init() Found child 5365 in scoreboard slot 8
[Mon Dec 05 10:26:25 2005] [notice] jk2_init() Found child 5386 in scoreboard slot 9
[Mon Dec 05 10:26:31 2005] [error] mod_jk child workerEnv in error state 6
[Mon Dec 05 10:33:44 2005] [notice] workerEnv.init() ok /etc/httpd/conf/workers2.properties
[Mon Dec 05 10:33:44 2005] [notice] workerEnv.init() ok /etc/httpd/conf/workers2.properties
[Mon Dec 05 10:36:10 2005] [notice] jk2_init() Found child 5426 in scoreboard slot 6
[Mon Dec 05 10:36:10 2005] [notice] jk2_init() Found child 5425 in scoreboard slot 9
[Mon Dec 05 10:38:04 2005] [error] mod_jk child workerEnv in error state 7
[Mon Dec 05 10:41:14 2005] [notice] jk2_init() Found child 5469 in scoreboard slot 8
[Mon Dec 05 10:43:19 2005] [notice] jk2_init() Found child 5480 in scoreboard slot 7
[Mon Dec 05 10:43:39 2005] [error] mod_jk child workerEnv in error state 8
[Mon Dec 05 10:43:41 2005] [error] mod_jk child workerEnv in error state 7
[Mon Dec 05 10:43:51 2005] [error] mod_jk child workerEnv in error state 7
[Mon Dec 05 10:43:51 2005] [error] mod_jk child workerEnv in error state 8
[Mon Dec 05 10:47:45 2005] [error] mod_jk child workerEnv in error state 7
[Mon Dec 05 10:48:48 2005] [error] [client 67.166.248.235] Directory index forbidden by rule: /var/www/html/
[Mon Dec 05 10:51:33 2005] [notice] workerEnv.init() ok /etc/httpd/conf/workers2.properties
[Mon Dec 05 10:53:42 2005] [notice] jk2_init() Found child 5527 in scoreboard slot 7
[Mon Dec 05 10:59:25 2005] [notice] jk2_init() Found child 5566 in scoreboard slot 10
[Mon Dec 05 11:06:51 2005] [notice] jk2_init() Found child 5617 in scoreboard slot 7
[Mon Dec 05 11:06:51 2005] [notice] workerEnv.init() ok /etc/httpd/conf/workers2.properties
[Mon Dec 05 11:06:51 2005] [error] mod_jk child workerEnv in error state 6
[Mon Dec 05 11:06:52 2005] [error] jk2_init() Can't find child 5619 in scoreboard
[Mon Dec 05 11:06:52 2005] [error] mod_jk child init 1 -2
[Mon Dec 05 11:06:52 2005] [notice] workerEnv.init() ok /etc/httpd/conf/workers2.properties
[Mon Dec 05 12:36:39 2005] [notice] workerEnv.init() ok /etc/httpd/conf/workers2.properties
[Mon Dec 05 13:00:33 2005] [notice] jk2_init() Found child 5825 in scoreboard slot 9
[Mon Dec 05 13:10:59 2005] [notice] workerEnv.init() ok /etc/httpd/conf/workers2.properties
[Mon Dec 05 13:16:27 2005] [notice] jk2_init() Found child 5875 in scoreboard slot 7
[Mon Dec 05 13:22:48 2005] [error] mod_jk child workerEnv in error state 7
[Mon Dec 05 13:22:48 2005] [notice] workerEnv.init() ok /etc/httpd/conf/workers2.properties
[Mon Dec 05 13:27:15 2005] [notice] jk2_init() Found child 5917 in scoreboard slot 8
[Mon Dec 05 13:28:17 2005] [error] mod_jk child workerEnv in error state 8
[Mon Dec 05 13:28:17 2005] [notice] workerEnv.init() ok /etc/httpd/conf/workers2.properties
[Mon Dec 05 13:31:19 2005] [notice] jk2_init() Found child 5935 in scoreboard slot 9
[Mon Dec 05 13:32:10 2005] [error] mod_jk child workerEnv in error state 7
[Mon Dec 05 13:32:30 2005] [notice] workerEnv.init() ok /etc/httpd/conf/workers2.properties
[Mon Dec 05 13:32:30 2005] [error] mod_jk child workerEnv in error state 6
[Mon Dec 05 13:37:47 2005] [notice] jk2_init() Found child 5961 in scoreboard slot 6
[Mon Dec 05 13:39:13 2005] [error] mod_jk child workerEnv in error state 8
[Mon Dec 05 13:41:11 2005] [notice] jk2_init() Found child 5981 in scoreboard slot 9
[Mon Dec 05 13:41:12 2005] [notice] jk2_init() Found child 5982 in scoreboard slot 6
[Mon Dec 05 13:43:43 2005] [notice] workerEnv.init() ok /etc/httpd/conf/workers2.properties
[Mon Dec 05 13:44:18 2005] [notice] jk2_init() Found child 5995 in scoreboard slot 7
[Mon Dec 05 13:45:08 2005] [error] mod_jk child workerEnv in error state 6
[Mon Dec 05 13:46:50 2005] [notice] workerEnv.init() ok /etc/httpd/conf/workers2.properties
[Mon Dec 05 13:47:11 2005] [notice] workerEnv.init() ok /etc/httpd/conf/workers2.properties
[Mon Dec 05 13:52:33 2005] [notice] workerEnv.init() ok /etc/httpd/conf/workers2.properties
[Mon Dec 05 13:53:00 2005] [notice] jk2_init() Found child 6039 in scoreboard slot 10
[Mon Dec 05 13:53:34 2005] [notice] jk2_init() Found child 6044 in scoreboard slot 8
[Mon Dec 05 13:53:35 2005] [notice] workerEnv.init() ok /etc/httpd/conf/workers2.properties
[Mon Dec 05 13:53:35 2005] [error] mod_jk child workerEnv in error state 6
[Mon Dec 05 13:57:07 2005] [notice] jk2_init() Found child 6055 in scoreboard slot 8
[Mon Dec 05 14:01:48 2005] [notice] workerEnv.init() ok /etc/httpd/conf/workers2.properties
[Mon Dec 05 14:01:48 2005] [notice] workerEnv.init() ok /etc/httpd/conf/workers2.properties
[Mon Dec 05 15:40:59 2005] [notice] jk2_init() Found child 6276 in scoreboard slot 6
[Mon Dec 05 15:41:32 2005] [notice] jk2_init() Found child 6280 in scoreboard slot 7
[Mon Dec 05 15:41:32 2005] [error] mod_jk child workerEnv in error state 7
[Mon Dec 05 15:41:32 2005] [error] mod_jk child workerEnv in error state 6
[Mon Dec 05 15:41:32 2005] [notice] workerEnv.init() ok /etc/httpd/conf/workers2.properties
[Mon Dec 05 15:55:32 2005] [error] mod_jk child workerEnv in error state 6
[Mon Dec 05 16:02:00 2005] [notice] jk2_init() Found child 6315 in scoreboard slot 6
[Mon Dec 05 16:07:09 2005] [notice] workerEnv.init() ok /etc/httpd/conf/workers2.properties
[Mon Dec 05 16:07:09 2005] [error] mod_jk child workerEnv in error state 7
[Mon Dec 05 16:21:25 2005] [notice] jk2_init() Found child 6386 in scoreboard slot 6
[Mon Dec 05 16:21:25 2005] [notice] jk2_init() Found child 6385 in scoreboard slot 8
[Mon Dec 05 16:26:05 2005] [notice] workerEnv.init() ok /etc/httpd/conf/workers2.properties
[Mon Dec 05 16:26:05 2005] [error] mod_jk child workerEnv in error state 6
[Mon Dec 05 16:26:05 2005] [notice] workerEnv.init() ok /etc/httpd/conf/workers2.properties
[Mon Dec 05 16:31:52 2005] [error] mod_jk child workerEnv in error state 6
[Mon Dec 05 16:40:06 2005] [notice] workerEnv.init() ok /etc/httpd/conf/workers2.properties
[Mon Dec 05 16:40:06 2005] [notice] workerEnv.init() ok /etc/httpd/conf/workers2.properties
[Mon Dec 05 16:45:04 2005] [error] [client 216.216.185.130] Directory index forbidden by rule: /var/www/html/
[Mon Dec 05 17:50:40 2005] [notice] jk2_init() Found child 6595 in scoreboard slot 8
[Mon Dec 05 17:55:35 2005] [notice] workerEnv.init() ok /etc/httpd/conf/workers2.properties
[Mon Dec 05 18:15:47 2005] [error] mod_jk child workerEnv in error state 6
[Mon Dec 05 18:20:51 2005] [notice] jk2_init() Found child 6670 in scoreboard slot 7
[Mon Dec 05 18:20:53 2005] [notice] workerEnv.init() ok /etc/httpd/conf/workers2.properties
[Mon Dec 05 18:20:53 2005] [error] mod_jk child workerEnv in error state 6
[Mon Dec 05 18:35:51 2005] [notice] jk2_init() Found child 6707 in scoreboard slot 8
[Mon Dec 05 18:45:53 2005] [notice] workerEnv.init() ok /etc/httpd/conf/workers2.properties
[Mon Dec 05 18:50:31 2005] [error] mod_jk child workerEnv in error state 6
[Mon Dec 05 19:14:11 2005] [error] mod_jk child workerEnv in error state 6
[Mon Dec 05 19:15:57 2005] [error] mod_jk child workerEnv in error state 6