- 1117838570 2005.06.03 R02-M1-N0-C:J12-U11 2005-06-03-15.42.50.675872 R02-M1-N0-C:J12-U11 RAS KERNEL INFO instruction cache parity error corrected
- 1117973786 2005.06.05 R36-M0-NA-C:J06-U01 2005-06-05-05.16.26.686603 R36-M0-NA-C:J06-U01 RAS KERNEL INFO generating core.1414
- 1117973919 2005.06.05 R33-M0-N4-C:J02-U11 2005-06-05-05.18.39.396608 R33-M0-N4-C:J02-U11 RAS KERNEL INFO generating core.3055
- 1117984246 2005.06.05 R30-M1-N3-C:J02-U01 2005-06-05-08.10.46.344235 R30-M1-N3-C:J02-U01 RAS KERNEL FATAL force load/store alignment...............0
- 1117988443 2005.06.05 R32-M1-N5-C:J17-U01 2005-06-05-09.20.43.944594 R32-M1-N5-C:J17-U01 RAS KERNEL INFO generating core.6896
- 1117992519 2005.06.05 R37-M1-N3-C:J05-U11 2005-06-05-10.28.39.717587 R37-M1-N3-C:J05-U11 RAS KERNEL INFO generating core.5307
- 1118080420 2005.06.06 R02-M1-N0-C:J12-U11 2005-06-06-10.53.40.701796 R02-M1-N0-C:J12-U11 RAS KERNEL INFO instruction cache parity error corrected
- 1118080480 2005.06.06 R02-M1-N0-C:J12-U11 2005-06-06-10.54.40.382678 R02-M1-N0-C:J12-U11 RAS KERNEL INFO instruction cache parity error corrected
- 1118080909 2005.06.06 R02-M1-N0-C:J12-U11 2005-06-06-11.01.49.223879 R02-M1-N0-C:J12-U11 RAS KERNEL INFO instruction cache parity error corrected
- 1118112603 2005.06.06 R22-M0-N0-C:J08-U11 2005-06-06-19.50.03.669394 R22-M0-N0-C:J08-U11 RAS KERNEL INFO generating core.430
- 1118112700 2005.06.06 R23-M0-N0-I:J18-U01 2005-06-06-19.51.40.376079 R23-M0-N0-I:J18-U01 RAS KERNEL INFO ciod: cpu 0 at treeaddr 438 sent unrecognized message 0xffffffff
- 1118149569 2005.06.07 R21-M0-NB-C:J06-U01 2005-06-07-06.06.09.288228 R21-M0-NB-C:J06-U01 RAS KERNEL INFO generating core.2690
- 1118149570 2005.06.07 R24-M0-NA-C:J15-U11 2005-06-07-06.06.10.391269 R24-M0-NA-C:J15-U11 RAS KERNEL INFO generating core.3804
- 1118172099 2005.06.07 R32-M1-N9-C:J11-U11 2005-06-07-12.21.39.208896 R32-M1-N9-C:J11-U11 RAS KERNEL INFO generating core.8153
- 1118172147 2005.06.07 R35-M0-NC-C:J03-U11 2005-06-07-12.22.27.613809 R35-M0-NC-C:J03-U11 RAS KERNEL INFO generating core.2911
- 1118172690 2005.06.07 R35-M0-N5-C:J10-U11 2005-06-07-12.31.30.918396 R35-M0-N5-C:J10-U11 RAS KERNEL INFO generating core.2921
- 1118183566 2005.06.07 R36-M0-N0-C:J11-U01 2005-06-07-15.32.46.334191 R36-M0-N0-C:J11-U01 RAS KERNEL INFO generating core.1973
- 1118290077 2005.06.08 R27-M1-N6-C:J04-U01 2005-06-08-21.07.57.879112 R27-M1-N6-C:J04-U01 RAS KERNEL INFO generating core.2599
- 1118343958 2005.06.09 R23-M1-NA-C:J17-U11 2005-06-09-12.05.58.258567 R23-M1-NA-C:J17-U11 RAS KERNEL INFO generating core.1820
KERNDTLB 1118539342 2005.06.11 R30-M0-N9-C:J16-U01 2005-06-11-18.22.22.630540 R30-M0-N9-C:J16-U01 RAS KERNEL FATAL data TLB error interrupt
KERNDTLB 1118543085 2005.06.11 R30-M0-N9-C:J16-U01 2005-06-11-19.24.45.991034 R30-M0-N9-C:J16-U01 RAS KERNEL FATAL data TLB error interrupt
KERNDTLB 1118543583 2005.06.11 R30-M0-N9-C:J16-U01 2005-06-11-19.33.03.793426 R30-M0-N9-C:J16-U01 RAS KERNEL FATAL data TLB error interrupt
KERNDTLB 1118543955 2005.06.11 R30-M0-N9-C:J16-U01 2005-06-11-19.39.15.873091 R30-M0-N9-C:J16-U01 RAS KERNEL FATAL data TLB error interrupt
KERNDTLB 1118545623 2005.06.11 R30-M0-N9-C:J16-U01 2005-06-11-20.07.03.218292 R30-M0-N9-C:J16-U01 RAS KERNEL FATAL data TLB error interrupt
KERNDTLB 1118545700 2005.06.11 R30-M0-N9-C:J16-U01 2005-06-11-20.08.20.603096 R30-M0-N9-C:J16-U01 RAS KERNEL FATAL data TLB error interrupt
KERNDTLB 1118550729 2005.06.11 R30-M0-N9-C:J16-U01 2005-06-11-21.32.09.069241 R30-M0-N9-C:J16-U01 RAS KERNEL FATAL data TLB error interrupt
KERNDTLB 1118554196 2005.06.11 R30-M0-N9-C:J16-U01 2005-06-11-22.29.56.837444 R30-M0-N9-C:J16-U01 RAS KERNEL FATAL data TLB error interrupt
KERNDTLB 1118554838 2005.06.11 R30-M0-N9-C:J16-U01 2005-06-11-22.40.38.175497 R30-M0-N9-C:J16-U01 RAS KERNEL FATAL data TLB error interrupt
KERNDTLB 1118556754 2005.06.11 R30-M0-N9-C:J16-U01 2005-06-11-23.12.34.701151 R30-M0-N9-C:J16-U01 RAS KERNEL FATAL data TLB error interrupt
KERNSTOR 1118709549 2005.06.13 R15-M0-N9-C:J05-U11 2005-06-13-17.39.09.591793 R15-M0-N9-C:J05-U11 RAS KERNEL FATAL data storage interrupt
KERNSTOR 1118709851 2005.06.13 R02-M0-N0-C:J10-U01 2005-06-13-17.44.11.050768 R02-M0-N0-C:J10-U01 RAS KERNEL FATAL data storage interrupt
- 1118709955 2005.06.13 R10-M0-N1-C:J17-U11 2005-06-13-17.45.55.674418 R10-M0-N1-C:J17-U11 RAS KERNEL FATAL instruction address: 0x00004ed8
KERNSTOR 1118765205 2005.06.14 R15-M1-NF-C:J11-U11 2005-06-14-09.06.45.752792 R15-M1-NF-C:J11-U11 RAS KERNEL FATAL data storage interrupt
KERNSTOR 1118765631 2005.06.14 R12-M1-NC-C:J13-U11 2005-06-14-09.13.51.017266 R12-M1-NC-C:J13-U11 RAS KERNEL FATAL data storage interrupt
- 1118766935 2005.06.14 R20-M1-NC-C:J05-U01 2005-06-14-09.35.35.569986 R20-M1-NC-C:J05-U01 RAS KERNEL FATAL instruction address: 0x00004ed8
- 1118767320 2005.06.14 R25-M1-N9-C:J06-U11 2005-06-14-09.42.00.555171 R25-M1-N9-C:J06-U11 RAS KERNEL FATAL machine check: i-fetch......................0
- 1118768017 2005.06.14 R21-M1-NB-C:J12-U01 2005-06-14-09.53.37.560823 R21-M1-NB-C:J12-U01 RAS KERNEL FATAL instruction address: 0x00004ed8
KERNSTOR 1118768044 2005.06.14 R05-M1-NB-C:J07-U11 2005-06-14-09.54.04.393973 R05-M1-NB-C:J07-U11 RAS KERNEL FATAL data storage interrupt
KERNSTOR 1118769443 2005.06.14 R21-M0-NC-C:J13-U11 2005-06-14-10.17.23.235674 R21-M0-NC-C:J13-U11 RAS KERNEL FATAL data storage interrupt
- 1118769561 2005.06.14 R26-M0-N4-C:J16-U01 2005-06-14-10.19.21.829677 R26-M0-N4-C:J16-U01 RAS KERNEL FATAL exception syndrome register: 0x00800000
- 1118770375 2005.06.14 R27-M0-N3-C:J15-U01 2005-06-14-10.32.55.359107 R27-M0-N3-C:J15-U01 RAS KERNEL FATAL program interrupt: imprecise exception......0
- 1118770989 2005.06.14 R21-M1-N4-C:J17-U11 2005-06-14-10.43.09.420211 R21-M1-N4-C:J17-U11 RAS KERNEL FATAL data store interrupt caused by icbi.........0
- 1118771085 2005.06.14 R27-M1-ND-C:J09-U01 2005-06-14-10.44.45.851799 R27-M1-ND-C:J09-U01 RAS KERNEL FATAL machine check enable..............0
- 1118771409 2005.06.14 R20-M1-N8-C:J15-U11 2005-06-14-10.50.09.563848 R20-M1-N8-C:J15-U11 RAS KERNEL FATAL byte ordering exception.....................0
- 1118771528 2005.06.14 R26-M0-NF-C:J15-U01 2005-06-14-10.52.08.434393 R26-M0-NF-C:J15-U01 RAS KERNEL FATAL core configuration register: 0x00002000
- 1118772188 2005.06.14 R20-M0-N3-C:J06-U11 2005-06-14-11.03.08.491655 R20-M0-N3-C:J06-U11 RAS KERNEL FATAL wait state enable.................0
- 1118772810 2005.06.14 R27-M0-N9-C:J12-U01 2005-06-14-11.13.30.870052 R27-M0-N9-C:J12-U01 RAS KERNEL FATAL special purpose registers:
- 1118773252 2005.06.14 R20-M1-N0-C:J10-U01 2005-06-14-11.20.52.106874 R20-M1-N0-C:J10-U01 RAS KERNEL FATAL debug wait enable.................0
- 1118773772 2005.06.14 R24-M1-N0-C:J04-U11 2005-06-14-11.29.32.480633 R24-M1-N0-C:J04-U11 RAS KERNEL FATAL data address space................0
- 1118773807 2005.06.14 R20-M1-N5-C:J13-U01 2005-06-14-11.30.07.879884 R20-M1-N5-C:J13-U01 RAS KERNEL FATAL core configuration register: 0x00002000
- 1118773941 2005.06.14 R20-M1-NA-C:J04-U01 2005-06-14-11.32.21.174785 R20-M1-NA-C:J04-U01 RAS KERNEL FATAL disable store gathering..................0
- 1118811393 2005.06.14 R02-M1-N0-C:J12-U11 2005-06-14-21.56.33.279265 R02-M1-N0-C:J12-U11 RAS KERNEL INFO instruction cache parity error corrected
- 1118852703 2005.06.15 R02-M1-N0-C:J12-U11 2005-06-15-09.25.03.582371 R02-M1-N0-C:J12-U11 RAS KERNEL INFO instruction cache parity error corrected
- 1118911762 2005.06.16 R34-M0-NF-C:J03-U01 2005-06-16-01.49.22.748250 R34-M0-NF-C:J03-U01 RAS KERNEL INFO generating core.8531
- 1119377678 2005.06.21 R20-M0-N9-C:J11-U11 2005-06-21-11.14.38.018978 R20-M0-N9-C:J11-U11 RAS KERNEL INFO generating core.8089
- 1119450937 2005.06.22 R02-M1-N0-C:J12-U11 2005-06-22-07.35.37.412184 R02-M1-N0-C:J12-U11 RAS KERNEL INFO instruction cache parity error corrected
- 1119695647 2005.06.25 R31-M1-ND-C:J05-U01 2005-06-25-03.34.07.686513 R31-M1-ND-C:J05-U01 RAS KERNEL INFO 259966605 double-hummer alignment exceptions
- 1119714915 2005.06.25 R30-M1-N7-C:J12-U01 2005-06-25-08.55.15.625203 R30-M1-N7-C:J12-U01 RAS KERNEL INFO generating core.24721
- 1119715413 2005.06.25 R25-M0-N6-C:J08-U11 2005-06-25-09.03.33.373728 R25-M0-N6-C:J08-U11 RAS KERNEL INFO generating core.16830
- 1119725040 2005.06.25 R05-M0-N7-C:J04-U01 2005-06-25-11.44.00.166788 R05-M0-N7-C:J04-U01 RAS KERNEL INFO generating core.41347
- 1119725476 2005.06.25 R33-M0-N1-C:J11-U11 2005-06-25-11.51.16.800981 R33-M0-N1-C:J11-U11 RAS KERNEL INFO generating core.49137
- 1119726375 2005.06.25 R14-M1-N6-C:J06-U01 2005-06-25-12.06.15.851937 R14-M1-N6-C:J06-U01 RAS KERNEL INFO generating core.718
- 1119803608 2005.06.26 R06-M0-NE-C:J12-U11 2005-06-26-09.33.28.642706 R06-M0-NE-C:J12-U11 RAS KERNEL INFO auxiliary processor.........................0
- 1119806955 2005.06.26 R03-M1-NC-C:J05-U11 2005-06-26-10.29.15.890436 R03-M1-NC-C:J05-U11 RAS KERNEL INFO program interrupt
- 1120091562 2005.06.29 R37-M0-NA-C:J15-U01 2005-06-29-17.32.42.585032 R37-M0-NA-C:J15-U01 RAS KERNEL INFO generating core.26918
- 1120094724 2005.06.29 R03-M0-N2-C:J02-U01 2005-06-29-18.25.24.062292 R03-M0-N2-C:J02-U01 RAS KERNEL INFO 344040 double-hummer alignment exceptions
- 1120145216 2005.06.30 R26-M1-ND-C:J08-U01 2005-06-30-08.26.56.428983 R26-M1-ND-C:J08-U01 RAS KERNEL INFO generating core.2586
- 1120145688 2005.06.30 R11-M0-N9-C:J03-U11 2005-06-30-08.34.48.113948 R11-M0-N9-C:J03-U11 RAS KERNEL INFO generating core.23659
- 1120148687 2005.06.30 R14-M0-N1-C:J12-U01 2005-06-30-09.24.47.505143 R14-M0-N1-C:J12-U01 RAS KERNEL INFO generating core.7777
- 1120217117 2005.07.01 R12-M1-N6-C:J16-U01 2005-07-01-04.25.17.269721 R12-M1-N6-C:J16-U01 RAS KERNEL INFO generating core.228
- 1120231520 2005.07.01 UNKNOWN_LOCATION 2005-07-01-08.25.20.466953 UNKNOWN_LOCATION NULL DISCOVERY INFO Ido chip status changed: FF:F2:9F:16:E2:23:00:0D:60:E9:1D:DC ip=10.0.0.151 v=9 t=4 status=M Fri Jul 01 08:16:53 PDT 2005
- 1120259710 2005.07.01 R33-M1-N2-C:J17-U11 2005-07-01-16.15.10.056728 R33-M1-N2-C:J17-U11 RAS KERNEL INFO 1146800 double-hummer alignment exceptions
- 1120259888 2005.07.01 R25-M0-N7-C:J11-U01 2005-07-01-16.18.08.272925 R25-M0-N7-C:J11-U01 RAS KERNEL INFO 1146800 double-hummer alignment exceptions
- 1120262314 2005.07.01 R32-M1-NB-C:J04-U11 2005-07-01-16.58.34.595623 R32-M1-NB-C:J04-U11 RAS KERNEL INFO 1146800 double-hummer alignment exceptions
- 1120486586 2005.07.04 R12-M0-N1-C:J04-U11 2005-07-04-07.16.26.811512 R12-M0-N1-C:J04-U11 RAS KERNEL INFO generating core.7915
- 1120487503 2005.07.04 R25-M0-NE-C:J11-U01 2005-07-04-07.31.43.800074 R25-M0-NE-C:J11-U01 RAS KERNEL INFO generating core.8877
- 1120748250 2005.07.07 R06-M0-N1-C:J16-U11 2005-07-07-07.57.30.872998 R06-M0-N1-C:J16-U11 RAS KERNEL INFO generating core.424
- 1120772478 2005.07.07 R01-M0-N6-C:J11-U11 2005-07-07-14.41.18.953461 R01-M0-N6-C:J11-U11 RAS KERNEL INFO generating core.1213
- 1120772793 2005.07.07 R00-M0-N4-C:J04-U11 2005-07-07-14.46.33.219615 R00-M0-N4-C:J04-U11 RAS KERNEL INFO generating core.303
- 1120787008 2005.07.07 R14-M1-NC-C:J15-U11 2005-07-07-18.43.28.027906 R14-M1-NC-C:J15-U11 RAS KERNEL INFO generating core.3436
- 1120788590 2005.07.07 R12-M1-NE-C:J02-U01 2005-07-07-19.09.50.668802 R12-M1-NE-C:J02-U01 RAS KERNEL INFO generating core.1807
- 1120889703 2005.07.08 R05-M0-N2 2005-07-08-23.15.03.798449 R05-M0-N2 NULL DISCOVERY WARNING Node card is not fully functional
- 1120923499 2005.07.09 R33-M0-N9-C:J04-U11 2005-07-09-08.38.19.481016 R33-M0-N9-C:J04-U11 RAS KERNEL INFO generating core.7571
- 1120932622 2005.07.09 R36-M0-N2-C:J10-U01 2005-07-09-11.10.22.118843 R36-M0-N2-C:J10-U01 RAS KERNEL INFO generating core.5781
- 1120934002 2005.07.09 R24-M1-N5-C:J14-U01 2005-07-09-11.33.22.478541 R24-M1-N5-C:J14-U01 RAS KERNEL INFO generating core.36248
- 1120934069 2005.07.09 R21-M1-NF-C:J17-U11 2005-07-09-11.34.29.833311 R21-M1-NF-C:J17-U11 RAS KERNEL INFO generating core.41080
- 1120934665 2005.07.09 R14-M1-ND-C:J04-U01 2005-07-09-11.44.25.948722 R14-M1-ND-C:J04-U01 RAS KERNEL INFO generating core.2315
- 1120934747 2005.07.09 R12-M0-N3-C:J02-U01 2005-07-09-11.45.47.078028 R12-M0-N3-C:J02-U01 RAS KERNEL INFO generating core.30603
- 1120935398 2005.07.09 R25-M1-N8-C:J16-U11 2005-07-09-11.56.38.939515 R25-M1-N8-C:J16-U11 RAS KERNEL INFO generating core.14652
- 1120935660 2005.07.09 R01-M0-NC-C:J04-U01 2005-07-09-12.01.00.789241 R01-M0-NC-C:J04-U01 RAS KERNEL INFO generating core.10247
- 1120937817 2005.07.09 R22-M0-N5-C:J07-U11 2005-07-09-12.36.57.597431 R22-M0-N5-C:J07-U11 RAS KERNEL INFO generating core.28666
- 1120938234 2005.07.09 R35-M0-N9-C:J10-U11 2005-07-09-12.43.54.033821 R35-M0-N9-C:J10-U11 RAS KERNEL INFO generating core.48433
- 1120938451 2005.07.09 R16-M1-NA-C:J08-U01 2005-07-09-12.47.31.928637 R16-M1-NA-C:J08-U01 RAS KERNEL INFO generating core.4622
- 1120939626 2005.07.09 R36-M1-N4-C:J15-U11 2005-07-09-13.07.06.107122 R36-M1-N4-C:J15-U11 RAS KERNEL INFO generating core.61172
- 1120939783 2005.07.09 R20-M1-N6-C:J03-U01 2005-07-09-13.09.43.917357 R20-M1-N6-C:J03-U01 RAS KERNEL INFO generating core.34015
- 1120940044 2005.07.09 R24-M1-N1-C:J14-U01 2005-07-09-13.14.04.443048 R24-M1-N1-C:J14-U01 RAS KERNEL INFO generating core.40344
- 1120940349 2005.07.09 R32-M1-N3-C:J07-U11 2005-07-09-13.19.09.983269 R32-M1-N3-C:J07-U11 RAS KERNEL INFO generating core.30706
- 1120940357 2005.07.09 R32-M0-N1-C:J03-U01 2005-07-09-13.19.17.680850 R32-M0-N1-C:J03-U01 RAS KERNEL INFO generating core.8147
- 1120953127 2005.07.09 R27-M0-N6-C:J05-U11 2005-07-09-16.52.07.005910 R27-M0-N6-C:J05-U11 RAS KERNEL INFO generating core.8575
- 1120955633 2005.07.09 R26-M0-N7-C:J02-U01 2005-07-09-17.33.53.777163 R26-M0-N7-C:J02-U01 RAS KERNEL INFO generating core.13131
- 1120958403 2005.07.09 R21-M0-N3-C:J06-U11 2005-07-09-18.20.03.745197 R21-M0-N3-C:J06-U11 RAS KERNEL INFO generating core.10842
- 1120968137 2005.07.09 R22-M0-ND-C:J13-U11 2005-07-09-21.02.17.017814 R22-M0-ND-C:J13-U11 RAS KERNEL INFO generating core.13753
- 1120969145 2005.07.09 R21-M0-N2-C:J15-U01 2005-07-09-21.19.05.376937 R21-M0-N2-C:J15-U01 RAS KERNEL INFO generating core.10860
- 1120969332 2005.07.09 R20-M0-N6-C:J03-U11 2005-07-09-21.22.12.020466 R20-M0-N6-C:J03-U11 RAS KERNEL INFO generating core.12927
- 1120969383 2005.07.09 R26-M1-N6-C:J15-U11 2005-07-09-21.23.03.768684 R26-M1-N6-C:J15-U11 RAS KERNEL INFO generating core.17276
- 1120969432 2005.07.09 R27-M0-N3-C:J04-U01 2005-07-09-21.23.52.155670 R27-M0-N3-C:J04-U01 RAS KERNEL INFO generating core.26955
- 1120969527 2005.07.09 R25-M0-N9-C:J11-U01 2005-07-09-21.25.27.506107 R25-M0-N9-C:J11-U01 RAS KERNEL INFO generating core.28329
- 1120969704 2005.07.09 R27-M1-N8-C:J08-U11 2005-07-09-21.28.24.603741 R27-M1-N8-C:J08-U11 RAS KERNEL INFO generating core.23838
- 1120969793 2005.07.09 R33-M0-N0-C:J04-U01 2005-07-09-21.29.53.355653 R33-M0-N0-C:J04-U01 RAS KERNEL INFO generating core.7623
- 1120972998 2005.07.09 R05-M1-N9-C:J16-U01 2005-07-09-22.23.18.517961 R05-M1-N9-C:J16-U01 RAS KERNEL INFO generating core.2880
- 1121172512 2005.07.12 R34-M1-N4-C:J07-U11 2005-07-12-05.48.32.532637 R34-M1-N4-C:J07-U11 RAS KERNEL INFO generating core.14070
- 1121172957 2005.07.12 R11-M1-N6-C:J16-U11 2005-07-12-05.55.57.631026 R11-M1-N6-C:J16-U11 RAS KERNEL INFO generating core.2092
- 1121252377 2005.07.13 R30-M1-N2-C:J11-U11 2005-07-13-03.59.37.615097 R30-M1-N2-C:J11-U11 RAS KERNEL INFO 112762744 double-hummer alignment exceptions
- 1121252594 2005.07.13 R22-M1-N8-C:J09-U01 2005-07-13-04.03.14.945951 R22-M1-N8-C:J09-U01 RAS KERNEL INFO 113355952 double-hummer alignment exceptions
- 1121252628 2005.07.13 R34-M0-N0-C:J17-U11 2005-07-13-04.03.48.756221 R34-M0-N0-C:J17-U11 RAS KERNEL INFO 115193048 double-hummer alignment exceptions
- 1121252884 2005.07.13 R30-M1-N6-C:J14-U11 2005-07-13-04.08.04.789912 R30-M1-N6-C:J14-U11 RAS KERNEL INFO 116249832 double-hummer alignment exceptions
- 1121252899 2005.07.13 R23-M0-N3-C:J12-U11 2005-07-13-04.08.19.327373 R23-M0-N3-C:J12-U11 RAS KERNEL INFO 112481672 double-hummer alignment exceptions
- 1121256367 2005.07.13 R20-M1-NA-C:J04-U11 2005-07-13-05.06.07.030871 R20-M1-NA-C:J04-U11 RAS KERNEL INFO generating core.4159
- 1121256570 2005.07.13 R34-M0-N3-C:J14-U01 2005-07-13-05.09.30.620888 R34-M0-N3-C:J14-U01 RAS KERNEL INFO generating core.5520
- 1121256768 2005.07.13 R30-M0-ND-C:J09-U01 2005-07-13-05.12.48.222029 R30-M0-ND-C:J09-U01 RAS KERNEL INFO generating core.34898
- 1121308164 2005.07.13 R20-M1-N4-C:J02-U01 2005-07-13-19.29.24.480958 R20-M1-N4-C:J02-U01 RAS KERNEL INFO generating core.17999
- 1121308207 2005.07.13 R22-M0-N4-C:J02-U01 2005-07-13-19.30.07.825519 R22-M0-N4-C:J02-U01 RAS KERNEL INFO generating core.30671
- 1121308677 2005.07.13 R24-M0-N6-C:J15-U01 2005-07-13-19.37.57.813607 R24-M0-N6-C:J15-U01 RAS KERNEL INFO generating core.29420
- 1121312018 2005.07.13 R36-M0-NB-C:J12-U01 2005-07-13-20.33.38.333720 R36-M0-NB-C:J12-U01 RAS KERNEL INFO generating core.18689
- 1121312172 2005.07.13 R25-M1-ND-C:J10-U11 2005-07-13-20.36.12.659925 R25-M1-ND-C:J10-U11 RAS KERNEL INFO generating core.5785
- 1121312282 2005.07.13 R32-M1-N5-C:J02-U11 2005-07-13-20.38.02.068017 R32-M1-N5-C:J02-U11 RAS KERNEL INFO generating core.30675
- 1121313853 2005.07.13 R36-M1-N9-C:J17-U01 2005-07-13-21.04.13.288105 R36-M1-N9-C:J17-U01 RAS KERNEL INFO generating core.15648
- 1121313971 2005.07.13 R21-M0-NA-C:J11-U11 2005-07-13-21.06.11.111463 R21-M0-NA-C:J11-U11 RAS KERNEL INFO generating core.27197
- 1121314138 2005.07.13 R37-M0-NC-C:J11-U11 2005-07-13-21.08.58.817169 R37-M0-NC-C:J11-U11 RAS KERNEL INFO generating core.22325
- 1121493806 2005.07.15 R36-M1-ND-C:J04-U11 2005-07-15-23.03.26.814988 R36-M1-ND-C:J04-U11 RAS KERNEL INFO generating core.59955
- 1121493913 2005.07.15 R37-M0-N6-C:J09-U11 2005-07-15-23.05.13.065015 R37-M0-N6-C:J09-U11 RAS KERNEL INFO generating core.41718
- 1121494308 2005.07.15 R21-M0-N7-C:J14-U01 2005-07-15-23.11.48.831797 R21-M0-N7-C:J14-U01 RAS KERNEL INFO generating core.17560
- 1121494314 2005.07.15 R23-M0-NE-C:J16-U11 2005-07-15-23.11.54.188138 R23-M0-NE-C:J16-U11 RAS KERNEL INFO generating core.17212
- 1121496570 2005.07.15 R07-M1-NA-C:J03-U11 2005-07-15-23.49.30.116304 R07-M1-NA-C:J03-U11 RAS KERNEL INFO generating core.22119
- 1121597832 2005.07.17 R36-M1-NB-C:J14-U11 2005-07-17-03.57.12.463575 R36-M1-NB-C:J14-U11 RAS KERNEL INFO generating core.30256
- 1121598051 2005.07.17 R27-M1-NA-C:J06-U11 2005-07-17-04.00.51.583517 R27-M1-NA-C:J06-U11 RAS KERNEL INFO generating core.46654
- 1121598731 2005.07.17 R17-M1-N9-C:J09-U01 2005-07-17-04.12.11.971953 R17-M1-N9-C:J09-U01 RAS KERNEL INFO generating core.47690
- 1121599038 2005.07.17 R01-M1-N6-C:J07-U11 2005-07-17-04.17.18.609719 R01-M1-N6-C:J07-U11 RAS KERNEL INFO generating core.17638
- 1121599219 2005.07.17 R01-M0-ND-C:J16-U01 2005-07-17-04.20.19.372170 R01-M0-ND-C:J16-U01 RAS KERNEL INFO generating core.43008
- 1121599491 2005.07.17 R21-M0-N4-C:J13-U01 2005-07-17-04.24.51.040618 R21-M0-N4-C:J13-U01 RAS KERNEL INFO generating core.51421
- 1121599612 2005.07.17 R00-M1-N0-C:J08-U11 2005-07-17-04.26.52.789085 R00-M1-N0-C:J08-U11 RAS KERNEL INFO generating core.30886
- 1121707096 2005.07.18 R21-M1-N2-C:J07-U01 2005-07-18-10.18.16.381095 R21-M1-N2-C:J07-U01 RAS KERNEL INFO generating core.23150
- 1121707109 2005.07.18 R22-M0-N2-C:J12-U11 2005-07-18-10.18.29.909939 R22-M0-N2-C:J12-U11 RAS KERNEL INFO generating core.31197
- 1121707460 2005.07.18 R23-M1-N0-C:J05-U01 2005-07-18-10.24.20.440509 R23-M1-N0-C:J05-U01 RAS KERNEL INFO generating core.7663
- 1121900682 2005.07.20 R30-M1-N9-C:J14-U11 2005-07-20-16.04.42.418104 R30-M1-N9-C:J14-U11 RAS KERNEL INFO 8 floating point alignment exceptions
- 1121901038 2005.07.20 R16-M0-N3-C:J11-U01 2005-07-20-16.10.38.843234 R16-M0-N3-C:J11-U01 RAS KERNEL INFO 8 floating point alignment exceptions
- 1121903649 2005.07.20 R34-M0-N1-C:J08-U01 2005-07-20-16.54.09.929292 R34-M0-N1-C:J08-U01 RAS KERNEL INFO 8 floating point alignment exceptions
- 1121903735 2005.07.20 R12-M1-N5-C:J15-U11 2005-07-20-16.55.35.876056 R12-M1-N5-C:J15-U11 RAS KERNEL INFO 8 floating point alignment exceptions
- 1121903856 2005.07.20 R02-M0-N8-C:J12-U01 2005-07-20-16.57.36.030657 R02-M0-N8-C:J12-U01 RAS KERNEL INFO 8 floating point alignment exceptions
- 1121904572 2005.07.20 R32-M0-N5-C:J10-U11 2005-07-20-17.09.32.073144 R32-M0-N5-C:J10-U11 RAS KERNEL INFO 8 floating point alignment exceptions
- 1121905368 2005.07.20 R02-M0-NF-C:J13-U01 2005-07-20-17.22.48.249852 R02-M0-NF-C:J13-U01 RAS KERNEL INFO 8 floating point alignment exceptions
- 1122132718 2005.07.23 R10-M1-ND-C:J11-U01 2005-07-23-08.31.58.764442 R10-M1-ND-C:J11-U01 RAS KERNEL INFO generating core.8977
- 1122132870 2005.07.23 R16-M1-N5-C:J15-U01 2005-07-23-08.34.30.223226 R16-M1-N5-C:J15-U01 RAS KERNEL INFO generating core.9136
- 1122143037 2005.07.23 R10-M0-N2-C:J12-U01 2005-07-23-11.23.57.554984 R10-M0-N2-C:J12-U01 RAS KERNEL INFO generating core.7205
- 1122144024 2005.07.23 R24-M1-N2-C:J02-U01 2005-07-23-11.40.24.966850 R24-M1-N2-C:J02-U01 RAS KERNEL INFO generating core.2767
- 1122165037 2005.07.23 R12-M0-N0-C:J12-U11 2005-07-23-17.30.37.160243 R12-M0-N0-C:J12-U11 RAS KERNEL INFO 15 floating point alignment exceptions
- 1122165629 2005.07.23 R14-M1-N0-C:J06-U01 2005-07-23-17.40.29.371632 R14-M1-N0-C:J06-U01 RAS KERNEL INFO 5 floating point alignment exceptions
- 1122256252 2005.07.24 R34-M0-N2-C:J04-U11 2005-07-24-18.50.52.804496 R34-M0-N2-C:J04-U11 RAS KERNEL INFO generating core.4535
- 1122256860 2005.07.24 R12-M1-N2-C:J04-U11 2005-07-24-19.01.00.580526 R12-M1-N2-C:J04-U11 RAS KERNEL INFO generating core.37807
- 1122400971 2005.07.26 R06-M0-N7-C:J07-U01 2005-07-26-11.02.51.140194 R06-M0-N7-C:J07-U01 RAS KERNEL INFO generating core.114
- 1122405365 2005.07.26 R04-M0-N6-C:J09-U01 2005-07-26-12.16.05.063905 R04-M0-N6-C:J09-U01 RAS KERNEL INFO generating core.118
- 1122430512 2005.07.26 R23-M1-N7-C:J10-U01 2005-07-26-19.15.12.085226 R23-M1-N7-C:J10-U01 RAS KERNEL INFO generating core.42905
- 1122430660 2005.07.26 R20-M1-ND-C:J06-U01 2005-07-26-19.17.40.775429 R20-M1-ND-C:J06-U01 RAS KERNEL INFO generating core.3098
- 1122431732 2005.07.26 R05-M1-N9-C:J11-U01 2005-07-26-19.35.32.608060 R05-M1-N9-C:J11-U01 RAS KERNEL INFO generating core.23873
- 1123025540 2005.08.02 UNKNOWN_LOCATION 2005-08-02-16.32.20.358039 UNKNOWN_LOCATION NULL DISCOVERY INFO New ido chip inserted into the database: FF:F2:9F:16:BF:6C:00:0D:60:E9:40:93 ip=10.5.0.46 v=13 t=4
- 1123195190 2005.08.04 UNKNOWN_LOCATION 2005-08-04-15.39.50.374720 UNKNOWN_LOCATION NULL DISCOVERY INFO Ido chip status changed: FF:F2:9F:15:7E:6E:00:0D:60:EA:81:91 ip=10.0.1.155 v=13 t=1 status=M Thu Aug 04 15:31:25 PDT 2005
- 1123608612 2005.08.09 R40-M1-N5 2005-08-09-10.30.12.637004 R40-M1-N5 NULL DISCOVERY SEVERE Can not get assembly information for node card
- 1123609997 2005.08.09 R74-M0-N1 2005-08-09-10.53.17.485009 R74-M0-N1 NULL DISCOVERY WARNING Node card is not fully functional
- 1123637155 2005.08.09 R23-M0-N0-C:J10-U01 2005-08-09-18.25.55.113195 R23-M0-N0-C:J10-U01 RAS KERNEL INFO CE sym 18, at 0x0e0272e0, mask 0x10
- 1123685937 2005.08.10 R14-M1-N0-C:J07-U11 2005-08-10-07.58.57.502279 R14-M1-N0-C:J07-U11 RAS KERNEL INFO total of 1 ddr error(s) detected and corrected
- 1123914727 2005.08.12 R55-M1-N0-I:J18-U11 2005-08-12-23.32.07.413454 R55-M1-N0-I:J18-U11 RAS APP FATAL ciod: Error loading /bgl/apps/scaletest/performance/MINIBEN/mb_243_0810/allreduce.rts: invalid or missing program image, Exec format error
- 1123914895 2005.08.12 R16-M1-N0-I:J18-U11 2005-08-12-23.34.55.201666 R16-M1-N0-I:J18-U11 RAS APP FATAL ciod: Error loading /bgl/apps/scaletest/performance/MINIBEN/mb_243_0810/allreduce.rts: invalid or missing program image, Exec format error
- 1123915332 2005.08.12 R01-M0-NC-I:J18-U11 2005-08-12-23.42.12.603889 R01-M0-NC-I:J18-U11 RAS APP FATAL ciod: Error loading /bgl/apps/scaletest/performance/MINIBEN/mb_243_0810/allreduce.rts: invalid or missing program image, Exec format error
- 1123915920 2005.08.12 R73-M0-N4-I:J18-U11 2005-08-12-23.52.00.785387 R73-M0-N4-I:J18-U11 RAS APP FATAL ciod: Error loading /bgl/apps/scaletest/performance/MINIBEN/mb_243_0810/allreduce.rts: invalid or missing program image, Exec format error
KERNTERM 1124167519 2005.08.15 R71-M0-NA-C:J12-U11 2005-08-15-21.45.19.228173 R71-M0-NA-C:J12-U11 RAS KERNEL FATAL rts: kernel terminated for reason 1003
- 1124394227 2005.08.18 R71-M1-N8-I:J18-U01 2005-08-18-12.43.47.536288 R71-M1-N8-I:J18-U01 RAS KERNEL INFO ciod: generated 64 core files for program /bgl/apps/swl-prep/ibm-swl/functional/sppm_chkpt/run/sppm
- 1124738105 2005.08.22 R70-M1-N0-I:J18-U01 2005-08-22-12.15.05.947393 R70-M1-N0-I:J18-U01 RAS KERNEL INFO ciod: generated 128 core files for program /home/germann2/BGL-demo/SPaSM_mpi
- 1125082154 2005.08.26 R62-M1-NA-C:J14-U01 2005-08-26-11.49.14.423511 R62-M1-NA-C:J14-U01 RAS KERNEL INFO iar 003a90fc dear 00b35db8
- 1125083240 2005.08.26 R61-M0-N8-C:J05-U01 2005-08-26-12.07.20.308532 R61-M0-N8-C:J05-U01 RAS KERNEL INFO 1547520 double-hummer alignment exceptions
- 1125083438 2005.08.26 R60-M0-NE-C:J10-U11 2005-08-26-12.10.38.958016 R60-M0-NE-C:J10-U11 RAS KERNEL INFO iar 003a929c dear 00efd448
- 1125083978 2005.08.26 R66-M1-NC-C:J14-U11 2005-08-26-12.19.38.583415 R66-M1-NC-C:J14-U11 RAS KERNEL INFO 3095040 double-hummer alignment exceptions
- 1125084143 2005.08.26 R67-M1-N8-C:J02-U11 2005-08-26-12.22.23.952539 R67-M1-N8-C:J02-U11 RAS KERNEL INFO iar 003a929c dear 01291708
- 1125084314 2005.08.26 R74-M0-ND-C:J09-U11 2005-08-26-12.25.14.255206 R74-M0-ND-C:J09-U11 RAS KERNEL INFO iar 003a9260 dear 00ef6c38
- 1125193792 2005.08.27 R11-M1-N7 2005-08-27-18.49.52.912954 R11-M1-N7 NULL DISCOVERY ERROR Node card status: no ALERTs are active. Clock Mode is Low. Clock Select is Midplane. Phy JTAG Reset is asserted. ASIC JTAG Reset is asserted. Temperature Mask is not active. No temperature error. Temperature Limit Error Latch is clear. PGOOD IS NOT ASSERTED. PGOOD ERROR LATCH IS ACTIVE. MPGOOD IS NOT OK. MPGOOD ERROR LATCH IS ACTIVE. The 2.5 volt rail is OK. The 1.5 volt rail is OK.
- 1125219610 2005.08.28 R72-M1-NA-C:J04-U11 2005-08-28-02.00.10.847914 R72-M1-NA-C:J04-U11 RAS KERNEL INFO 147337410 double-hummer alignment exceptions
- 1125221810 2005.08.28 R40-M1-N6-C:J12-U11 2005-08-28-02.36.50.012310 R40-M1-N6-C:J12-U11 RAS KERNEL INFO 47332148 double-hummer alignment exceptions
- 1125221957 2005.08.28 R57-M1-NF-C:J11-U11 2005-08-28-02.39.17.369798 R57-M1-NF-C:J11-U11 RAS KERNEL INFO 30646810 double-hummer alignment exceptions
- 1125224255 2005.08.28 R43-M1-NE-C:J16-U01 2005-08-28-03.17.35.313713 R43-M1-NE-C:J16-U01 RAS KERNEL INFO iar 0014a150 dear 00991c88
- 1125238008 2005.08.28 R30-M0-N7-C:J09-U01 2005-08-28-07.06.48.138974 R30-M0-N7-C:J09-U01 RAS KERNEL INFO CE sym 26, at 0x07a95e80, mask 0x10
- 1125668117 2005.09.02 R72-M1-N4-I:J18-U01 2005-09-02-06.35.17.592760 R72-M1-N4-I:J18-U01 RAS APP FATAL ciod: LOGIN chdir(/bglscratch/bwallen/SWL/SYS-CALLS/testcases/kernel/syscalls/truncate) failed: No such file or directory
KERNMNTF 1125871271 2005.09.04 R24-M1-NC-I:J18-U01 2005-09-04-15.01.11.038078 R24-M1-NC-I:J18-U01 RAS KERNEL FATAL Lustre mount FAILED : bglio336 : point /p/gb1
KERNMNTF 1126202752 2005.09.08 R01-M1-N4-I:J18-U11 2005-09-08-11.05.52.800796 R01-M1-N4-I:J18-U11 RAS KERNEL FATAL Lustre mount FAILED : bglio23 : point /p/gb1
- 1126211891 2005.09.08 R63-M1-NC-I:J18-U11 2005-09-08-13.38.11.467298 R63-M1-NC-I:J18-U11 RAS KERNEL INFO ciod: pollControlDescriptors: Detected the debugger died.
- 1126267442 2005.09.09 R13-M0-N2-C:J09-U01 2005-09-09-05.04.02.346866 R13-M0-N2-C:J09-U01 RAS KERNEL INFO 1 torus receiver y+ input pipe error(s) (dcr 0x02ee) detected and corrected
- 1126421175 2005.09.10 R16-M0-NC-I:J18-U01 2005-09-10-23.46.15.250215 R16-M0-NC-I:J18-U01 RAS APP FATAL ciod: Error loading /bgl/apps/swl-prep/rky-swl/MPI-PERF/IMB/perf_tests/IMB-MPI1.5124KB: invalid or missing program image, No such file or directory
- 1126894078 2005.09.16 R37-M0-NF-C:J07-U01 2005-09-16-11.07.58.039535 R37-M0-NF-C:J07-U01 RAS KERNEL INFO CE sym 25, at 0x1a544020, mask 0x40
- 1127243214 2005.09.20 NULL 2005-09-20-12.06.54.769367 NULL RAS MMCS ERROR idoproxydb hit ASSERT condition: ASSERT expression=0 Source file=idotransportmgr.cpp Source line=1043 Function=int IdoTransportMgr::SendPacket(IdoUdpMgr*, BglCtlPavTrace*)
- 1127243412 2005.09.20 NULL 2005-09-20-12.10.12.752571 NULL RAS MMCS ERROR idoproxydb hit ASSERT condition: ASSERT expression=0 Source file=idotransportmgr.cpp Source line=1043 Function=int IdoTransportMgr::SendPacket(IdoUdpMgr*, BglCtlPavTrace*)
- 1127243514 2005.09.20 NULL 2005-09-20-12.11.54.288690 NULL RAS MMCS ERROR idoproxydb hit ASSERT condition: ASSERT expression=0 Source file=idotransportmgr.cpp Source line=1043 Function=int IdoTransportMgr::SendPacket(IdoUdpMgr*, BglCtlPavTrace*)
- 1127243531 2005.09.20 NULL 2005-09-20-12.12.11.388103 NULL RAS MMCS ERROR idoproxydb hit ASSERT condition: ASSERT expression=0 Source file=idotransportmgr.cpp Source line=1043 Function=int IdoTransportMgr::SendPacket(IdoUdpMgr*, BglCtlPavTrace*)
- 1127264397 2005.09.20 R34-M1-N8-I:J18-U01 2005-09-20-17.59.57.105133 R34-M1-N8-I:J18-U01 RAS APP FATAL ciod: Error loading /home/yates//torus-latency.rts: invalid or missing program image, No such file or directory
- 1127264475 2005.09.20 R44-M1-NC-I:J18-U01 2005-09-20-18.01.15.836848 R44-M1-NC-I:J18-U01 RAS APP FATAL ciod: Error loading /home/yates//broadcast.rts: invalid or missing program image, No such file or directory
- 1127592240 2005.09.24 R06-M1-N4-C:J08-U01 2005-09-24-13.04.00.023717 R06-M1-N4-C:J08-U01 RAS KERNEL INFO CE sym 21, at 0x13d38aa0, mask 0x40
- 1128027755 2005.09.29 R03-M1-ND-C:J14-U01 2005-09-29-14.02.35.872055 R03-M1-ND-C:J14-U01 RAS KERNEL INFO critical input interrupt (unit=0x0b bit=0x06): warning for torus y+ wire
- 1128074784 2005.09.30 R07-M0-N0-C:J09-U01 2005-09-30-03.06.24.049908 R07-M0-N0-C:J09-U01 RAS KERNEL INFO CE sym 4, at 0x18f28be0, mask 0x40
APPSEV 1128597888 2005.10.06 R56-M0-N0-I:J18-U01 2005-10-06-04.24.48.021229 R56-M0-N0-I:J18-U01 RAS APP FATAL ciod: Error reading message prefix after LOAD_MESSAGE on CioStream socket to 172.16.96.116:53591: Link has been severed
- 1129270727 2005.10.13 R30-M0-N5-C:J05-U01 2005-10-13-23.18.47.295678 R30-M0-N5-C:J05-U01 RAS KERNEL INFO CE sym 14, at 0x17086be0, mask 0x02
- 1129550629 2005.10.17 R02-M0-N4-C:J04-U11 2005-10-17-05.03.49.800918 R02-M0-N4-C:J04-U11 RAS KERNEL INFO data cache search parity error detected. attempting to correct
- 1130255740 2005.10.25 R11-M1-N2-C:J09-U11 2005-10-25-08.55.40.146416 R11-M1-N2-C:J09-U11 RAS KERNEL INFO critical input interrupt (unit=0x0b bit=0x0b): warning for torus z- wire
- 1131019038 2005.11.03 R27-M1-N8-C:J16-U11 2005-11-03-03.57.18.815377 R27-M1-N8-C:J16-U11 RAS KERNEL INFO CE sym 30, at 0x1bd2b700, mask 0x04
- 1131036240 2005.11.03 R06-M0-NC-I:J18-U11 2005-11-03-08.44.00.733074 R06-M0-NC-I:J18-U11 RAS APP FATAL ciod: Error loading /home.old/glosli/src/ddcMD/ddcMD1.1.17/bin/ddcMDGbglV: invalid or missing program image, No such file or directory
- 1131058219 2005.11.03 R60-M0-N1-C:J14-U01 2005-11-03-14.50.19.824448 R60-M0-N1-C:J14-U01 RAS KERNEL INFO iar 001061dc dear 0244c25c
- 1131058319 2005.11.03 R67-M0-ND-C:J03-U01 2005-11-03-14.51.59.126492 R67-M0-ND-C:J03-U01 RAS KERNEL INFO iar 00106228 dear 0244c1ec
- 1131058409 2005.11.03 R60-M1-NF-C:J12-U11 2005-11-03-14.53.29.339977 R60-M1-NF-C:J12-U11 RAS KERNEL INFO iar 00105e94 dear 02f5883c
- 1131058477 2005.11.03 R65-M0-N4-C:J11-U11 2005-11-03-14.54.37.592074 R65-M0-N4-C:J11-U11 RAS KERNEL INFO iar 001061dc dear 0244c28c
- 1131060387 2005.11.03 R67-M0-N6-C:J03-U11 2005-11-03-15.26.27.238003 R67-M0-N6-C:J03-U11 RAS KERNEL INFO iar 00106580 dear 02494bfc
- 1131060431 2005.11.03 R66-M1-ND-C:J12-U11 2005-11-03-15.27.11.996914 R66-M1-ND-C:J12-U11 RAS KERNEL INFO iar 00106568 dear 02494bec
- 1131060739 2005.11.03 R67-M1-NA-C:J03-U11 2005-11-03-15.32.19.271963 R67-M1-NA-C:J03-U11 RAS KERNEL INFO iar 00106580 dear 02494c2c
- 1131060806 2005.11.03 R67-M0-N0-C:J03-U01 2005-11-03-15.33.26.605133 R67-M0-N0-C:J03-U01 RAS KERNEL INFO iar 00106580 dear 02494c2c
- 1131061513 2005.11.03 R60-M0-NA-C:J13-U01 2005-11-03-15.45.13.710540 R60-M0-NA-C:J13-U01 RAS KERNEL INFO iar 00106568 dear 045e140c
- 1131061592 2005.11.03 R65-M1-N4-C:J10-U01 2005-11-03-15.46.32.715061 R65-M1-N4-C:J10-U01 RAS KERNEL INFO iar 00106580 dear 045e141c
- 1131061783 2005.11.03 R64-M1-N3-C:J05-U11 2005-11-03-15.49.43.212690 R64-M1-N3-C:J05-U11 RAS KERNEL INFO iar 00106534 dear 045e145c
- 1131063627 2005.11.03 R42-M0-N0-C:J14-U01 2005-11-03-16.20.27.921728 R42-M0-N0-C:J14-U01 RAS KERNEL INFO 2354412 floating point alignment exceptions
- 1131063778 2005.11.03 R41-M0-N5-C:J06-U01 2005-11-03-16.22.58.761391 R41-M0-N5-C:J06-U01 RAS KERNEL INFO 2354412 floating point alignment exceptions
- 1131063785 2005.11.03 R54-M1-N2-C:J06-U01 2005-11-03-16.23.05.085001 R54-M1-N2-C:J06-U01 RAS KERNEL INFO 2354412 floating point alignment exceptions
- 1131064168 2005.11.03 R12-M0-NB-C:J13-U01 2005-11-03-16.29.28.796896 R12-M0-NB-C:J13-U01 RAS KERNEL INFO 2354412 floating point alignment exceptions
- 1131066789 2005.11.03 R24-M1-ND-C:J12-U11 2005-11-03-17.13.09.263119 R24-M1-ND-C:J12-U11 RAS KERNEL INFO 62500 floating point alignment exceptions
- 1131123589 2005.11.04 R62-M0-N6-C:J03-U01 2005-11-04-08.59.49.668674 R62-M0-N6-C:J03-U01 RAS KERNEL INFO iar 001061fc dear 02f6676c
- 1131125519 2005.11.04 R62-M0-N0-C:J14-U01 2005-11-04-09.31.59.900525 R62-M0-N0-C:J14-U01 RAS KERNEL INFO iar 00106bd8 dear 0245ce0c
- 1131126144 2005.11.04 R62-M0-NB-C:J16-U11 2005-11-04-09.42.24.810298 R62-M0-NB-C:J16-U11 RAS KERNEL INFO iar 00106bd8 dear 0245cd9c
- 1131126736 2005.11.04 R62-M0-N6-C:J15-U11 2005-11-04-09.52.16.767608 R62-M0-N6-C:J15-U11 RAS KERNEL INFO iar 00106bd8 dear 0245cf3c
- 1131127186 2005.11.04 R62-M0-N9-C:J08-U11 2005-11-04-09.59.46.036595 R62-M0-N9-C:J08-U11 RAS KERNEL INFO 45684 floating point alignment exceptions
- 1131127207 2005.11.04 R62-M0-N1-C:J10-U01 2005-11-04-10.00.07.211412 R62-M0-N1-C:J10-U01 RAS KERNEL INFO iar 00106704 dear 0245b80c
- 1131127212 2005.11.04 R62-M0-NF-C:J03-U01 2005-11-04-10.00.12.875334 R62-M0-NF-C:J03-U01 RAS KERNEL INFO iar 0010639c dear 0245b71c
- 1131127565 2005.11.04 R62-M0-N0-C:J13-U11 2005-11-04-10.06.05.176180 R62-M0-N0-C:J13-U11 RAS KERNEL INFO iar 00106704 dear 0245b6bc
- 1131127672 2005.11.04 R62-M0-NE-C:J02-U11 2005-11-04-10.07.52.715008 R62-M0-NE-C:J02-U11 RAS KERNEL INFO iar 001064fc dear 0245b64c
- 1131128125 2005.11.04 R62-M0-N0-C:J16-U01 2005-11-04-10.15.25.666952 R62-M0-N0-C:J16-U01 RAS KERNEL INFO iar 001061ec dear 02f6668c
- 1131128169 2005.11.04 R62-M0-N7-C:J06-U01 2005-11-04-10.16.09.870195 R62-M0-N7-C:J06-U01 RAS KERNEL INFO iar 001061ec dear 02f6668c
- 1131142767 2005.11.04 R62-M0-N0-C:J04-U11 2005-11-04-14.19.27.963289 R62-M0-N0-C:J04-U11 RAS KERNEL INFO iar 001066c4 dear 0252523c
- 1131142817 2005.11.04 R62-M0-N5-C:J16-U11 2005-11-04-14.20.17.262659 R62-M0-N5-C:J16-U11 RAS KERNEL INFO iar 001066c4 dear 0252529c
- 1131147217 2005.11.04 R63-M0-NF-C:J05-U01 2005-11-04-15.33.37.855786 R63-M0-NF-C:J05-U01 RAS KERNEL INFO 2667384 floating point alignment exceptions
- 1131163283 2005.11.04 R63-M0-N3-C:J02-U11 2005-11-04-20.01.23.415003 R63-M0-N3-C:J02-U11 RAS KERNEL INFO instruction cache parity error corrected
- 1131218683 2005.11.05 R11-M1-N4-C:J03-U01 2005-11-05-11.24.43.382408 R11-M1-N4-C:J03-U01 RAS KERNEL INFO 2 ddr errors(s) detected and corrected on rank 0, symbol 18, bit 6
- 1131473353 2005.11.08 R62-M0-N2-C:J13-U11 2005-11-08-10.09.13.667082 R62-M0-N2-C:J13-U11 RAS KERNEL INFO iar 001061e8 dear 0247012c
- 1131473377 2005.11.08 R62-M0-NA-C:J04-U11 2005-11-08-10.09.37.180669 R62-M0-NA-C:J04-U11 RAS KERNEL INFO iar 001061e8 dear 0247015c
- 1131474292 2005.11.08 R62-M0-NB-C:J12-U01 2005-11-08-10.24.52.743959 R62-M0-NB-C:J12-U01 RAS KERNEL INFO iar 001061e8 dear 0247015c
- 1131582345 2005.11.09 R63-M0-N5-C:J05-U11 2005-11-09-16.25.45.329267 R63-M0-N5-C:J05-U11 RAS KERNEL INFO iar 00106448 dear 0246db5c
- 1131583004 2005.11.09 R63-M0-NF-C:J05-U11 2005-11-09-16.36.44.235997 R63-M0-NF-C:J05-U11 RAS KERNEL INFO iar 00106288 dear 02f7a0fc
- 1131590881 2005.11.09 R63-M0-N4-C:J05-U11 2005-11-09-18.48.01.657230 R63-M0-N4-C:J05-U11 RAS KERNEL INFO iar 00113898 dear 0fee9c4c
KERNTERM 1131680322 2005.11.10 R63-M0-N6-C:J12-U11 2005-11-10-19.38.42.369022 R63-M0-N6-C:J12-U11 RAS KERNEL FATAL rts: kernel terminated for reason 1004
- 1131693152 2005.11.10 R63-M0-N5-C:J12-U01 2005-11-10-23.12.32.269153 R63-M0-N5-C:J12-U01 RAS KERNEL INFO 488205 floating point alignment exceptions
- 1132320935 2005.11.18 R02-M1-NC-I:J18-U01 2005-11-18-05.35.35.752458 R02-M1-NC-I:J18-U01 RAS KERNEL INFO ciod: Received signal 15, code=0, errno=0, address=0x000001b0
- 1132326853 2005.11.18 R63-M1-N4-I:J18-U01 2005-11-18-07.14.13.952254 R63-M1-N4-I:J18-U01 RAS KERNEL INFO ciod: Received signal 15, code=0, errno=0, address=0x000001b0
- 1132549418 2005.11.20 R55-M1-N8-I:J18-U11 2005-11-20-21.03.38.769342 R55-M1-N8-I:J18-U11 RAS KERNEL INFO ciod: generated 128 core files for program /g/g90/glosli/src/ddcMD/ddcMD1.1.18a/bin/ddcMDbglV
- 1132579592 2005.11.21 R10-M1-N0-I:J18-U11 2005-11-21-05.26.32.169664 R10-M1-N0-I:J18-U11 RAS KERNEL INFO ciod: Received signal 15, code=0, errno=0, address=0x000001b0
- 1132584089 2005.11.21 R26-M0-N0-I:J18-U11 2005-11-21-06.41.29.787206 R26-M0-N0-I:J18-U11 RAS KERNEL INFO MACHINE CHECK DCR read timeout (mc=e08x iar 0x00000000 lr 0xc00045a4)
- 1132584963 2005.11.21 R26-M0-N0-I:J18-U11 2005-11-21-06.56.03.369673 R26-M0-N0-I:J18-U11 RAS KERNEL INFO MACHINE CHECK DCR read timeout (mc=e08x iar 0x00000000 lr 0xc00045a4)
- 1132609277 2005.11.21 R55-M0-NC-I:J18-U01 2005-11-21-13.41.17.863430 R55-M0-NC-I:J18-U01 RAS KERNEL INFO ciod: Received signal 15, code=0, errno=0, address=0x0000044a
- 1132841276 2005.11.24 R03-M1-NF-C:J07-U01 2005-11-24-06.07.56.407913 R03-M1-NF-C:J07-U01 RAS KERNEL FATAL dbcr0=0x00000000 dbsr=0x00000000 ccr0=0x40002000
- 1132969138 2005.11.25 R76-M0-NC-I:J18-U11 2005-11-25-17.38.58.840897 R76-M0-NC-I:J18-U11 RAS KERNEL INFO ciod: Received signal 15, code=0, errno=0, address=0x000001f8
APPSEV 1133009333 2005.11.26 R54-M0-N0-I:J18-U01 2005-11-26-04.48.53.869394 R54-M0-N0-I:J18-U01 RAS APP FATAL ciod: Error reading message prefix on CioStream socket to 172.16.96.116:60243, Link has been severed
- 1133011767 2005.11.26 R01-M1-NC-I:J18-U11 2005-11-26-05.29.27.205468 R01-M1-NC-I:J18-U11 RAS KERNEL INFO ciod: Received signal 15, code=0, errno=0, address=0x000001f2
- 1133150722 2005.11.27 R15-M0-N0-I:J18-U11 2005-11-27-20.05.22.588765 R15-M0-N0-I:J18-U11 RAS KERNEL INFO ciod: Received signal 15, code=0, errno=0, address=0x000001f5
- 1133409475 2005.11.30 R15-M1-NC-I:J18-U01 2005-11-30-19.57.55.220367 R15-M1-NC-I:J18-U01 RAS APP FATAL ciod: LOGIN chdir(/g/g0/spelce1/Linpack_SWL) failed: No such file or directory
- 1133447761 2005.12.01 R17-M0-N8-C:J09-U11 2005-12-01-06.36.01.057694 R17-M0-N8-C:J09-U11 RAS KERNEL INFO 10744 total interrupts. 0 critical input interrupts. 0 microseconds total spent on critical input interrupts, 0 microseconds max time in a critical input interrupt.
- 1133447776 2005.12.01 R16-M0-N4-C:J07-U11 2005-12-01-06.36.16.876079 R16-M0-N4-C:J07-U11 RAS KERNEL INFO 10732 total interrupts. 0 critical input interrupts. 0 microseconds total spent on critical input interrupts, 0 microseconds max time in a critical input interrupt.
- 1133447958 2005.12.01 R13-M1-N9-C:J02-U11 2005-12-01-06.39.18.093254 R13-M1-N9-C:J02-U11 RAS KERNEL INFO 0 microseconds spent in the rbs signal handler during 0 calls. 0 microseconds was the maximum time for a single instance of a correctable ddr.
- 1133448039 2005.12.01 R55-M1-N5-C:J04-U01 2005-12-01-06.40.39.460137 R55-M1-N5-C:J04-U01 RAS KERNEL INFO 0 microseconds spent in the rbs signal handler during 0 calls. 0 microseconds was the maximum time for a single instance of a correctable ddr.
- 1133448053 2005.12.01 R37-M0-N3-C:J11-U11 2005-12-01-06.40.53.513066 R37-M0-N3-C:J11-U11 RAS KERNEL INFO 10722 total interrupts. 0 critical input interrupts. 0 microseconds total spent on critical input interrupts, 0 microseconds max time in a critical input interrupt.
- 1133448090 2005.12.01 R50-M0-N9-C:J11-U01 2005-12-01-06.41.30.114225 R50-M0-N9-C:J11-U01 RAS KERNEL INFO 10692 total interrupts. 0 critical input interrupts. 0 microseconds total spent on critical input interrupts, 0 microseconds max time in a critical input interrupt.
- 1133448166 2005.12.01 R32-M0-N4-C:J17-U11 2005-12-01-06.42.46.338885 R32-M0-N4-C:J17-U11 RAS KERNEL INFO 10732 total interrupts. 0 critical input interrupts. 0 microseconds total spent on critical input interrupts, 0 microseconds max time in a critical input interrupt.
- 1133448410 2005.12.01 R41-M0-NB-C:J05-U11 2005-12-01-06.46.50.571631 R41-M0-NB-C:J05-U11 RAS KERNEL INFO 0 microseconds spent in the rbs signal handler during 0 calls. 0 microseconds was the maximum time for a single instance of a correctable ddr.
- 1133448468 2005.12.01 R77-M0-N5-C:J04-U11 2005-12-01-06.47.48.847938 R77-M0-N5-C:J04-U11 RAS KERNEL INFO 10710 total interrupts. 0 critical input interrupts. 0 microseconds total spent on critical input interrupts, 0 microseconds max time in a critical input interrupt.
- 1133448479 2005.12.01 R64-M0-N2-C:J16-U01 2005-12-01-06.47.59.953454 R64-M0-N2-C:J16-U01 RAS KERNEL INFO 0 microseconds spent in the rbs signal handler during 0 calls. 0 microseconds was the maximum time for a single instance of a correctable ddr.
- 1133448658 2005.12.01 R27-M0-NE-C:J17-U11 2005-12-01-06.50.58.300024 R27-M0-NE-C:J17-U11 RAS KERNEL INFO 10740 total interrupts. 0 critical input interrupts. 0 microseconds total spent on critical input interrupts, 0 microseconds max time in a critical input interrupt.
- 1133454591 2005.12.01 R15-M0-N3-C:J09-U11 2005-12-01-08.29.51.750461 R15-M0-N3-C:J09-U11 RAS KERNEL INFO 0 microseconds spent in the rbs signal handler during 0 calls. 0 microseconds was the maximum time for a single instance of a correctable ddr.
- 1133454715 2005.12.01 R11-M1-N3-C:J10-U01 2005-12-01-08.31.55.274517 R11-M1-N3-C:J10-U01 RAS KERNEL INFO 10752 total interrupts. 0 critical input interrupts. 0 microseconds total spent on critical input interrupts, 0 microseconds max time in a critical input interrupt.
- 1133454734 2005.12.01 R07-M1-N7-C:J14-U01 2005-12-01-08.32.14.399124 R07-M1-N7-C:J14-U01 RAS KERNEL INFO 0 microseconds spent in the rbs signal handler during 0 calls. 0 microseconds was the maximum time for a single instance of a correctable ddr.
- 1133454737 2005.12.01 R50-M1-NA-C:J11-U11 2005-12-01-08.32.17.451081 R50-M1-NA-C:J11-U11 RAS KERNEL INFO 10738 total interrupts. 0 critical input interrupts. 0 microseconds total spent on critical input interrupts, 0 microseconds max time in a critical input interrupt.
- 1133454783 2005.12.01 R05-M0-N5-C:J08-U11 2005-12-01-08.33.03.466525 R05-M0-N5-C:J08-U11 RAS KERNEL INFO 0 microseconds spent in the rbs signal handler during 0 calls. 0 microseconds was the maximum time for a single instance of a correctable ddr.
- 1133455058 2005.12.01 R53-M1-N9-C:J11-U11 2005-12-01-08.37.38.478575 R53-M1-N9-C:J11-U11 RAS KERNEL INFO 10722 total interrupts. 0 critical input interrupts. 0 microseconds total spent on critical input interrupts, 0 microseconds max time in a critical input interrupt.
- 1133455319 2005.12.01 R40-M0-N8-C:J06-U11 2005-12-01-08.41.59.328614 R40-M0-N8-C:J06-U11 RAS KERNEL INFO 0 microseconds spent in the rbs signal handler during 0 calls. 0 microseconds was the maximum time for a single instance of a correctable ddr.
- 1133455488 2005.12.01 R25-M0-N7-C:J07-U01 2005-12-01-08.44.48.531704 R25-M0-N7-C:J07-U01 RAS KERNEL INFO 0 microseconds spent in the rbs signal handler during 0 calls. 0 microseconds was the maximum time for a single instance of a correctable ddr.
- 1133455494 2005.12.01 R44-M1-NC-C:J03-U01 2005-12-01-08.44.54.498009 R44-M1-NC-C:J03-U01 RAS KERNEL INFO 10714 total interrupts. 0 critical input interrupts. 0 microseconds total spent on critical input interrupts, 0 microseconds max time in a critical input interrupt.
- 1133455511 2005.12.01 R25-M1-ND-C:J08-U01 2005-12-01-08.45.11.599274 R25-M1-ND-C:J08-U01 RAS KERNEL INFO 0 microseconds spent in the rbs signal handler during 0 calls. 0 microseconds was the maximum time for a single instance of a correctable ddr.
- 1133455517 2005.12.01 R43-M1-ND-C:J08-U01 2005-12-01-08.45.17.404927 R43-M1-ND-C:J08-U01 RAS KERNEL INFO 10636 total interrupts. 0 critical input interrupts. 0 microseconds total spent on critical input interrupts, 0 microseconds max time in a critical input interrupt.
- 1133458363 2005.12.01 R00-M0-N8-C:J17-U01 2005-12-01-09.32.43.947020 R00-M0-N8-C:J17-U01 RAS KERNEL INFO 720 total interrupts. 0 critical input interrupts. 0 microseconds total spent on critical input interrupts, 0 microseconds max time in a critical input interrupt.
- 1133573986 2005.12.02 R66-M0-N1-C:J03-U01 2005-12-02-17.39.46.428006 R66-M0-N1-C:J03-U01 RAS KERNEL INFO CE sym 15, at 0x06a72120, mask 0x04
- 1133638373 2005.12.03 R56-M0-NA-C:J15-U11 2005-12-03-11.32.53.165837 R56-M0-NA-C:J15-U11 RAS KERNEL INFO Kernel detected 35591540 integer alignment exceptions (35591533) iar 0x0023f108, dear 0x1feaa260 (35591534) iar 0x00265564, dear 0x1feaa1c0 (35591535) iar 0x00265574, dear 0x1feaa1e0 (35591536) iar 0x00265578, dear 0x1feaa200 (35591537) iar 0x00265588, dear 0x1feaa220 (35591538) iar 0x0026558c, dear 0x1feaa240 (35591539) iar 0x00265594, dear 0x1feaa260 (35591540) iar 0x00265598, dear 0x1feaa280
- 1133691676 2005.12.04 R65-M1-NA-C:J14-U01 2005-12-04-02.21.16.848710 R65-M1-NA-C:J14-U01 RAS KERNEL INFO CE sym 27, at 0x1b70b860, mask 0x80
- 1133928125 2005.12.06 R36-M0-N7-C:J09-U11 2005-12-06-20.02.05.596871 R36-M0-N7-C:J09-U11 RAS KERNEL INFO Kernel detected 3946290 integer alignment exceptions (3946283) iar 0x00544ea8, dear 0x01ef6080 (3946284) iar 0x00544eb8, dear 0x01ef60a0 (3946285) iar 0x00544ea8, dear 0x01ef60c0 (3946286) iar 0x00544eb8, dear 0x01ef60e0 (3946287) iar 0x00544ee0, dear 0x01ef6100 (3946288) iar 0x00544ef0, dear 0x01ef6120 (3946289) iar 0x00544ee0, dear 0x01ef6140 (3946290) iar 0x00544ef0, dear 0x01ef6160
- 1133928743 2005.12.06 R36-M0-NE-C:J13-U01 2005-12-06-20.12.23.534341 R36-M0-NE-C:J13-U01 RAS KERNEL INFO Kernel detected 3486044 integer alignment exceptions (3486037) iar 0x00544ea8, dear 0x01ef7c60 (3486038) iar 0x00544eb8, dear 0x01ef7c80 (3486039) iar 0x00544ea8, dear 0x01ef7ca0 (3486040) iar 0x00544eb8, dear 0x01ef7cc0 (3486041) iar 0x00544ee0, dear 0x01ef7ce0 (3486042) iar 0x00544ef0, dear 0x01ef7d00 (3486043) iar 0x00544ee0, dear 0x01ef7d20 (3486044) iar 0x00544ef0, dear 0x01ef7d40
- 1134117490 2005.12.09 R70-M0-N7-C:J15-U01 2005-12-09-00.38.10.632331 R70-M0-N7-C:J15-U01 RAS KERNEL INFO 1 ddr error(s) detected and corrected on rank 0, symbol 9 over 986 seconds
- 1134130421 2005.12.09 R34-M1-NB-C:J17-U11 2005-12-09-04.13.41.810977 R34-M1-NB-C:J17-U11 RAS KERNEL INFO total of 5 ddr error(s) detected and corrected over 9108 seconds
- 1134161388 2005.12.09 R07-M0-N8-I:J18-U11 2005-12-09-12.49.48.361835 R07-M0-N8-I:J18-U11 RAS APP FATAL ciod: Error loading /bgl/apps/SWL/stability/HPL/WORK/1501./hpl_DD: invalid or missing program image, No such file or directory
- 1134259774 2005.12.10 R15-M1-NE-C:J06-U01 2005-12-10-16.09.34.106950 R15-M1-NE-C:J06-U01 RAS KERNEL INFO 28 ddr error(s) detected and corrected on rank 0, symbol 21 over 11562 seconds
- 1134784680 2005.12.16 R66-M0-N8-I:J18-U01 2005-12-16-17.58.00.577715 R66-M0-N8-I:J18-U01 RAS KERNEL INFO ciod: pollControlDescriptors: Detected the debugger died.
- 1134954903 2005.12.18 R13-M1-N1-C:J03-U01 2005-12-18-17.15.03.147145 R13-M1-N1-C:J03-U01 RAS KERNEL INFO total of 3 ddr error(s) detected and corrected over 8732 seconds
- 1135643288 2005.12.26 R37-M1-NC-C:J02-U11 2005-12-26-16.28.08.716176 R37-M1-NC-C:J02-U11 RAS KERNEL INFO instruction cache parity error corrected
- 1135665476 2005.12.26 R37-M1-NC-C:J02-U11 2005-12-26-22.37.56.529871 R37-M1-NC-C:J02-U11 RAS KERNEL INFO instruction cache parity error corrected
