20171223-22:15:29:635|Step_SPUtils|30002312| getTodayTotalDetailSteps = 1514038440000##6993##548365##8661##12266##27164404
20171223-22:15:29:648|Step_ExtSDM|30002312|calculateAltitudeWithCache totalAltitude=240
20171223-22:15:29:738|Step_LSC|30002312|onStandStepChanged 3579
20171223-22:15:30:632|Step_SPUtils|30002312| getTodayTotalDetailSteps = 1514038440000##7008##548365##8661##12456##27174269
20171223-22:15:30:841|Step_LSC|30002312|onStandStepChanged 3583
20171223-22:15:31:160|Step_ExtSDM|30002312|calculateAltitudeWithCache totalAltitude=240
20171223-22:15:32:162|Step_ExtSDM|30002312|calculateAltitudeWithCache totalAltitude=240
20171223-22:15:32:658|Step_ExtSDM|30002312|calculateAltitudeWithCache totalAltitude=240
20171223-22:15:32:846|Step_LSC|30002312|onExtend:1514038533000 1 0 4
20171223-22:15:33:144|Step_SPUtils|30002312|setTodayTotalDetailSteps=1514038440000##7014##548365##8661##12931##27177463
20171223-22:15:33:663|Step_StandReportReceiver|30002312|REPORT : 7015 5008 150261 240
20171223-22:15:35:20|Step_ExtSDM|30002312|calculateCaloriesWithCache totalCalories=126989
20171223-22:15:35:96|Step_StandReportReceiver|30002312|onReceive action: android.intent.action.SCREEN_ON
20171223-22:15:35:98|Step_SPUtils|30002312|setTodayTotalDetailSteps=1514038440000##7017##548365##8661##13216##27179417
20171223-22:15:35:98|Step_LSC|30002312|onStandStepChanged 3589
20171223-22:15:35:348|Step_LSC|30002312|onStandStepChanged 3590
20171223-22:15:35:413|Step_SPUtils|30002312|setTodayTotalDetailSteps=1514038440000##7018##548365##8661##13311##27179732
20171223-22:15:35:418|Step_ExtSDM|30002312|calculateCaloriesWithCache totalCalories=127011
20171223-22:15:35:421|Step_ExtSDM|30002312|calculateAltitudeWithCache totalAltitude=240
20171223-22:15:36:149|Step_SPUtils|30002312|setTodayTotalDetailSteps=1514038440000##7019##548365##8661##13406##27180468
20171223-22:15:38:159|Step_ExtSDM|30002312|calculateCaloriesWithCache totalCalories=127097
20171223-22:15:38:653|Step_SPUtils|30002312| getTodayTotalDetailSteps = 1514038440000##7022##548365##8661##13691##27182468
20171223-22:15:39:150|Step_SPUtils|30002312| getTodayTotalDetailSteps = 1514038440000##7023##548365##8661##13786##27182973
20171223-22:15:39:156|Step_StandReportReceiver|30002312|REPORT : 7024 5015 150454 240
20171223-22:15:40:365|Step_LSC|30002312|onExtend:1514038541000 1 0 4
20171223-22:15:40:675|Step_ExtSDM|30002312|calculateAltitudeWithCache totalAltitude=240
20171223-22:15:41:667|Step_ExtSDM|30002312|calculateCaloriesWithCache totalCalories=127225
20171223-22:15:41:856|Step_LSC|30002312|onExtend:1514038542000 1 0 4
20171223-22:15:42:151|Step_SPUtils|30002312|setTodayTotalDetailSteps=1514038440000##7029##548365##8661##14356##27186469
20171223-22:15:42:160|Step_ExtSDM|30002312|calculateCaloriesWithCache totalCalories=127246
20171223-22:15:42:165|Step_StandReportReceiver|30002312|REPORT : 7029 5018 150561 240
20171223-22:15:42:848|Step_LSC|30002312|onStandStepChanged 3602
20171223-22:15:44:152|Step_SPUtils|30002312| getTodayTotalDetailSteps = 1514038440000##7031##548365##8661##14546##27187968
20171223-22:15:45:851|Step_LSC|30002312|onExtend:1514038546000 1 0 4
20171223-22:15:46:355|Step_LSC|30002312|onExtend:1514038547000 1 0 4
20171223-22:15:47:857|Step_LSC|30002312|onStandStepChanged 3610
20171223-22:15:47:860|Step_LSC|30002312|onExtend:1514038548000 1 0 4
20171223-22:15:49:668|Step_ExtSDM|30002312|calculateCaloriesWithCache totalCalories=127482
20171223-22:15:51:152|Step_SPUtils|30002312|setTodayTotalDetailSteps=1514038440000##7042##548365##8661##15591##27195470
20171223-22:15:51:181|Step_StandReportReceiver|30002312|REPORT : 7042 5027 150839 240
20171223-22:15:53:349|Step_LSC|30002312|onStandStepChanged 3619
20171223-22:15:53:653|Step_SPUtils|30002312| getTodayTotalDetailSteps = 1514038440000##7045##548365##8661##15781##27196970
20171223-22:15:53:653|Step_SPUtils|30002312|setTodayTotalDetailSteps=1514038440000##7047##548365##8661##15876##27197972
20171223-22:15:53:665|Step_ExtSDM|30002312|calculateCaloriesWithCache totalCalories=127632
20171223-22:15:55:650|Step_SPUtils|30002312| getTodayTotalDetailSteps = 1514038440000##7048##548365##8661##15971##27198970
20171223-22:15:55:650|Step_SPUtils|30002312|setTodayTotalDetailSteps=1514038440000##7050##548365##8661##16066##27199969
20171223-22:15:57:851|Step_LSC|30002312|onStandStepChanged 3625
20171223-22:16:0:150|Step_SPUtils|30002312| getTodayTotalDetailSteps = 1514038440000##7053##548365##8661##16256##27202475
20171223-22:16:0:849|Step_LSC|30002312|onStandStepChanged 3626
20171223-22:16:0:859|Step_LSC|30002312|onExtend:1514038561000 0 0 0
20171223-22:16:1:172|Step_ExtSDM|30002312|calculateAltitudeWithCache totalAltitude=240
20171223-22:17:18:850|Step_LSC|30002312|onStandStepChanged 3626
20171223-22:17:19:151|Step_SPUtils|30002312| getTodayTotalDetailSteps = 1514038500000##7054##548551##8661##16256##27205469
20171223-22:17:20:652|Step_SPUtils|30002312|setTodayTotalDetailSteps=1514038560000##7056##548553##8661##16256##27284971
20171223-22:17:20:675|Step_StandReportReceiver|30002312|REPORT : 7056 5037 151139 240
20171223-22:17:21:649|Step_SPUtils|30002312|setTodayTotalDetailSteps=1514038560000##7060##548555##8661##16256##27285968
20171223-22:17:22:166|Step_ExtSDM|30002312|calculateAltitudeWithCache totalAltitude=240
20171223-22:17:22:170|Step_StandReportReceiver|30002312|REPORT : 7062 5042 151268 240
20171223-22:17:22:661|Step_ExtSDM|30002312|calculateCaloriesWithCache totalCalories=127996
20171223-22:17:23:160|Step_ExtSDM|30002312|calculateCaloriesWithCache totalCalories=128039
20171223-22:17:23:358|Step_LSC|30002312|onExtend:1514038644000 2 0 4
20171223-22:17:23:851|Step_LSC|30002312|onStandStepChanged 3642
20171223-22:17:24:167|Step_StandReportReceiver|30002312|REPORT : 7070 5047 151439 240
20171223-22:17:24:654|Step_SPUtils|30002312|setTodayTotalDetailSteps=1514038560000##7071##548561##8661##16256##27288973
20171223-22:17:24:664|Step_ExtSDM|30002312|calculateCaloriesWithCache totalCalories=128146
20171223-22:17:25:150|Step_SPUtils|30002312| getTodayTotalDetailSteps = 1514038560000##7071##548561##8661##16256##27288973
20171223-22:17:25:162|Step_ExtSDM|30002312|calculateAltitudeWithCache totalAltitude=240
20171223-22:17:45:169|Step_StandReportReceiver|30002312|REPORT : 7075 5051 151546 240
20171223-22:17:45:649|Step_SPUtils|30002312| getTodayTotalDetailSteps = 1514038560000##7075##548564##8661##16256##27309470
20171223-22:17:49:166|Step_ExtSDM|30002312|calculateAltitudeWithCache totalAltitude=240
20171223-22:17:50:354|Step_LSC|30002312|onExtend:1514038671000 1 0 4
20171223-22:17:50:661|Step_ExtSDM|30002312|calculateAltitudeWithCache totalAltitude=240
20171223-22:17:51:161|Step_ExtSDM|30002312|calculateAltitudeWithCache totalAltitude=240
20171223-22:17:52:169|Step_StandReportReceiver|30002312|REPORT : 7101 5070 152103 240
20171223-22:17:53:149|Step_SPUtils|30002312| getTodayTotalDetailSteps = 1514038560000##7101##548578##8661##16256##27316470
20171223-22:17:53:169|Step_StandReportReceiver|30002312|REPORT : 7102 5070 152124 240
20171223-22:17:53:859|Step_LSC|30002312|onExtend:1514038674000 1 0 4
20171223-22:17:55:154|Step_SPUtils|30002312|setTodayTotalDetailSteps=1514038560000##7104##548581##8661##16256##27319473
20171223-22:17:55:166|Step_ExtSDM|30002312|calculateAltitudeWithCache totalAltitude=240
20171223-22:17:55:649|Step_SPUtils|30002312| getTodayTotalDetailSteps = 1514038560000##7104##548581##8661##16256##27319473
20171223-22:17:56:666|Step_ExtSDM|30002312|calculateCaloriesWithCache totalCalories=128895
20171223-22:17:56:671|Step_ExtSDM|30002312|calculateAltitudeWithCache totalAltitude=240
20171223-22:17:58:151|Step_SPUtils|30002312|setTodayTotalDetailSteps=1514038560000##7109##548585##8661##16256##27322469
20171223-22:18:0:134|Step_LSC|30002312|processHandleBroadcastAction action:android.intent.action.TIME_TICK
20171223-22:18:0:158|Step_SPUtils|30002312| getTodayTotalDetailSteps = 1514038560000##7109##548585##8661##16256##27322469
20171223-22:18:1:649|Step_SPUtils|30002312| getTodayTotalDetailSteps = 1514038620000##7111##548640##8661##16256##27324478
20171223-22:18:1:664|Step_StandReportReceiver|30002312|REPORT : 7112 5077 152339 240
20171223-22:18:5:358|Step_LSC|30002312|onExtend:1514038686000 1 0 4
20171223-22:19:10:149|Step_SPUtils|30002312| getTodayTotalDetailSteps = 1514038680000##7126##548880##8661##16256##27393971
20171223-22:19:10:160|Step_ExtSDM|30002312|calculateCaloriesWithCache totalCalories=129366
20171223-22:19:10:664|Step_StandReportReceiver|30002312|REPORT : 7130 5090 152724 240
20171223-22:19:11:164|Step_StandReportReceiver|30002312|REPORT : 7132 5092 152767 240
20171223-22:19:11:650|Step_SPUtils|30002312| getTodayTotalDetailSteps = 1514038680000##7132##548895##8661##16256##27395468
20171223-22:19:11:651|Step_SPUtils|30002312|setTodayTotalDetailSteps=1514038680000##7135##548900##8661##16256##27395969
20171223-22:19:11:661|Step_StandReportReceiver|30002312|REPORT : 7135 5094 152831 240
20171223-22:19:14:686|Step_ExtSDM|30002312|calculateAltitudeWithCache totalAltitude=240
20171223-22:19:57:763|Step_LSC|30002312|onExtend:1514038798000 0 0 4
20171223-22:19:57:777|Step_SPUtils|30002312| getTodayTotalDetailSteps = 1514038680000##7154##548920##8661##16256##27400475
20171223-22:19:57:796|Step_ExtSDM|30002312|calculateAltitudeWithCache totalAltitude=240
20171223-22:19:58:363|Step_LSC|30002312|flushTempCacheToDB by stand
20171223-22:19:58:366|Step_FlushableStepDataCache|30002312|upLoadOneMinuteDataToEngine time=25233975,0,93,0,20002
20171223-22:19:58:366|Step_FlushableStepDataCache|30002312|upLoadOneMinuteDataToEngine time=25233977,0,55,0,20002
20171223-22:19:58:373|Step_LSC|30002312|onExtend:1514038799000 3 0 4
20171223-22:19:58:380|HiH_HiHealthDataInsertStore|30002312|saveHealthDetailData() saveOneDetailData fail hiHealthData = 1513958400000,type = 40003
20171223-22:19:58:381|HiH_HiHealthDataInsertStore|30002312|saveStatData() type =40004,time = 1513958400000,statClient = 2,who is 1
20171223-22:19:58:382|HiH_DataStatManager|30002312|new date =20171223, type=40004,5112.0,old=4985.0
20171223-22:19:58:411|HiH_HiHealthBinder|30002312|insertHiHealthData() bulkSaveDetailHiHealthData fail errorCode = 4,errorMessage = ERR_DATA_INSERT 
20171223-22:19:58:416|HiH_HiSyncControl|30002312|startInsertSportSync start auto sync,app is 1
20171223-22:19:58:417|HiH_HiSyncUtil|30002312|checkFirstSyncByType no such data in db ,type is 1 deviceCode is 0
20171223-22:19:58:505|Step_SPUtils|30002312|setWriteDBLastDataMinute=25233979
20171223-22:19:58:516|HiH_HiSyncControl|30002312|startSync hiSyncOption = HiSyncOption{syncAction=2, syncMethod=2, syncScope=0, syncDataType=20000, syncModel=2, pushAction=0},app = 1 who = 1
20171223-22:19:58:517|HiH_HiSyncControl|30002312|needAutoSync autoSyncSwitch is open
20171223-22:19:58:518|HiH_HiSyncControl|30002312|initUserPrivacy the userPrivacy switch is open, start push user data!
20171223-22:19:58:518|HiH_HiSyncControl|30002312|ifCanSync not! no cloud version
20171223-22:19:58:872|Step_LSC|30002312|onExtend:1514038799000 2 0 4
20171223-22:19:59:373|Step_LSC|30002312|onExtend:1514038800000 2 0 4
20171223-22:19:59:681|Step_ExtSDM|30002312|calculateAltitudeWithCache totalAltitude=240
20171223-22:20:0:165|Step_SPUtils|30002312|setTodayTotalDetailSteps=1514038740000##7170##548996##8661##16256##27444484
20171223-22:20:0:174|Step_ExtSDM|30002312|calculateCaloriesWithCache totalCalories=130266
20171223-22:20:1:166|Step_SPUtils|30002312| getTodayTotalDetailSteps = 1514038740000##7173##549047##8661##16256##27444985
20171223-22:20:1:363|Step_LSC|30002312|onStandStepChanged 3748
20171223-22:20:2:174|Step_ExtSDM|30002312|calculateCaloriesWithCache totalCalories=130458
20171223-22:20:2:375|Step_LSC|30002312|onExtend:1514038803000 2 0 4
20171223-22:20:3:862|Step_LSC|30002312|onStandStepChanged 3757
20171223-22:20:4:680|Step_StandReportReceiver|30002312|REPORT : 7186 5130 153924 240
20171223-22:20:5:377|Step_LSC|30002312|onExtend:1514038806000 1 0 4
20171223-22:20:5:664|Step_SPUtils|30002312|setTodayTotalDetailSteps=1514038740000##7187##549455##8661##16256##27449982
20171223-22:20:7:666|Step_SPUtils|30002312|setTodayTotalDetailSteps=1514038740000##7188##549506##8661##16256##27451985
20171223-22:20:8:172|Step_SPUtils|30002312| getTodayTotalDetailSteps = 1514038740000##7188##549506##8661##16256##27451985
20171223-22:20:8:180|Step_ExtSDM|30002312|calculateCaloriesWithCache totalCalories=130673
20171223-22:20:12:863|Step_LSC|30002312|onStandStepChanged 3761
20171223-22:20:15:885|Step_LSC|30002312|onExtend:1514038816000 0 0 5
20171223-22:24:22:206|Step_LSC|30002312|processHandleBroadcastAction action:android.intent.action.SCREEN_ON
20171223-22:24:22:207|Step_SPUtils|30002312| getTodayTotalDetailSteps = 1514038740000##7189##549659##8661##16256##27460494
20171223-22:24:22:207|Step_SPUtils|30002312|setTodayTotalDetailSteps=1514038980000##7189##549659##8661##16256##27706526
20171223-22:24:22:215|Step_StandReportReceiver|30002312|REPORT : 7189 5132 153988 240
20171223-22:24:52:184|Step_SPUtils|30002312| getTodayTotalDetailSteps = 1514038980000##7189##549659##8661##16256##27706835
20171223-22:24:52:185|Step_SPUtils|30002312|setTodayTotalDetailSteps=1514038980000##7189##549659##8661##16256##27736503
20171223-22:24:53:897|Step_LSC|30002312|onExtend:1514039093000 0 0 0
20171223-22:25:0:162|Step_LSC|30002312|processHandleBroadcastAction action:android.intent.action.TIME_TICK
20171223-22:28:38:344|Step_LSC|30002312|processHandleBroadcastAction action:android.intent.action.TIME_TICK
20171223-22:30:24:27|Step_StandStepCounter|30002312|flush sensor data
20171223-22:30:24:46|Step_StandReportReceiver|30002312|REPORT : 7189 5132 153988 240
20171223-22:30:24:355|Step_ExtSDM|30002312|calculateCaloriesWithCache totalCalories=130673
20171223-22:31:54:515|Step_StandReportReceiver|30002312|onReceive action: android.intent.action.SCREEN_OFF
20171223-22:32:28:798|HiH_HiSyncControl|30002312|needAutoSync autoSyncSwitch is open
20171223-22:33:9:938|Step_LSC|30002312|onExtend:1514039590000 0 0 5
20171223-22:33:46:314|Step_ExtSDM|30002312|calculateAltitudeWithCache totalAltitude=240
20171223-22:36:0:138|Step_LSC|30002312|processHandleBroadcastAction action:android.intent.action.TIME_TICK
20171223-22:37:15:240|Step_SPUtils|30002312|setTodayTotalDetailSteps=1514039760000##7189##549659##8661##16256##28479559
20171223-22:37:15:253|Step_ExtSDM|30002312|calculateAltitudeWithCache totalAltitude=240
20171223-22:39:25:301|Step_SPUtils|30002312| getTodayTotalDetailSteps = 1514039760000##7189##549659##8661##16256##28479559
20171223-22:39:25:302|Step_SPUtils|30002312|setTodayTotalDetailSteps=1514039880000##7189##549659##8661##16256##28609620
20171223-22:39:25:314|Step_StandReportReceiver|30002312|REPORT : 7189 5132 153988 240
20171223-22:39:25:446|Step_LSC|30002312|processHandleBroadcastAction action:android.intent.action.TIME_TICK
20171223-22:39:25:614|Step_SPUtils|30002312| getTodayTotalDetailSteps = 1514039880000##7189##549659##8661##16256##28609620
20171223-22:45:48:956|Step_LSC|30002312|onStandStepChanged 3761
20171223-22:45:49:273|Step_ExtSDM|30002312|calculateCaloriesWithCache totalCalories=130673
20171223-22:45:49:278|Step_ExtSDM|30002312|calculateAltitudeWithCache totalAltitude=240
20171223-22:51:3:275|Step_ExtSDM|30002312|calculateCaloriesWithCache totalCalories=130673
20171223-22:51:37:292|Step_LSC|30002312|processHandleBroadcastAction action:android.intent.action.SCREEN_ON
20171223-22:51:37:302|Step_ExtSDM|30002312|calculateCaloriesWithCache totalCalories=130673
20171223-22:51:49:298|Step_ExtSDM|30002312|calculateCaloriesWithCache totalCalories=130673
20171223-22:52:45:412|Step_LSC|30002312|onStandStepChanged 3761
20171223-22:52:45:415|Step_LSC|30002312|onExtend:1514040766000 0 0 5
20171223-22:52:45:486|Step_LSC|30002312|processHandleBroadcastAction action:android.intent.action.SCREEN_ON
20171223-22:52:45:587|Step_LSC|30002312|onStandStepChanged 3761
20171223-22:52:45:810|Step_ExtSDM|30002312|calculateCaloriesWithCache totalCalories=130673
20171223-22:52:45:987|Step_LSC|30002312|onExtend:1514040766000 0 0 0
20171223-22:52:46:287|Step_SPUtils|30002312|setTodayTotalDetailSteps=1514040660000##7189##549659##8661##16256##29410605
20171223-22:52:51:993|Step_LSC|30002312|onExtend:1514040772000 0 0 5
20171223-22:52:55:718|Step_StandReportReceiver|30002312|onReceive action: android.intent.action.SCREEN_OFF
20171223-22:53:1:185|Step_LSC|30002312|onExtend:1514040836000 0 0 0
20171223-22:53:1:213|Step_StandStepCounter|30002312|flush sensor data
20171223-22:53:1:218|Step_LSC|30002312|onStandStepChanged 3761
20171223-22:53:7:299|Step_SPUtils|30002312| getTodayTotalDetailSteps = 1514040720000##7189##549659##8661##16256##29425847
20171223-22:53:12:704|Step_LSC|30002312|onExtend:1514040793000 0 0 5
20171223-22:53:12:720|Step_LSC|30002312|onStandStepChanged 3761
20171223-22:55:20:126|Step_StandReportReceiver|30002312|onReceive action: android.intent.action.SCREEN_OFF
20171223-22:56:0:140|Step_LSC|30002312|processHandleBroadcastAction action:android.intent.action.TIME_TICK
20171223-23:2:31:995|Step_LSC|30002312|processHandleBroadcastAction action:android.intent.action.TIME_TICK
20171223-23:7:6:75|Step_LSC|30002312|onStandStepChanged 3761
20171223-23:7:6:86|Step_LSC|30002312|onExtend:1514041086000 0 0 5
20171223-23:7:6:86|Step_LSC|30002312|onExtend:1514041446000 0 0 5
20171223-23:7:7:391|Step_ExtSDM|30002312|calculateCaloriesWithCache totalCalories=130673
20171223-23:7:50:266|Step_SPUtils|30002312| getTodayTotalDetailSteps = 1514041560000##7189##549659##8661##16256##30271693
20171223-23:7:51:225|Step_SPUtils|30002312| getTodayTotalDetailSteps = 1514041560000##7189##549659##8661##16256##30314585
20171223-23:7:51:235|Step_ExtSDM|30002312|calculateCaloriesWithCache totalCalories=130673
20171223-23:7:51:238|Step_ExtSDM|30002312|calculateAltitudeWithCache totalAltitude=240
20171223-23:8:9:233|Step_StandReportReceiver|30002312|REPORT : 7189 5132 153988 240
20171223-23:8:9:235|Step_SPUtils|30002312|setTodayTotalDetailSteps=1514041620000##7189##549659##8661##16256##30333554
20171223-23:8:9:253|Step_ExtSDM|30002312|calculateAltitudeWithCache totalAltitude=240
20171223-23:8:19:419|Step_ExtSDM|30002312|calculateCaloriesWithCache totalCalories=130673
20171223-23:11:38:10|Step_LSC|30002312|processHandleBroadcastAction action:android.intent.action.TIME_TICK
20171223-23:12:28:131|Step_LSC|30002312|processHandleBroadcastAction action:android.intent.action.TIME_TICK
20171223-23:14:24:390|Step_StandStepCounter|30002312|flush sensor data
20171223-23:14:25:106|Step_LSC|30002312|onStandStepChanged 3761
20171223-23:14:42:909|Step_SPUtils|30002312| getTodayTotalDetailSteps = 1514041980000##7189##549659##8661##16256##30709727
20171223-23:14:42:933|Step_StandReportReceiver|30002312|REPORT : 7191 5134 154031 240
20171223-23:14:44:431|Step_ExtSDM|30002312|calculateAltitudeWithCache totalAltitude=240
20171223-23:14:44:610|Step_LSC|30002312|onStandStepChanged 3770
20171223-23:14:44:914|Step_SPUtils|30002312|setTodayTotalDetailSteps=1514041980000##7198##549659##8661##16256##30729233
20171223-23:14:45:916|Step_ExtSDM|30002312|calculateCaloriesWithCache totalCalories=130951
20171223-23:14:47:432|Step_ExtSDM|30002312|calculateAltitudeWithCache totalAltitude=240
20171223-23:14:48:907|Step_SPUtils|30002312|setTodayTotalDetailSteps=1514041980000##7214##549659##8661##16256##30733226
20171223-23:14:48:922|Step_ExtSDM|30002312|calculateCaloriesWithCache totalCalories=131208
20171223-23:14:52:410|Step_SPUtils|30002312| getTodayTotalDetailSteps = 1514041980000##7214##549659##8661##16256##30733226
20171223-23:14:52:411|Step_SPUtils|30002312|setTodayTotalDetailSteps=1514041980000##7214##549659##8661##16256##30736730
20171223-23:14:52:424|Step_ExtSDM|30002312|calculateAltitudeWithCache totalAltitude=240
20171223-23:16:23:420|Step_ExtSDM|30002312|calculateCaloriesWithCache totalCalories=131208
20171223-23:16:23:424|Step_ExtSDM|30002312|calculateAltitudeWithCache totalAltitude=240
20171223-23:16:45:587|Step_StandReportReceiver|30002312|onReceive action: android.intent.action.SCREEN_OFF
20171223-23:17:40:995|Step_StandStepCounter|30002312|flush sensor data
20171223-23:17:40:996|Step_SPUtils|30002312|setTodayTotalDetailSteps=1514042160000##7214##549659##8661##16256##30905315
20171223-23:17:41:3|Step_ExtSDM|30002312|calculateCaloriesWithCache totalCalories=131208
20171223-23:17:41:306|Step_SPUtils|30002312| getTodayTotalDetailSteps = 1514042160000##7214##549659##8661##16256##30905315
20171223-23:17:41:692|Step_LSC|30002312|onStandStepChanged 3786
20171223-23:17:41:987|Step_StandReportReceiver|30002312|onReceive action: android.intent.action.SCREEN_ON
20171223-23:17:41:989|Step_LSC|30002312|processHandleBroadcastAction action:android.intent.action.SCREEN_ON
20171223-23:17:42:392|Step_SPUtils|30002312|setTodayTotalDetailSteps=1514042160000##7214##549659##8661##16256##30906710
20171223-23:19:21:439|Step_SPUtils|30002312| getTodayTotalDetailSteps = 1514042280000##7214##549659##8661##16256##31004759
20171223-23:19:21:455|Step_ExtSDM|30002312|calculateCaloriesWithCache totalCalories=131208
20171223-23:23:15:149|Step_LSC|30002312|onExtend:1514042595000 0 0 5
20171223-23:23:15:466|Step_ExtSDM|30002312|calculateCaloriesWithCache totalCalories=131208
20171223-23:29:4:438|Step_SPUtils|30002312|setTodayTotalDetailSteps=1514042880000##7214##549659##8661##16256##31588757
20171223-23:29:4:456|Step_ExtSDM|30002312|calculateCaloriesWithCache totalCalories=131208
20171223-23:32:28:794|HiH_HiSyncControl|30002312|startSync hiSyncOption = HiSyncOption{syncAction=1, syncMethod=2, syncScope=0, syncDataType=20000, syncModel=2, pushAction=0},app = 1 who = 1
20171223-23:33:0:134|Step_LSC|30002312|processHandleBroadcastAction action:android.intent.action.TIME_TICK
20171223-23:37:0:167|Step_LSC|30002312|processHandleBroadcastAction action:android.intent.action.TIME_TICK
20171223-23:37:14:147|Step_LSC|30002312|onExtend:1514043434000 0 0 5
20171223-23:37:14:440|Step_SPUtils|30002312| getTodayTotalDetailSteps = 1514042880000##7214##549659##8661##16256##31589757
20171223-23:37:16:138|Step_LSC|30002312|onStandStepChanged 3786
20171223-23:37:16:460|Step_ExtSDM|30002312|calculateAltitudeWithCache totalAltitude=240
20171223-23:40:0:134|Step_LSC|30002312|processHandleBroadcastAction action:android.intent.action.TIME_TICK
20171223-23:40:10:150|Step_LSC|30002312|onExtend:1514043610000 0 0 5
20171223-23:42:38:915|Step_LSC|30002312|onExtend:1514043759000 0 0 0
20171223-23:42:39:225|Step_ExtSDM|30002312|calculateAltitudeWithCache totalAltitude=240
20171223-23:44:0:163|Step_LSC|30002312|processHandleBroadcastAction action:android.intent.action.TIME_TICK
20171223-23:46:0:137|Step_LSC|30002312|processHandleBroadcastAction action:android.intent.action.TIME_TICK
20171223-23:46:7:467|Step_ExtSDM|30002312|calculateAltitudeWithCache totalAltitude=240
20171223-23:46:14:462|Step_ExtSDM|30002312|calculateAltitudeWithCache totalAltitude=240
20171223-23:48:0:156|Step_LSC|30002312|processHandleBroadcastAction action:android.intent.action.TIME_TICK
20171223-23:50:48:414|Step_LSC|30002312|onExtend:1514044249000 0 0 0
20171223-23:53:0:141|Step_LSC|30002312|onStandStepChanged 3786
20171223-23:53:0:147|Step_LSC|30002312|onExtend:1514044380000 0 0 0
20171223-23:53:15:464|Step_ExtSDM|30002312|calculateAltitudeWithCache totalAltitude=240
20171223-23:53:17:444|Step_SPUtils|30002312|setTodayTotalDetailSteps=1514044320000##7214##549659##8661##16256##33041763
20171223-23:53:25:139|Step_LSC|30002312|onStandStepChanged 3786
20171223-23:53:31:441|Step_SPUtils|30002312| getTodayTotalDetailSteps = 1514044320000##7214##549659##8661##16256##33049759
20171223-23:53:40:447|Step_SPUtils|30002312| getTodayTotalDetailSteps = 1514044320000##7214##549659##8661##16256##33055760
20171223-23:53:42:440|Step_SPUtils|30002312|setTodayTotalDetailSteps=1514044320000##7214##549659##8661##16256##33066759
20171223-23:53:51:153|Step_LSC|30002312|onExtend:1514044431000 0 0 5
20171223-23:53:51:439|Step_SPUtils|30002312| getTodayTotalDetailSteps = 1514044320000##7214##549659##8661##16256##33066759
20171223-23:53:51:440|Step_SPUtils|30002312|setTodayTotalDetailSteps=1514044320000##7214##549659##8661##16256##33075759
20171223-23:54:0:148|Step_LSC|30002312|processHandleBroadcastAction action:android.intent.action.TIME_TICK
20171223-23:54:28:452|Step_SPUtils|30002312|setTodayTotalDetailSteps=1514044380000##7214##549659##8661##16256##33112771
20171223-23:54:28:467|Step_ExtSDM|30002312|calculateAltitudeWithCache totalAltitude=240
20171223-23:54:29:438|Step_SPUtils|30002312| getTodayTotalDetailSteps = 1514044380000##7214##549659##8661##16256##33112771
20171223-23:54:29:439|Step_SPUtils|30002312|setTodayTotalDetailSteps=1514044380000##7214##549659##8661##16256##33113758
20171223-23:54:29:459|Step_ExtSDM|30002312|calculateAltitudeWithCache totalAltitude=240
20171223-23:54:34:138|Step_LSC|30002312|onStandStepChanged 3786
20171223-23:54:45:137|Step_LSC|30002312|onStandStepChanged 3786
20171223-23:54:45:151|Step_LSC|30002312|onExtend:1514044485000 0 0 5
20171223-23:54:47:453|Step_SPUtils|30002312| getTodayTotalDetailSteps = 1514044380000##7214##549659##8661##16256##33129767
20171223-23:55:0:146|Step_LSC|30002312|processHandleBroadcastAction action:android.intent.action.TIME_TICK
20171223-23:55:25:137|Step_LSC|30002312|onStandStepChanged 3786
20171223-23:57:34:439|Step_SPUtils|30002312| getTodayTotalDetailSteps = 1514044500000##7214##549659##8661##16256##33239758
20171223-23:57:42:138|Step_LSC|30002312|onStandStepChanged 3786
20171223-23:57:42:444|Step_SPUtils|30002312|setTodayTotalDetailSteps=1514044560000##7214##549659##8661##16256##33306763
20171223-23:58:0:117|Step_LSC|30002312|processHandleBroadcastAction action:android.intent.action.TIME_TICK
20171224-0:0:0:240|Step_HGNH|30002312|closeNotification...
20171224-0:0:0:329|Step_LSC|30002312|onExtend:1514044801000 0 0 0
20171224-0:0:5:444|Step_ExtSDM|30002312|calculateCaloriesWithCache totalCalories=0
20171224-0:5:0:128|Step_LSC|30002312|processHandleBroadcastAction action:android.intent.action.TIME_TICK
20171224-0:5:22:478|Step_LSC|30002312|onExtend:1514045123000 0 0 0
20171224-0:5:22:779|Step_ExtSDM|30002312|calculateAltitudeWithCache totalAltitude=0
20171224-0:6:16:562|Step_LSC|30002312|onStandStepChanged 3786
20171224-0:7:2:150|Step_LSC|30002312|onExtend:1514045222000 0 0 5
20171224-0:7:2:439|Step_SPUtils|30002312| getTodayTotalDetailSteps = 1514045100000##0##549659##8661##16256##33821183
20171224-0:7:20:137|Step_LSC|30002312|onStandStepChanged 3786
20171224-0:7:21:447|Step_ExtSDM|30002312|calculateCaloriesWithCache totalCalories=0
20171224-0:7:21:447|Step_ExtSDM|30002312|calculateAltitudeWithCache totalAltitude=0
20171224-0:9:4:148|Step_LSC|30002312|onExtend:1514045344000 0 0 5
20171224-0:9:4:440|Step_SPUtils|30002312| getTodayTotalDetailSteps = 1514045160000##0##549659##8661##16256##33885759
20171224-0:9:35:148|Step_LSC|30002312|onExtend:1514045375000 0 0 0
20171224-0:10:0:183|Step_LSC|30002312|processHandleBroadcastAction action:android.intent.action.TIME_TICK
20171224-0:10:9:438|Step_SPUtils|30002312|setTodayTotalDetailSteps=1514045340000##0##549659##8661##16256##34053757
20171224-0:10:9:443|Step_ExtSDM|30002312|calculateAltitudeWithCache totalAltitude=0
20171224-0:10:10:439|Step_SPUtils|30002312| getTodayTotalDetailSteps = 1514045340000##0##549659##8661##16256##34053757
20171224-0:10:43:448|Step_ExtSDM|30002312|calculateAltitudeWithCache totalAltitude=0
20171224-0:11:57:442|Step_SPUtils|30002312| getTodayTotalDetailSteps = 1514045400000##0##549659##8661##16256##34160765
20171224-0:11:57:449|Step_ExtSDM|30002312|calculateCaloriesWithCache totalCalories=0
20171224-0:11:57:450|Step_ExtSDM|30002312|calculateAltitudeWithCache totalAltitude=0
20171224-0:15:53:285|Step_SPUtils|30002312| getTodayTotalDetailSteps = 1514045400000##0##549659##8661##16256##34161762
20171224-0:15:53:292|Step_ExtSDM|30002312|calculateCaloriesWithCache totalCalories=0
20171224-0:15:53:292|Step_ExtSDM|30002312|calculateAltitudeWithCache totalAltitude=0
20171224-0:21:0:131|Step_LSC|30002312|processHandleBroadcastAction action:android.intent.action.TIME_TICK
20171224-0:22:0:135|Step_LSC|30002312|processHandleBroadcastAction action:android.intent.action.TIME_TICK
20171224-0:25:16:445|Step_ExtSDM|30002312|calculateAltitudeWithCache totalAltitude=0
20171224-0:26:0:114|Step_LSC|30002312|processHandleBroadcastAction action:android.intent.action.TIME_TICK
