Jul  1 09:12:20 authorMacBook-Pro kernel[0]: IO80211AWDLPeerManager::setAwdlAutoMode Resuming AWDL
Jul  1 09:19:03 authorMacBook-Pro configd[53]: setting hostname to "authorMacBook-Pro.local"
Jul  1 09:22:02 calvisitor-10-105-160-95 com.apple.cts[258]: com.apple.Safari.SafeBrowsing.Update: scheduler_evaluate_activity told me to run this job; however, but the start time isn't for 2450 seconds.  Ignoring.
Jul  1 09:23:26 calvisitor-10-105-160-95 kernel[0]: IOThunderboltSwitch<0>(0x0)::listenerCallback - Thunderbolt HPD packet for route = 0x0 port = 11 unplug = 0
Jul  1 09:33:13 calvisitor-10-105-160-95 kernel[0]: ARPT: 621342.242614: AirPort_Brcm43xx::platformWoWEnable: WWEN[enable]
Jul  1 09:39:57 calvisitor-10-105-160-95 kernel[0]: ARPT: 621490.890645: AirPort_Brcm43xx::syncPowerState: WWEN[enabled]
Jul  1 09:41:54 calvisitor-10-105-160-95 com.apple.CDScheduler[258]: Thermal pressure state: 0 Memory pressure state: 0
Jul  1 09:44:26 authorMacBook-Pro kernel[0]: AirPort: Link Up on en0
Jul  1 10:08:20 calvisitor-10-105-160-95 Dock[307]: -[UABestAppSuggestionManager notifyBestAppChanged:type:options:bundleIdentifier:activityType:dynamicIdentifier:when:confidence:deviceName:deviceIdentifier:deviceType:] (null) UASuggestedActionType=0 (null)/(null) opts=(null) when=2017-07-01 17:08:20 +0000 confidence=1 from=(null)/(null) (UABestAppSuggestionManager.m #319)
Jul  1 10:09:58 calvisitor-10-105-160-95 kernel[0]: AppleCamIn::systemWakeCall - messageType = 0xE0000340
Jul  1 11:46:16 calvisitor-10-105-160-95 symptomsd[215]: -[NetworkAnalyticsEngine _writeJournalRecord:fromCellFingerprint:key:atLOI:ofKind:lqm:isFaulty:] Hashing of the primary key failed. Dropping the journal record.
Jul  1 11:48:28 calvisitor-10-105-160-95 AddressBookSourceSync[31471]: Unrecognized attribute value: t:AbchPersonItemType
Jul  1 12:12:04 calvisitor-10-105-160-95 kernel[0]: AppleCamIn::systemWakeCall - messageType = 0xE0000340
Jul  1 13:42:01 calvisitor-10-105-160-95 locationd[82]: Location icon should now be in state 'Active'
Jul  1 13:42:41 calvisitor-10-105-160-95 kernel[0]: ARPT: 627141.702095: wl0: MDNS: IPV6 Addr: 2607:f140:6000:8:c6b3:1ff:fecd:467f
Jul  1 15:05:42 calvisitor-10-105-160-95 kernel[0]: PMStats: Hibernate read took 197 ms
Jul  1 19:43:22 calvisitor-10-105-160-95 kernel[0]: pages 1471315, wire 491253, act 449877, inact 3, cleaned 0 spec 5, zf 23, throt 0, compr 345876, xpmapped 40000
Jul  1 20:17:07 calvisitor-10-105-163-202 iconservicesagent[328]: -[ISGenerateImageOp generateImageWithCompletion:] Failed to composit image for descriptor <ISBindingImageDescriptor: 0x7f9951105bf0>.
Jul  1 20:17:08 calvisitor-10-105-163-202 quicklookd[31687]: Error returned from iconservicesagent: (null)
Jul  1 21:17:32 calvisitor-10-105-163-202 WindowServer[184]: send_datagram_available_ping: pid 445 failed to act on a ping it dequeued before timing out.
Jul  1 22:03:31 calvisitor-10-105-163-202 com.apple.cts[258]: com.apple.ical.sync.x-coredata://DB05755C-483D-44B7-B93B-ED06E57FF420/CalDAVPrincipal/p11: scheduler_evaluate_activity told me to run this job; however, but the start time isn't for 59 seconds.  Ignoring.
Jul  1 22:08:16 calvisitor-10-105-163-202 WindowServer[184]: device_generate_desktop_screenshot: authw 0x7fa823c89600(2000), shield 0x7fa8258cac00(2001)
Jul  1 22:25:38 calvisitor-10-105-163-202 locationd[82]: NETWORK: requery, 0, 0, 0, 0, 250, items, fQueryRetries, 0, fLastRetryTimestamp, 520665636.6
Jul  1 23:46:06 calvisitor-10-105-163-202 kernel[0]: IOThunderboltSwitch<0>(0x0)::listenerCallback - Thunderbolt HPD packet for route = 0x0 port = 12 unplug = 0
Jul  2 02:19:03 calvisitor-10-105-163-202 com.apple.AddressBook.InternetAccountsBridge[31953]: dnssd_clientstub ConnectToServer: connect() failed path:/var/run/mDNSResponder Socket:4 Err:-1 Errno:1 Operation not permitted
Jul  2 02:32:17 calvisitor-10-105-163-202 kernel[0]: hibernate_page_list_setall found pageCount 448015
Jul  2 02:32:17 calvisitor-10-105-163-202 kernel[0]: en0: BSSID changed to 5c:50:15:4c:18:1c
Jul  2 11:38:49 calvisitor-10-105-163-202 QQ[10018]: 2017/07/02 11:38:49.414 | I | VoipWrapper  | DAVEngineImpl.cpp:1400:Close             | close video chat. llFriendUIN = ******2341.
Jul  2 12:15:30 authorMacBook-Pro UserEventAgent[43]: Captive: CNPluginHandler en0: Authenticated
Jul  2 13:01:37 authorMacBook-Pro kernel[0]: IO80211AWDLPeerManager::setAwdlOperatingMode Setting the AWDL operation mode from AUTO to SUSPENDED
Jul  2 13:03:10 calvisitor-10-105-163-202 kernel[0]: Previous sleep cause: 5
Jul  2 13:05:38 calvisitor-10-105-163-202 kernel[0]: TBT W (2): 0x0040 [x]
Jul  2 14:52:57 calvisitor-10-105-163-202 locationd[82]: Location icon should now be in state 'Active'
Jul  2 17:01:19 calvisitor-10-105-163-202 cloudd[326]:  SecOSStatusWith error:[-50] Error Domain=NSOSStatusErrorDomain Code=-50 "query missing class name" (paramErr: error in user parameter list) UserInfo={NSDescription=query missing class name}
Jul  2 17:13:46 calvisitor-10-105-163-202 com.apple.WebKit.WebContent[32514]: [17:13:46.390] <<<< IQ-CA >>>> piqca_setUsePreQueue: (0x7f92413e3000) rejecting report of layer being serviced - IQ has not yet begun to update
Jul  2 17:36:15 calvisitor-10-105-163-202 Safari[9852]: KeychainGetICDPStatus: keychain: -25300
Jul  2 17:56:40 calvisitor-10-105-163-202 com.apple.ncplugin.WorldClock[32583]: host connection <NSXPCConnection: 0x7fddbbb015c0> connection from pid 30298 invalidated
Jul  2 18:09:15 calvisitor-10-105-163-202 com.apple.CDScheduler[258]: Thermal pressure state: 0 Memory pressure state: 0
Jul  2 18:35:44 calvisitor-10-105-163-202 sandboxd[129] ([32626]): com.apple.Addres(32626) deny network-outbound /private/var/run/mDNSResponder
Jul  2 18:36:01 calvisitor-10-105-163-202 kernel[0]: AppleThunderboltNHIType2::waitForOk2Go2Sx - intel_rp = 1 dlla_reporting_supported = 0
Jul  2 18:37:25 authorMacBook-Pro configd[53]: network changed: v4(en0-:10.105.163.202) v6(en0:2607:f140:6000:8:c6b3:1ff:fecd:467f) DNS! Proxy SMB
Jul  2 18:39:18 calvisitor-10-105-163-202 kernel[0]: AppleCamIn::systemWakeCall - messageType = 0xE0000340
Jul  2 19:21:05 calvisitor-10-105-163-202 com.apple.CDScheduler[258]: Thermal pressure state: 1 Memory pressure state: 0
Jul  2 19:34:33 calvisitor-10-105-163-202 com.apple.geod[30311]: PBRequester failed with Error Error Domain=NSURLErrorDomain Code=-1001 "The request timed out." UserInfo={NSUnderlyingError=0x7fe133460660 {Error Domain=kCFErrorDomainCFNetwork Code=-1001 "The request timed out." UserInfo={NSErrorFailingURLStringKey=https://gsp-ssl.ls.apple.com/dispatcher.arpc, NSErrorFailingURLKey=https://gsp-ssl.ls.apple.com/dispatcher.arpc, _kCFStreamErrorCodeKey=-2102, _kCFStreamErrorDomainKey=4, NSLocalizedDescription=The request timed out.}}, NSErrorFailingURLStringKey=https://gsp-ssl.ls.apple.com/dispatcher.arpc, NSErrorFailingURLKey=https://gsp-ssl.ls.apple.com/dispatcher.arpc, _kCFStreamErrorDomainKey=4, _kCFStreamErrorCodeKey=-2102, NSLocalizedDescription=The request timed out.}
Jul  2 20:01:59 calvisitor-10-105-163-202 com.apple.cts[43]: com.apple.CacheDelete.daily: scheduler_evaluate_activity told me to run this job; however, but the start time isn't for 61304 seconds.  Ignoring.
Jul  2 20:15:26 calvisitor-10-105-163-202 kernel[0]: IOThunderboltSwitch<0>(0x0)::listenerCallback - Thunderbolt HPD packet for route = 0x0 port = 11 unplug = 0
Jul  2 20:15:26 calvisitor-10-105-163-202 kernel[0]: AppleCamIn::wakeEventHandlerThread
Jul  2 22:09:17 calvisitor-10-105-163-202 WindowServer[184]: send_datagram_available_ping: pid 445 failed to act on a ping it dequeued before timing out.
Jul  2 22:24:15 authorMacBook-Pro kernel[0]: Sandbox: QQ(10018) deny(1) mach-lookup com.apple.networking.captivenetworksupport
Jul  2 22:24:43 authorMacBook-Pro corecaptured[32877]: CCFile::captureLogRun() Exiting CCFile::captureLogRun
Jul  2 22:32:34 authorMacBook-Pro com.apple.WebKit.WebContent[32778]: [22:32:34.846] <<<< Boss >>>> figPlaybackBossPrerollCompleted: unexpected preroll-complete notification
Jul  2 22:44:55 authorMacBook-Pro locationd[82]: Location icon should now be in state 'Active'
Jul  2 23:35:17 authorMacBook-Pro kernel[0]: AppleThunderboltNHIType2::prePCIWake - power up complete - took 2 us
Jul  3 01:42:26 authorMacBook-Pro sharingd[30299]: 01:42:26.004 : BTLE scanning stopped
Jul  3 05:33:53 authorMacBook-Pro kernel[0]: AppleThunderboltNHIType2::waitForOk2Go2Sx - retries = 6
Jul  3 05:58:10 authorMacBook-Pro com.apple.AddressBook.InternetAccountsBridge[33109]: dnssd_clientstub ConnectToServer: connect()-> No of tries: 3
Jul  3 06:46:24 authorMacBook-Pro kernel[0]: ARPT: 673002.849007: wl0: MDNS: IPV6 Addr: fe80:0:0:0:c6b3:1ff:fecd:467f
Jul  3 07:10:13 authorMacBook-Pro sandboxd[129] ([33139]): com.apple.Addres(33139) deny network-outbound /private/var/run/mDNSResponder
Jul  3 07:33:34 authorMacBook-Pro kernel[0]: ARPT: 673110.784021: wl0: wl_update_tcpkeep_seq: Updated seq/ack/win from UserClient Seq 4039579370, Ack 2406464715, Win size 278
Jul  3 10:40:41 authorMacBook-Pro GoogleSoftwareUpdateAgent[33263]: 2017-07-03 10:40:41.730 GoogleSoftwareUpdateAgent[33263/0x700000323000] [lvl=2] -[KSAgentApp performSelfUpdateWithEngine:] Checking for self update with Engine: <KSUpdateEngine:0x10062de70 ticketStore=<KSPersistentTicketStore:0x1005206e0 store=<KSKeyedPersistentStore:0x1005282c0 path="/Users/xpc/Library/Google/GoogleSoftwareUpdate/TicketStore/Keystone.ticketstore" lockFile=<KSLockFile:0x100510480 path="/Users/xpc/Library/Google/GoogleSoftwareUpdate/TicketStore/Keystone.ticketstore.lock" locked=NO > >> processor=<KSActionProcessor:0x10062e060 delegate=<KSUpdateEngine:0x10062de70> isProcessing=NO actionsCompleted=0 progress=0.00 errors=0 currentActionErrors=0 events=0 currentActionEvents=0 actionQueue=( ) > delegate=(null) serverInfoStore=<KSServerPrivateInfoStore:0x10062d2d0 path="/Users/xpc/Library/Google/GoogleSoftwareUpdate/Servers"> errors=0 >
Jul  3 11:27:14 authorMacBook-Pro com.apple.WebKit.WebContent[32778]: [11:27:14.923] <<<< Boss >>>> figPlaybackBossPrerollCompleted: unexpected preroll-complete notification
Jul  3 11:31:49 authorMacBook-Pro com.apple.WebKit.WebContent[32778]: [11:31:49.472] FigAgglomeratorSetObjectForKey signalled err=-16020 (kFigStringConformerError_ParamErr) (NULL key) at /Library/Caches/com.apple.xbs/Sources/CoreMedia/CoreMedia-1731.15.207/Prototypes/LegibleOutput/FigAgglomerator.c line 92
Jul  3 11:38:27 authorMacBook-Pro com.apple.WebKit.WebContent[32778]: [11:38:27.892] <<<< IQ-CA >>>> piqca_setUsePreQueue: (0x7fce1406d600) rejecting report of layer being serviced - IQ has not yet begun to update
Jul  3 11:39:18 authorMacBook-Pro com.apple.WebKit.WebContent[32778]: [11:39:18.356] <<<< IQ-CA >>>> piqca_setUsePreQueue: (0x7fce15069400) rejecting report of layer being serviced - IQ has not yet begun to update
Jul  3 11:48:35 authorMacBook-Pro com.apple.WebKit.WebContent[32778]: [11:48:35.539] <<<< Boss >>>> figPlaybackBossPrerollCompleted: unexpected preroll-complete notification
Jul  3 11:56:05 authorMacBook-Pro com.apple.WebKit.WebContent[32778]: [11:56:05.232] <<<< Boss >>>> figPlaybackBossPrerollCompleted: unexpected preroll-complete notification
Jul  3 12:02:22 authorMacBook-Pro com.apple.WebKit.WebContent[32778]: [12:02:22.126] FigAgglomeratorSetObjectForKey signalled err=-16020 (kFigStringConformerError_ParamErr) (NULL key) at /Library/Caches/com.apple.xbs/Sources/CoreMedia/CoreMedia-1731.15.207/Prototypes/LegibleOutput/FigAgglomerator.c line 92
Jul  3 12:11:47 authorMacBook-Pro com.apple.WebKit.WebContent[32778]: [12:11:47.043] itemasync_CopyProperty signalled err=-12785 (kFigBaseObjectError_Invalidated) (invalidated) at /Library/Caches/com.apple.xbs/Sources/CoreMedia/CoreMedia-1731.15.207/Prototypes/Player/FigPlayer_Async.c line 2092
Jul  3 13:31:32 calvisitor-10-105-160-237 kernel[0]: ARPT: 681446.072377: AirPort_Brcm43xx::platformWoWEnable: WWEN[disable]
Jul  3 14:47:59 calvisitor-10-105-160-237 kernel[0]: ARPT: 682407.704265: wl0: wl_update_tcpkeep_seq: Original Seq: 1181052579, Ack: 1862377178, Win size: 4096
Jul  3 15:46:29 authorMacBook-Pro UserEventAgent[43]: Captive: [CNInfoNetworkActive:1748] en0: SSID 'CalVisitor' making interface primary (cache indicates network not captive)
Jul  3 15:47:15 calvisitor-10-105-160-237 corecaptured[33533]: CCIOReporterFormatter::refreshSubscriptionsFromStreamRegistry clearing out any previous subscriptions
Jul  3 15:53:05 calvisitor-10-105-160-237 kernel[0]: en0: channel changed to 1
Jul  3 16:05:45 authorMacBook-Pro com.apple.WebKit.WebContent[32778]: <<<< FigByteStream >>>> FigByteStreamStatsLogOneRead: ByteStream read of 4321 bytes @ 48 took 0.607292 sec. to complete, 7 reads >= 0.5 sec.
Jul  3 16:05:51 authorMacBook-Pro corecaptured[33544]: CCFile::captureLogRun Skipping current file Dir file [2017-07-03_16,05,51.075268]-AirPortBrcm4360_Logs-005.txt, Current File [2017-07-03_16,05,51.075268]-AirPortBrcm4360_Logs-005.txt
Jul  3 16:07:39 authorMacBook-Pro corecaptured[33544]: CCIOReporterFormatter::addRegistryChildToChannelDictionary streams 7
Jul  3 16:07:46 authorMacBook-Pro corecaptured[33544]: CCFile::captureLog
Jul  3 16:25:54 authorMacBook-Pro sandboxd[129] ([33562]): com.apple.Addres(33562) deny network-outbound /private/var/run/mDNSResponder
Jul  3 16:27:47 calvisitor-10-105-160-184 locationd[82]: Location icon should now be in state 'Inactive'
Jul  3 16:28:40 authorMacBook-Pro corecaptured[33544]: CCFile::captureLog
Jul  3 16:36:49 calvisitor-10-105-160-184 corecaptured[33544]: CCFile::captureLog
Jul  3 17:23:55 calvisitor-10-105-160-184 UserEventAgent[43]: assertion failed: 15G1510: com.apple.telemetry + 38574 [10D2E324-788C-30CC-A749-55AE67AEC7BC]: 0x7fc235807b90
Jul  3 17:25:15 calvisitor-10-105-160-184 Dock[307]: -[UABestAppSuggestionManager notifyBestAppChanged:type:options:bundleIdentifier:activityType:dynamicIdentifier:when:confidence:deviceName:deviceIdentifier:deviceType:] (null) UASuggestedActionType=0 (null)/(null) opts=(null) when=2017-07-04 00:25:15 +0000 confidence=1 from=(null)/(null) (UABestAppSuggestionManager.m #319)
Jul  3 17:25:31 calvisitor-10-105-160-184 com.apple.CDScheduler[258]: Thermal pressure state: 0 Memory pressure state: 0
Jul  3 17:37:47 calvisitor-10-105-160-184 kernel[0]: hibernate_setup(0) took 4429 ms
Jul  3 18:34:20 calvisitor-10-105-162-32 kernel[0]: AppleCamIn::handleWakeEvent_gated
Jul  3 18:57:57 calvisitor-10-105-162-32 kernel[0]: payload Data 07 00
Jul  3 20:07:56 calvisitor-10-105-161-225 mdworker[33804]: (ImportBailout.Error:1331) Asked to exit for Diskarb
Jul  3 20:56:57 calvisitor-10-105-161-225 QQ[10018]: FA||Url||taskID[2019353376] dealloc
Jul  3 21:03:03 calvisitor-10-105-161-225 com.apple.WebKit.WebContent[32778]: [21:03:03.265] FigAgglomeratorSetObjectForKey signalled err=-16020 (kFigStringConformerError_ParamErr) (NULL key) at /Library/Caches/com.apple.xbs/Sources/CoreMedia/CoreMedia-1731.15.207/Prototypes/LegibleOutput/FigAgglomerator.c line 92
Jul  3 21:30:50 authorMacBook-Pro kernel[0]: Sandbox: QQ(10018) deny(1) mach-lookup com.apple.networking.captivenetworksupport
Jul  3 21:35:36 airbears2-10-142-110-255 locationd[82]: Location icon should now be in state 'Inactive'
Jul  3 21:41:47 airbears2-10-142-110-255 com.apple.WebKit.WebContent[32778]: [21:41:47.568] <<<< Boss >>>> figPlaybackBossPrerollCompleted: unexpected preroll-complete notification
Jul  3 22:32:26 airbears2-10-142-110-255 WeChat[24144]: jemmytest
Jul  3 23:24:32 airbears2-10-142-110-255 com.apple.WebKit.WebContent[32778]: [23:24:32.378] <<<< Boss >>>> figPlaybackBossPrerollCompleted: unexpected preroll-complete notification
Jul  3 23:31:42 airbears2-10-142-110-255 Safari[9852]: KeychainGetICDPStatus: status: off
Jul  4 01:37:11 airbears2-10-142-110-255 com.apple.cts[258]: com.apple.icloud.fmfd.heartbeat: scheduler_evaluate_activity told me to run this job; however, but the start time isn't for 207556 seconds.  Ignoring.
Jul  4 01:37:37 airbears2-10-142-110-255 kernel[0]: ARPT: 698150.103985: wl0: setup_keepalive: Remote IP: 17.249.12.144
Jul  4 01:49:07 airbears2-10-142-110-255 com.apple.cts[258]: com.apple.icloud.fmfd.heartbeat: scheduler_evaluate_activity told me to run this job; however, but the start time isn't for 206840 seconds.  Ignoring.
Jul  4 02:01:30 airbears2-10-142-110-255 com.apple.AddressBook.InternetAccountsBridge[34203]: dnssd_clientstub ConnectToServer: connect() failed path:/var/run/mDNSResponder Socket:4 Err:-1 Errno:1 Operation not permitted
Jul  4 02:13:35 airbears2-10-142-110-255 com.apple.CDScheduler[43]: Thermal pressure state: 0 Memory pressure state: 0
Jul  4 02:25:27 airbears2-10-142-110-255 kernel[0]: Previous sleep cause: 5
Jul  4 02:37:39 airbears2-10-142-110-255 kernel[0]: Previous sleep cause: 5
Jul  4 02:50:09 airbears2-10-142-110-255 com.apple.AddressBook.InternetAccountsBridge[34235]: dnssd_clientstub ConnectToServer: connect()-> No of tries: 2
Jul  4 03:38:32 airbears2-10-142-110-255 kernel[0]: AppleCamIn::systemWakeCall - messageType = 0xE0000340
Jul  4 03:50:58 airbears2-10-142-110-255 cloudd[326]:  SecOSStatusWith error:[-50] Error Domain=NSOSStatusErrorDomain Code=-50 "query missing class name" (paramErr: error in user parameter list) UserInfo={NSDescription=query missing class name}
Jul  4 04:40:17 airbears2-10-142-110-255 kernel[0]: ARPT: 698896.274509: AirPort_Brcm43xx::powerChange: System Sleep
Jul  4 04:52:01 airbears2-10-142-110-255 com.apple.cts[258]: com.apple.EscrowSecurityAlert.daily: scheduler_evaluate_activity told me to run this job; however, but the start time isn't for 29590 seconds.  Ignoring.
Jul  4 04:52:25 airbears2-10-142-110-255 QQ[10018]: ############################## _getSysMsgList
Jul  4 05:04:19 airbears2-10-142-110-255 kernel[0]: Sandbox: com.apple.Addres(34326) deny(1) network-outbound /private/var/run/mDNSResponder
Jul  4 05:28:30 airbears2-10-142-110-255 com.apple.CDScheduler[43]: Thermal pressure state: 1 Memory pressure state: 0
Jul  4 06:12:51 calvisitor-10-105-162-105 kernel[0]: ARPT: 699244.827573: wl0: wl_update_tcpkeep_seq: Updated seq/ack/win from UserClient Seq 2935131210, Ack 3049709979, Win size 278
Jul  4 06:26:11 calvisitor-10-105-162-105 com.apple.cts[43]: com.apple.CacheDelete.daily: scheduler_evaluate_activity told me to run this job; however, but the start time isn't for 23852 seconds.  Ignoring.
Jul  4 06:40:13 calvisitor-10-105-162-105 kernel[0]: ARPT: 699408.252331: IOPMPowerSource Information: onSleep,  SleepType: Normal Sleep,  'ExternalConnected': Yes, 'TimeRemaining': 0,
Jul  4 06:53:12 calvisitor-10-105-162-105 com.apple.AddressBook.InternetAccountsBridge[34429]: dnssd_clientstub ConnectToServer: connect()-> No of tries: 1
Jul  4 07:06:38 calvisitor-10-105-162-105 kernel[0]: en0: channel changed to 1
Jul  4 07:06:42 calvisitor-10-105-162-105 com.apple.cts[258]: com.apple.Safari.SafeBrowsing.Update: scheduler_evaluate_activity told me to run this job; however, but the start time isn't for 215 seconds.  Ignoring.
Jul  4 07:26:30 calvisitor-10-105-162-105 locationd[82]: NETWORK: requery, 0, 0, 0, 0, 320, items, fQueryRetries, 1, fLastRetryTimestamp, 520871064.1
Jul  4 07:26:52 calvisitor-10-105-162-105 kernel[0]: en0: BSSID changed to 5c:50:15:4c:18:13
Jul  4 08:20:51 calvisitor-10-105-162-105 kernel[0]: en0: 802.11d country code set to 'US'.
Jul  4 08:20:51 calvisitor-10-105-162-105 kernel[0]: en0: Supported channels 1 2 3 4 5 6 7 8 9 10 11 12 13 36 40 44 48 52 56 60 64 100 104 108 112 116 120 124 128 132 136 140 144 149 153 157 161
Jul  4 08:21:25 calvisitor-10-105-162-105 corecaptured[34531]: Received Capture Event
Jul  4 08:48:07 authorMacBook-Pro QQ[10018]: tcp_connection_handle_connect_conditions_bad 21983 failed: 3 - No network route
Jul  4 08:48:35 calvisitor-10-105-162-105 com.apple.AddressBook.InternetAccountsBridge[34554]: dnssd_clientstub ConnectToServer: connect()-> No of tries: 2
Jul  4 09:57:30 authorMacBook-Pro kernel[0]: USBMSC Identifier (non-unique): 000000000820 0x5ac 0x8406 0x820, 3
Jul  4 10:43:57 calvisitor-10-105-162-105 kernel[0]: AppleCamIn::systemWakeCall - messageType = 0xE0000340
Jul  4 11:28:41 authorMacBook-Pro corecaptured[34722]: CCFile::captureLog Received Capture notice id: 1499192921.020010, reason = AssocFail:sts:5_rsn:0
Jul  4 11:29:20 calvisitor-10-105-162-105 kernel[0]: ARPT: 700863.801551: wl0: MDNS: IPV6 Addr: fe80:0:0:0:c6b3:1ff:fecd:467f
Jul  4 12:06:21 calvisitor-10-105-162-105 cloudd[326]:  SecOSStatusWith error:[-50] Error Domain=NSOSStatusErrorDomain Code=-50 "query missing class name" (paramErr: error in user parameter list) UserInfo={NSDescription=query missing class name}
Jul  4 12:34:55 calvisitor-10-105-162-105 kernel[0]: IOThunderboltSwitch<0>(0x0)::listenerCallback - Thunderbolt HPD packet for route = 0x0 port = 11 unplug = 0
Jul  4 12:48:36 calvisitor-10-105-162-105 kernel[0]: USBMSC Identifier (non-unique): 000000000820 0x5ac 0x8406 0x820, 3
Jul  4 13:02:13 calvisitor-10-105-162-105 kernel[0]: RTC: PowerByCalendarDate setting ignored
Jul  4 16:31:54 calvisitor-10-105-162-105 kernel[0]: Sandbox: com.apple.Addres(35110) deny(1) network-outbound /private/var/run/mDNSResponder
Jul  4 16:32:07 calvisitor-10-105-162-105 QQ[10018]: button report: 0x8002be0
Jul  4 16:58:55 calvisitor-10-105-162-105 com.apple.cts[43]: com.apple.SoftwareUpdate.Activity: scheduler_evaluate_activity told me to run this job; however, but the start time isn't for 4045 seconds.  Ignoring.
Jul  4 18:07:00 calvisitor-10-105-162-105 kernel[0]: AppleCamIn::wakeEventHandlerThread
Jul  4 18:20:56 calvisitor-10-105-162-105 com.apple.cts[258]: com.apple.suggestions.harvest: scheduler_evaluate_activity told me to run this job; however, but the start time isn't for 40 seconds.  Ignoring.
Jul  4 18:34:25 calvisitor-10-105-162-105 kernel[0]: ARPT: 712221.085635: wl0: wl_update_tcpkeep_seq: Updated seq/ack/win from UserClient Seq 70582765, Ack 3488103719, Win size 358
Jul  4 18:34:25 calvisitor-10-105-162-105 kernel[0]: en0: BSSID changed to 5c:50:15:4c:18:13
Jul  4 18:34:51 calvisitor-10-105-162-105 com.apple.AddressBook.InternetAccountsBridge[35181]: dnssd_clientstub ConnectToServer: connect() failed path:/var/run/mDNSResponder Socket:4 Err:-1 Errno:1 Operation not permitted
Jul  4 19:29:01 calvisitor-10-105-162-105 kernel[0]: ARPT: 712530.297675: wl0: leaveModulePoweredForOffloads: Wi-Fi will stay on.
Jul  4 19:57:00 calvisitor-10-105-162-105 com.apple.cts[258]: com.apple.Safari.SafeBrowsing.Update: scheduler_evaluate_activity told me to run this job; however, but the start time isn't for 1867 seconds.  Ignoring.
Jul  4 20:25:22 calvisitor-10-105-162-105 com.apple.cts[258]: com.apple.icloud.fmfd.heartbeat: scheduler_evaluate_activity told me to run this job; however, but the start time isn't for 139865 seconds.  Ignoring.
Jul  4 20:38:12 calvisitor-10-105-162-105 com.apple.cts[258]: com.apple.icloud.fmfd.heartbeat: scheduler_evaluate_activity told me to run this job; however, but the start time isn't for 139095 seconds.  Ignoring.
Jul  4 20:51:50 calvisitor-10-105-162-105 kernel[0]: AppleThunderboltGenericHAL::earlyWake - complete - took 1 milliseconds
Jul  4 20:54:03 calvisitor-10-105-162-105 kernel[0]: AppleCamIn::systemWakeCall - messageType = 0xE0000340
Jul  4 20:54:04 authorMacBook-Pro networkd[195]: __42-[NETClientConnection evaluateCrazyIvan46]_block_invoke CI46 - Hit by torpedo! QQ.10018 tc22491 203.205.142.158:8080
Jul  4 22:02:21 calvisitor-10-105-162-105 com.apple.CDScheduler[43]: Thermal pressure state: 1 Memory pressure state: 0
Jul  4 22:29:25 calvisitor-10-105-162-105 kernel[0]: AppleCamIn::systemWakeCall - messageType = 0xE0000340
Jul  4 22:29:26 calvisitor-10-105-162-105 sharingd[30299]: 22:29:26.099 : BTLE scanner Powered On
Jul  4 22:56:50 calvisitor-10-105-162-105 com.apple.cts[258]: com.apple.Safari.SafeBrowsing.Update: scheduler_evaluate_activity told me to run this job; however, but the start time isn't for 978 seconds.  Ignoring.
Jul  4 23:10:28 calvisitor-10-105-162-105 CalendarAgent[279]: [com.apple.calendar.store.log.caldav.coredav] [Refusing to parse response to PROPPATCH because of content-type: [text/html; charset=UTF-8].]
Jul  4 23:13:35 calvisitor-10-105-162-105 com.apple.AddressBook.InternetAccountsBridge[35394]: dnssd_clientstub ConnectToServer: connect() failed path:/var/run/mDNSResponder Socket:4 Err:-1 Errno:1 Operation not permitted
Jul  4 23:22:09 calvisitor-10-105-162-105 Microsoft Word[14463]: Cocoa scripting error for '0x03600009': four character codes must be four characters long.
Jul  4 23:22:09 calvisitor-10-105-162-105 Microsoft Word[14463]: Cocoa scripting error for '0x00c1000a': four character codes must be four characters long.
Jul  4 23:22:09 calvisitor-10-105-162-105 Microsoft Word[14463]: Cocoa scripting error for '0x01f90004': four character codes must be four characters long.
Jul  4 23:22:09 calvisitor-10-105-162-105 Microsoft Word[14463]: Cocoa scripting error for '0x0261fffd': four character codes must be four characters long.
Jul  4 23:22:09 calvisitor-10-105-162-105 Microsoft Word[14463]: Cocoa scripting error for '0x02780026': four character codes must be four characters long.
Jul  4 23:25:29 calvisitor-10-105-162-105 WeChat[24144]: jemmytest
Jul  4 23:30:23 calvisitor-10-105-162-105 QQ[10018]: FA||Url||taskID[2019353519] dealloc
Jul  4 23:50:59 calvisitor-10-105-162-105 QuickLookSatellite[35448]: objc[35448]: Class TSUCustomFormatData is implemented in both /Library/QuickLook/iWork.qlgenerator/Contents/MacOS/iWork and /System/Library/PrivateFrameworks/OfficeImport.framework/Versions/A/OfficeImport. One of the two will be used. Which one is undefined.
Jul  4 23:55:28 calvisitor-10-105-162-105 CalendarAgent[279]: [com.apple.calendar.store.log.caldav.coredav] [Refusing to parse response to PROPPATCH because of content-type: [text/html; charset=UTF-8].]
Jul  5 00:02:22 calvisitor-10-105-162-105 WeChat[24144]: jemmytest
Jul  5 00:17:35 calvisitor-10-105-162-105 locationd[82]: Location icon should now be in state 'Inactive'
Jul  5 00:17:50 authorMacBook-Pro corecaptured[35613]: CCFile::captureLogRun() Exiting CCFile::captureLogRun
Jul  5 00:17:52 authorMacBook-Pro kernel[0]: AirPort: Link Up on en0
Jul  5 00:21:07 authorMacBook-Pro Google Chrome[35628]: -_continuousScroll is deprecated for NSScrollWheel. Please use -hasPreciseScrollingDeltas.
Jul  5 00:47:16 calvisitor-10-105-163-10 WindowServer[184]: send_datagram_available_ping: pid 445 failed to act on a ping it dequeued before timing out.
Jul  5 00:55:33 calvisitor-10-105-163-10 locationd[82]: NETWORK: requery, 0, 0, 0, 0, 284, items, fQueryRetries, 0, fLastRetryTimestamp, 520934130.6
Jul  5 03:35:40 calvisitor-10-105-163-10 kernel[0]: RTC: PowerByCalendarDate setting ignored
Jul  5 10:44:16 calvisitor-10-105-160-179 Safari[9852]: KeychainGetICDPStatus: keychain: -25300
Jul  5 10:48:06 calvisitor-10-105-160-179 quicklookd[35840]: Error returned from iconservicesagent: (null)
Jul  5 10:57:01 calvisitor-10-105-160-179 QQ[10018]: 2017/07/05 10:57:01.130 | I | VoipWrapper  | DAVEngineImpl.cpp:1400:Close             | close video chat. llFriendUIN = 1742124257.
Jul  5 10:58:22 calvisitor-10-105-160-179 com.apple.xpc.launchd[1] (com.apple.xpc.launchd.domain.pid.WebContent.35873): Path not allowed in target domain: type = pid, path = /System/Library/StagedFrameworks/Safari/SafariShared.framework/Versions/A/XPCServices/com.apple.Safari.SocialHelper.xpc/Contents/MacOS/com.apple.Safari.SocialHelper error = 147: The specified service did not ship in the requestor's bundle, origin = /System/Library/StagedFrameworks/Safari/WebKit.framework/Versions/A/XPCServices/com.apple.WebKit.WebContent.xpc
Jul  5 10:58:44 calvisitor-10-105-160-179 imagent[355]: <IMMacNotificationCenterManager: 0x7fdcc9d16380>: notification observer: com.apple.FaceTime   notification: __CFNotification 0x7fdcc9d19110 {name = _NSDoNotDisturbEnabledNotification}
Jul  5 12:00:50 authorMacBook-Pro networkd[195]: __42-[NETClientConnection evaluateCrazyIvan46]_block_invoke CI46 - Hit by torpedo! QQ.10018 tc22930 125.39.240.34:14000
Jul  5 12:00:58 calvisitor-10-105-160-226 com.apple.AddressBook.InternetAccountsBridge[35944]: dnssd_clientstub ConnectToServer: connect()-> No of tries: 3
Jul  5 14:04:16 authorMacBook-Pro corecaptured[36034]: CCFile::captureLogRun() Exiting CCFile::captureLogRun
Jul  5 14:04:19 authorMacBook-Pro kernel[0]: ARPT: 724786.252727: AQM agg results 0x8001 len hi/lo: 0x0 0x26 BAbitmap(0-3) 0 0 0 0
Jul  5 14:04:33 authorMacBook-Pro corecaptured[36034]: CCFile::copyFile fileName is [2017-07-05_14,04,33.660387]-io80211Family-063.pcapng, source path:/var/log/CoreCapture/com.apple.iokit.IO80211Family/IO80211AWDLPeerManager//[2017-07-05_14,04,33.660387]-io80211Family-063.pcapng, dest path:/Library/Logs/CrashReporter/CoreCapture/com.apple.iokit.IO80211Family/[2017-07-05_14,04,33.736169]=AuthFail:sts:5_rsn:0/IO80211AWDLPeerManager//[2017-07-05_14,04,33.660387]-io80211Family-063.pcapng
Jul  5 14:04:35 authorMacBook-Pro corecaptured[36034]: CCFile::captureLog
Jul  5 15:26:36 calvisitor-10-105-162-98 kernel[0]: [HID] [MT] AppleMultitouchDevice::willTerminate entered
Jul  5 15:55:35 calvisitor-10-105-162-98 kernel[0]: AppleActuatorDevice::stop Entered
Jul  5 16:05:44 calvisitor-10-105-162-107 kernel[0]: [HID] [MT] AppleMultitouchDevice::willTerminate entered
Jul  5 16:18:06 calvisitor-10-105-162-107 GoogleSoftwareUpdateAgent[36128]: 2017-07-05 16:18:06.450 GoogleSoftwareUpdateAgent[36128/0x7000002a0000] [lvl=2] -[KSOutOfProcessFetcher beginFetchWithDelegate:] KSOutOfProcessFetcher fetching from URL: "https://tools.google.com/service/update2?cup2hreq=ac844e04cbb398fcef4cf81b4ffc44a3ebc863e89d19c0b5d39d02d78d26675b&cup2key=7:677488741"
Jul  5 16:47:16 airbears2-10-142-108-38 Safari[9852]: KeychainGetICDPStatus: keychain: -25300
Jul  5 17:03:07 airbears2-10-142-108-38 corecaptured[36224]: CCFile::captureLog
Jul  5 17:22:36 authorMacBook-Pro com.apple.WebKit.WebContent[25654]: [17:22:36.133] <<<< CRABS >>>> crabsFlumeHostAvailable: [0x7f961cf08cf0] Byte flume reports host available again.
Jul  5 19:00:34 authorMacBook-Pro kernel[0]: IO80211AWDLPeerManager::setAwdlOperatingMode Setting the AWDL operation mode from SUSPENDED to AUTO
Jul  5 19:00:42 authorMacBook-Pro corecaptured[36291]: CCFile::captureLog
Jul  5 19:00:43 authorMacBook-Pro corecaptured[36291]: CCFile::captureLogRun Skipping current file Dir file [2017-07-05_19,00,43.154864]-CCIOReporter-007.xml, Current File [2017-07-05_19,00,43.154864]-CCIOReporter-007.xml
Jul  5 20:03:37 calvisitor-10-105-160-210 kernel[0]: Sandbox: com.apple.Addres(36325) deny(1) network-outbound /private/var/run/mDNSResponder
Jul  5 23:09:36 calvisitor-10-105-160-22 kernel[0]: **** [BroadcomBluetoothHostController][SetupController] -- Delay HCI Reset by 300ms  ****
Jul  5 23:50:11 authorMacBook-Pro kernel[0]: ARPT: 729188.852474: AQM agg params 0xfc0 maxlen hi/lo 0x0 0xffff minlen 0x0 adjlen 0x0
Jul  6 00:30:35 calvisitor-10-105-162-211 kernel[0]: IOHibernatePollerOpen(0)
Jul  6 00:30:37 authorMacBook-Pro ksfetch[36439]: 2017-07-06 00:30:37.064 ksfetch[36439/0x7fff79824000] [lvl=2] main() Fetcher is exiting.
Jul  6 01:51:35 authorMacBook-Pro wirelessproxd[75]: Peripheral manager is not powered on
Jul  6 02:32:06 calvisitor-10-105-163-28 kernel[0]: WARNING: hibernate_page_list_setall skipped 19622 xpmapped pages
Jul  6 05:04:00 calvisitor-10-105-163-168 kernel[0]: pages 1418325, wire 548641, act 438090, inact 2, cleaned 0 spec 12, zf 30, throt 0, compr 254881, xpmapped 40000
Jul  6 08:43:14 calvisitor-10-105-163-253 locationd[82]: NETWORK: requery, 0, 0, 0, 0, 302, items, fQueryRetries, 0, fLastRetryTimestamp, 521048292.6
Jul  6 08:53:11 calvisitor-10-105-163-253 locationd[82]: NETWORK: requery, 0, 0, 0, 0, 291, items, fQueryRetries, 0, fLastRetryTimestamp, 521048893.3
Jul  6 09:08:22 calvisitor-10-105-163-253 loginwindow[94]: -[SFLListManager(ServiceReplyProtocol) notifyChanges:toListWithIdentifier:] Notified of item changes to list with identifier com.apple.LSSharedFileList.RecentApplications
Jul  6 09:24:14 calvisitor-10-105-163-253 GoogleSoftwareUpdateAgent[36726]: 2017-07-06 09:24:14.733 GoogleSoftwareUpdateAgent[36726/0x7000002a0000] [lvl=2] -[KSMultiUpdateAction performAction] KSPromptAction had no updates to apply.
Jul  6 10:13:12 calvisitor-10-105-163-253 ChromeExistion[36775]: after trim url = https://www.google.com/_/chrome/newtab?rlz=1C5CHFA_enHK732HK732&espv=2&ie=UTF-8
Jul  6 10:52:03 calvisitor-10-105-163-253 locationd[82]: Location icon should now be in state 'Active'
Jul  6 11:21:06 authorMacBook-Pro networkd[195]: -[NETClientConnection effectiveBundleID] using process name apsd as bundle ID (this is expected for daemons without bundle ID
Jul  6 12:00:10 calvisitor-10-105-162-178 sandboxd[129] ([36919]): com.apple.Addres(36919) deny network-outbound /private/var/run/mDNSResponder
Jul  6 12:00:53 authorMacBook-Pro CalendarAgent[279]: [com.apple.calendar.store.log.caldav.queue] [Adding [<CalDAVAccountRefreshQueueableOperation: 0x7fa11d67f3b0; Sequence: 0>] to failed operations.]
Jul  6 12:00:58 authorMacBook-Pro corecaptured[36918]: CCFile::captureLogRun Skipping current file Dir file [2017-07-06_12,00,58.629029]-AirPortBrcm4360_Logs-007.txt, Current File [2017-07-06_12,00,58.629029]-AirPortBrcm4360_Logs-007.txt
Jul  6 12:01:17 authorMacBook-Pro kernel[0]: IO80211AWDLPeerManager::setAwdlAutoMode Resuming AWDL
Jul  6 12:03:07 authorMacBook-Pro com.apple.AddressBook.InternetAccountsBridge[36937]: dnssd_clientstub ConnectToServer: connect()-> No of tries: 1
Jul  6 12:04:16 authorMacBook-Pro kernel[0]: ARPT: 739295.354731: wl0: Roamed or switched channel, reason #4, bssid f8:4f:57:3b:ea:b2, last RSSI -77
Jul  6 12:05:06 authorMacBook-Pro kernel[0]: in6_unlink_ifa: IPv6 address 0x77c911454f1523ab has no prefix
Jul  6 13:12:52 calvisitor-10-105-162-178 kernel[0]: ARPT: 739668.778627: AirPort_Brcm43xx::powerChange: System Sleep
Jul  6 13:39:08 calvisitor-10-105-162-178 Mail[11203]: tcp_connection_destination_perform_socket_connect 45238 connectx to 123.125.50.30:993@0 failed: [50] Network is down
Jul  6 14:09:31 authorMacBook-Pro corecaptured[37027]: Received Capture Event
Jul  6 14:43:22 calvisitor-10-105-162-178 com.apple.AddressBook.InternetAccountsBridge[37051]: dnssd_clientstub ConnectToServer: connect() failed path:/var/run/mDNSResponder Socket:4 Err:-1 Errno:1 Operation not permitted
Jul  6 15:10:30 calvisitor-10-105-162-178 kernel[0]: ARPT: 740174.102665: wl0: MDNS: 0 SRV Recs, 0 TXT Recs
Jul  6 16:12:20 calvisitor-10-105-162-178 kernel[0]: AppleCamIn::handleWakeEvent_gated
Jul  6 16:29:42 authorMacBook-Pro symptomsd[215]: -[NetworkAnalyticsEngine _writeJournalRecord:fromCellFingerprint:key:atLOI:ofKind:lqm:isFaulty:] Hashing of the primary key failed. Dropping the journal record.
Jul  6 16:43:37 calvisitor-10-105-162-178 com.apple.CDScheduler[258]: Thermal pressure state: 1 Memory pressure state: 0
Jul  6 17:23:43 calvisitor-10-105-162-178 sharingd[30299]: 17:23:43.193 : Scanning mode Contacts Only
Jul  6 17:57:59 calvisitor-10-105-162-178 locationd[82]: NETWORK: requery, 0, 0, 0, 0, 300, items, fQueryRetries, 0, fLastRetryTimestamp, 521081581.2
Jul  6 18:09:02 calvisitor-10-105-162-178 kernel[0]: Sandbox: com.apple.WebKit(9854) deny(1) file-read-data /private/etc/hosts
Jul  6 19:19:43 calvisitor-10-105-162-178 kernel[0]: ARPT: 744589.508896: wl0: setup_keepalive: Remote IP: 17.249.28.35
Jul  6 19:31:41 calvisitor-10-105-162-178 com.apple.cts[43]: com.apple.CacheDelete.daily: scheduler_evaluate_activity told me to run this job; however, but the start time isn't for 63122 seconds.  Ignoring.
Jul  6 20:14:33 calvisitor-10-105-162-178 QQ[10018]: FA||Url||taskID[2019353677] dealloc
Jul  6 20:35:33 calvisitor-10-105-162-178 WeChat[24144]: jemmytest
Jul  6 23:00:45 calvisitor-10-105-162-178 Safari[9852]: KeychainGetICDPStatus: keychain: -25300
Jul  7 00:02:27 calvisitor-10-105-162-178 Safari[9852]: tcp_connection_tls_session_error_callback_imp 2438 __tcp_connection_tls_session_callback_write_block_invoke.434 error 22
Jul  7 00:09:34 calvisitor-10-105-162-178 QQ[10018]: FA||Url||taskID[2019353724] dealloc
Jul  7 00:26:41 calvisitor-10-105-162-178 Preview[11512]: Unable to simultaneously satisfy constraints: ( "<NSLayoutConstraint:0x7f8efb89e920 H:[NSImageView:0x7f8efb89d5d0(38)]>", "<NSLayoutConstraint:0x7f8efb89aac0 H:|-(14)-[NSImageView:0x7f8efb89d5d0]   (Names: PageItemCell:0x7f8efb898930, '|':PageItemCell:0x7f8efb898930 )>", "<NSLayoutConstraint:0x7f8f071a6c20 'NSView-Encapsulated-Layout-Width' H:[PageItemCell(73)]   (Names: PageItemCell:0x7f8efb898930 )>", "<NSLayoutConstraint:0x7f8efb89d8a0 H:[NSImageView:0x7f8efb89d5d0]-(10)-[NSTextField:0x7f8efb89d250]>", "<NSLayoutConstraint:0x7f8efb8980e0 H:[NSTextField:0x7f8efb89e7a0]-(14)-|   (Names: PageItemCell:0x7f8efb898930, '|':PageItemCell:0x7f8efb898930 )>", "<NSLayoutConstraint:0x7f8efb89ba20 H:[NSTextField:0x7f8efb89d250]-(>=NSSpace(8))-[NSTextField:0x7f8efb89e7a0]>" )  Will attempt to recover by breaking constraint <NSLayoutConstraint:0x7f8efb89e920 H:[NSImageView:0x7f8efb89d5d0(38)]>  Set the NSUserDefault NSConstraintBasedLayoutVisualizeMutuallyExclusiveConstraints to YES to have -[NSWindow visualizeConstraints:] automatically called when this happens.  And/or, break on objc_exception_throw to catch this in the debugger.
Jul  7 00:30:06 calvisitor-10-105-162-178 syslogd[44]: Configuration Notice: ASL Module "com.apple.authkit.osx.asl" sharing output destination "/var/log/Accounts" with ASL Module "com.apple.Accounts". Output parameters from ASL Module "com.apple.Accounts" override any specified in ASL Module "com.apple.authkit.osx.asl".
Jul  7 00:43:09 calvisitor-10-105-162-178 imagent[355]: <IMMacNotificationCenterManager: 0x7fdcc9d16380>:    NC Disabled: NO
Jul  7 00:43:09 calvisitor-10-105-162-178 identityservicesd[272]: <IMMacNotificationCenterManager: 0x7ff1b2d17980>:    NC Disabled: NO
Jul  7 00:52:58 authorMacBook-Pro symptomsd[215]: -[NetworkAnalyticsEngine _writeJournalRecord:fromCellFingerprint:key:atLOI:ofKind:lqm:isFaulty:] Hashing of the primary key failed. Dropping the journal record.
Jul  7 03:23:15 calvisitor-10-105-162-178 com.apple.AddressBook.InternetAccountsBridge[37700]: dnssd_clientstub ConnectToServer: connect()-> No of tries: 2
Jul  7 04:58:16 calvisitor-10-105-162-178 kernel[0]: AirPort: Link Up on awdl0
Jul  7 07:15:32 calvisitor-10-105-162-178 kernel[0]: ARPT: 763490.115579: wl0: MDNS: IPV6 Addr: 2607:f140:6000:8:c6b3:1ff:fecd:467f
Jul  7 07:16:35 authorMacBook-Pro configd[53]: setting hostname to "authorMacBook-Pro.local"
Jul  7 07:16:48 calvisitor-10-105-162-178 corecaptured[37799]: CCDataTap::profileRemoved, Owner: com.apple.driver.AirPort.Brcm4360.0, Name: StateSnapshots
Jul  7 07:30:25 calvisitor-10-105-162-178 com.apple.cts[258]: com.apple.icloud.fmfd.heartbeat: scheduler_evaluate_activity told me to run this job; however, but the start time isn't for 481541 seconds.  Ignoring.
Jul  7 07:59:31 calvisitor-10-105-162-178 sandboxd[129] ([10018]): QQ(10018) deny mach-lookup com.apple.networking.captivenetworksupport
Jul  7 08:42:41 calvisitor-10-105-162-178 com.apple.CDScheduler[43]: Thermal pressure state: 0 Memory pressure state: 0
Jul  7 10:04:25 calvisitor-10-105-162-178 com.apple.cts[258]: com.apple.icloud.fmfd.heartbeat: scheduler_evaluate_activity told me to run this job; however, but the start time isn't for 472301 seconds.  Ignoring.
Jul  7 10:31:32 calvisitor-10-105-162-178 com.apple.cts[258]: com.apple.EscrowSecurityAlert.daily: scheduler_evaluate_activity told me to run this job; however, but the start time isn't for 9219 seconds.  Ignoring.
Jul  7 10:54:41 calvisitor-10-105-162-178 ksfetch[37925]: 2017-07-07 10:54:41.296 ksfetch[37925/0x7fff79824000] [lvl=2] KSHelperReceiveAllData() KSHelperTool read 1926 bytes from stdin.
Jul  7 10:54:41 calvisitor-10-105-162-178 GoogleSoftwareUpdateAgent[37924]: 2017-07-07 10:54:41.875 GoogleSoftwareUpdateAgent[37924/0x7000002a0000] [lvl=2] -[KSUpdateCheckAction performAction] KSUpdateCheckAction starting update check for ticket(s): {( <KSTicket:0x100365950 productID=com.google.Chrome version=59.0.3071.115 xc=<KSPathExistenceChecker:0x10036e950 path=/Applications/Google Chrome.app> serverType=Omaha url=https://tools.google.com/service/update2 creationDate=2017-02-18 15:41:18 tagPath=/Applications/Google Chrome.app/Contents/Info.plist tagKey=KSChannelID brandPath=/Users/xpc/Library/Google/Google Chrome Brand.plist brandKey=KSBrandID versionPath=/Applications/Google Chrome.app/Contents/Info.plist versionKey=KSVersion cohort=1:1y5: cohortName=Stable ticketVersion=1 > )} Using server: <KSOmahaServer:0x100243f20 engine=<KSUpdateEngine:0x1007161b0> >
Jul  7 11:22:27 calvisitor-10-105-162-178 locationd[82]: NETWORK: requery, 0, 0, 0, 0, 294, items, fQueryRetries, 0, fLastRetryTimestamp, 521144227.4
Jul  7 12:15:44 calvisitor-10-105-162-178 quicklookd[38023]: Error returned from iconservicesagent: (null)
Jul  7 12:15:44 calvisitor-10-105-162-178 quicklookd[38023]: Error returned from iconservicesagent: (null)
Jul  7 12:30:14 calvisitor-10-105-162-178 kernel[0]: AppleCamIn::handleWakeEvent_gated
Jul  7 13:38:23 authorMacBook-Pro corecaptured[38124]: CCIOReporterFormatter::addRegistryChildToChannelDictionary streams 7
Jul  7 13:40:30 calvisitor-10-105-160-205 kernel[0]: Bluetooth -- LE is supported - Disable LE meta event
Jul  7 13:40:35 authorMacBook-Pro corecaptured[38124]: Received Capture Event
Jul  7 13:40:39 calvisitor-10-105-160-205 networkd[195]: nw_nat64_post_new_ifstate successfully changed NAT64 ifstate from 0x4 to 0x8000000000000000
Jul  7 13:42:10 authorMacBook-Pro networkd[195]: nw_nat64_post_new_ifstate successfully changed NAT64 ifstate from 0x8000000000000000 to 0x4
Jul  7 13:42:17 authorMacBook-Pro networkd[195]: -[NETClientConnection effectiveBundleID] using process name apsd as bundle ID (this is expected for daemons without bundle ID
Jul  7 13:42:17 authorMacBook-Pro configd[53]: network changed: v4(en0+:10.105.160.205) v6(en0:2607:f140:6000:8:c6b3:1ff:fecd:467f) DNS! Proxy SMB
Jul  7 13:42:46 authorMacBook-Pro kernel[0]: ARPT: 770802.879782: wlc_dump_aggfifo:
Jul  7 13:48:27 authorMacBook-Pro kernel[0]: ARPT: 770812.035971: AirPort_Brcm43xx::powerChange: System Wake - Full Wake/ Dark Wake / Maintenance wake
Jul  7 14:09:44 calvisitor-10-105-160-205 cloudd[326]:  SecOSStatusWith error:[-50] Error Domain=NSOSStatusErrorDomain Code=-50 "query missing class name" (paramErr: error in user parameter list) UserInfo={NSDescription=query missing class name}
Jul  7 14:09:45 calvisitor-10-105-160-205 com.apple.xpc.launchd[1] (com.apple.xpc.launchd.domain.user.501): Service "com.apple.xpc.launchd.unmanaged.loginwindow.94" tried to hijack endpoint "com.apple.tsm.uiserver" from owner: com.apple.SystemUIServer.agent
Jul  7 14:20:52 calvisitor-10-105-160-205 kernel[0]: ARPT: 771388.849884: wl0: setup_keepalive: interval 900, retry_interval 30, retry_count 10
Jul  7 15:14:27 calvisitor-10-105-160-205 kernel[0]: AirPort: Link Down on awdl0. Reason 1 (Unspecified).
Jul  7 16:04:15 calvisitor-10-105-160-205 kernel[0]: AppleCamIn::wakeEventHandlerThread
Jul  7 16:04:15 calvisitor-10-105-160-205 symptomsd[215]: -[NetworkAnalyticsEngine _writeJournalRecord:fromCellFingerprint:key:atLOI:ofKind:lqm:isFaulty:] Hashing of the primary key failed. Dropping the journal record.
Jul  7 16:04:15 calvisitor-10-105-160-205 kernel[0]: Setting BTCoex Config: enable_2G:1, profile_2g:0, enable_5G:1, profile_5G:0
Jul  7 16:05:38 authorMacBook-Pro kernel[0]: en0: BSSID changed to 0c:68:03:d6:c5:1c
Jul  7 16:24:10 authorMacBook-Pro locationd[82]: PBRequester failed with Error Error Domain=NSURLErrorDomain Code=-1009 "The Internet connection appears to be offline." UserInfo={NSUnderlyingError=0x7fb7f0035dc0 {Error Domain=kCFErrorDomainCFNetwork Code=-1009 "The Internet connection appears to be offline." UserInfo={NSErrorFailingURLStringKey=https://gs-loc.apple.com/clls/wloc, NSErrorFailingURLKey=https://gs-loc.apple.com/clls/wloc, _kCFStreamErrorCodeKey=8, _kCFStreamErrorDomainKey=12, NSLocalizedDescription=The Internet connection appears to be offline.}}, NSErrorFailingURLStringKey=https://gs-loc.apple.com/clls/wloc, NSErrorFailingURLKey=https://gs-loc.apple.com/clls/wloc, _kCFStreamErrorDomainKey=12, _kCFStreamErrorCodeKey=8, NSLocalizedDescription=The Internet connection appears to be offline.}
Jul  7 16:57:09 calvisitor-10-105-160-85 com.apple.WebKit.WebContent[32778]: [16:57:09.235] <<<< Boss >>>> figPlaybackBossPrerollCompleted: unexpected preroll-complete notification
Jul  7 17:30:00 calvisitor-10-105-160-85 QuickLookSatellite[38418]: nw_path_evaluator_start_helper_connection net_helper_path_evaluation_start failed, dumping backtrace: [x86_64] libnetcore-583.50.1 0   libsystem_network.dylib             0x00007fff92fabde9 __nw_create_backtrace_string + 123 1   libsystem_network.dylib             0x00007fff92fc289f nw_path_evaluator_start_helper_connection + 196 2   libdispatch.dylib                   0x00007fff980fa93d _dispatch_call_block_and_release + 12 3   libdispatch.dylib                   0x00007fff980ef40b _dispatch_client_callout + 8 4   libdispatch.dylib                   0x00007fff980f403b _dispatch_queue_drain + 754 5   libdispatch.dylib                   0x00007fff980fa707 _dispatch_queue_invoke + 549 6   libdispatch.dylib                   0x00007fff980f2d53 _dispatch_root_queue_drain + 538 7   libdispatch.dylib                   0x00007fff980f2b00 _dispatch_worker_thread3 + 91 8   libsystem_pthread.dylib             0x00007fff8ebc44de _pthread_wqthread + 1129 9   libsystem_pthread.dylib             0x00007fff8ebc2341 start_wqthread + 13
Jul  7 18:09:41 authorMacBook-Pro cdpd[11807]: Saw change in network reachability (isReachable=0)
Jul  7 18:09:46 authorMacBook-Pro corecaptured[38453]: CCFile::captureLogRun() Exiting CCFile::captureLogRun
Jul  7 18:23:30 calvisitor-10-105-160-85 kernel[0]: AppleThunderboltGenericHAL::earlyWake - complete - took 0 milliseconds
Jul  7 20:32:00 calvisitor-10-105-160-85 quicklookd[38603]: Error returned from iconservicesagent: (null)
Jul  7 20:34:14 calvisitor-10-105-160-85 locationd[82]: NETWORK: requery, 0, 0, 0, 0, 328, items, fQueryRetries, 0, fLastRetryTimestamp, 521177334.4
Jul  7 20:39:28 calvisitor-10-105-160-85 com.apple.WebKit.Networking[9854]: NSURLSession/NSURLConnection HTTP load failed (kCFStreamErrorDomainSSL, -9806)
Jul  7 20:44:13 calvisitor-10-105-160-85 GPUToolsAgent[38749]: schedule invalidation <DYTransport 0x7f89e8c00520, error: lost transport connection (31)>
Jul  7 20:50:32 calvisitor-10-105-160-85 WindowServer[184]: send_datagram_available_ping: pid 445 failed to act on a ping it dequeued before timing out.
Jul  7 20:51:27 calvisitor-10-105-160-85 Safari[9852]: KeychainGetICDPStatus: keychain: -25300
Jul  7 21:18:04 calvisitor-10-105-160-85 com.apple.xpc.launchd[1] (com.apple.xpc.launchd.domain.pid.WebContent.38838): Path not allowed in target domain: type = pid, path = /System/Library/StagedFrameworks/Safari/SafariShared.framework/Versions/A/XPCServices/com.apple.Safari.SocialHelper.xpc/Contents/MacOS/com.apple.Safari.SocialHelper error = 147: The specified service did not ship in the requestor's bundle, origin = /System/Library/StagedFrameworks/Safari/WebKit.framework/Versions/A/XPCServices/com.apple.WebKit.WebContent.xpc
Jul  7 21:23:10 calvisitor-10-105-160-85 com.apple.WebKit.WebContent[38826]: <<<< MediaValidator >>>> mv_LookupCodecSupport: Unrecognized codec 1
Jul  7 21:29:30 calvisitor-10-105-160-85 Safari[9852]: tcp_connection_tls_session_error_callback_imp 2515 __tcp_connection_tls_session_callback_write_block_invoke.434 error 22
Jul  7 21:58:14 calvisitor-10-105-160-85 kernel[0]: IOPMrootDomain: idle cancel, state 1
Jul  7 22:32:31 calvisitor-10-105-160-85 Dock[307]: -[UABestAppSuggestionManager notifyBestAppChanged:type:options:bundleIdentifier:activityType:dynamicIdentifier:when:confidence:deviceName:deviceIdentifier:deviceType:] (null) UASuggestedActionType=0 (null)/(null) opts=(null) when=2017-07-08 05:32:31 +0000 confidence=1 from=(null)/(null) (UABestAppSuggestionManager.m #319)
Jul  7 23:00:46 calvisitor-10-105-160-85 kernel[0]: ARPT: 784055.560270: IOPMPowerSource Information: onSleep,  SleepType: Normal Sleep,  'ExternalConnected': No, 'TimeRemaining': 5600,
Jul  7 23:38:27 calvisitor-10-105-160-85 kernel[0]: ARPT: 784178.158614: AirPort_Brcm43xx::platformWoWEnable: WWEN[enable]
Jul  8 00:44:20 calvisitor-10-105-160-47 kernel[0]: ARPT: 784287.966851: AirPort_Brcm43xx::platformWoWEnable: WWEN[enable]
Jul  8 00:45:21 calvisitor-10-105-160-47 kernel[0]: AppleThunderboltNHIType2::waitForOk2Go2Sx - intel_rp = 1 dlla_reporting_supported = 0
Jul  8 03:32:43 calvisitor-10-105-162-228 kernel[0]: IOThunderboltSwitch<0>(0x0)::listenerCallback - Thunderbolt HPD packet for route = 0x0 port = 11 unplug = 0
Jul  8 03:32:46 authorMacBook-Pro ntpd[207]: sigio_handler: sigio_handler_active != 1
Jul  8 04:16:14 authorMacBook-Pro networkd[195]: __42-[NETClientConnection evaluateCrazyIvan46]_block_invoke CI46 - Hit by torpedo! QQ.10018 tc25995 121.51.36.148:443
Jul  8 04:18:45 calvisitor-10-105-161-176 blued[85]: [BluetoothHIDDeviceController]ERROR: Could not find the disconnected object
Jul  8 05:52:04 authorMacBook-Pro Mail[11203]: Unrecognized XSSimpleTypeDefinition: OneOff
Jul  8 05:55:23 authorMacBook-Pro corecaptured[39090]: CCFile::captureLog Received Capture notice id: 1499518522.558304, reason = AssocFail:sts:2_rsn:0
Jul  8 05:56:47 authorMacBook-Pro UserEventAgent[43]: Captive: CNPluginHandler en0: Authenticated
Jul  8 06:26:32 calvisitor-10-105-162-124 GoogleSoftwareUpdateAgent[39159]: 2017-07-08 06:26:32.365 GoogleSoftwareUpdateAgent[39159/0x7000002a0000] [lvl=2] -[KSAgentApp(KeystoneThread) runKeystonesInThreadWithArg:] About to run checks for any other apps.
Jul  8 07:29:50 authorMacBook-Pro Dock[307]: -[UABestAppSuggestionManager notifyBestAppChanged:type:options:bundleIdentifier:activityType:dynamicIdentifier:when:confidence:deviceName:deviceIdentifier:deviceType:] (null) UASuggestedActionType=0 (null)/(null) opts=(null) when=2017-07-08 14:29:50 +0000 confidence=1 from=(null)/(null) (UABestAppSuggestionManager.m #319)
Jul  8 07:30:15 calvisitor-10-105-162-124 secd[276]:  SOSAccountThisDeviceCanSyncWithCircle sync with device failure: Error Domain=com.apple.security.sos.error Code=1035 "Account identity not set" UserInfo={NSDescription=Account identity not set}
